[0.053s] DEBUG:colcon:Command line arguments: ['/usr/bin/colcon', 'build']
[0.053s] DEBUG:colcon:Parsed command line arguments: Namespace(log_base=None, log_level=None, verb_name='build', build_base='build', install_base='install', merge_install=False, symlink_install=False, test_result_base=None, continue_on_error=False, executor='parallel', parallel_workers=24, event_handlers=None, ignore_user_meta=False, metas=['./colcon.meta'], base_paths=['.'], packages_ignore=None, packages_ignore_regex=None, paths=None, packages_up_to=None, packages_up_to_regex=None, packages_above=None, packages_above_and_dependencies=None, packages_above_depth=None, packages_select_by_dep=None, packages_skip_by_dep=None, packages_skip_up_to=None, packages_select_build_failed=False, packages_skip_build_finished=False, packages_select_test_failures=False, packages_skip_test_passed=False, packages_select=None, packages_skip=None, packages_select_regex=None, packages_skip_regex=None, packages_start=None, packages_end=None, cmake_args=None, cmake_target=None, cmake_target_skip_unavailable=False, cmake_clean_cache=False, cmake_clean_first=False, cmake_force_configure=False, ament_cmake_args=None, catkin_cmake_args=None, catkin_skip_building_tests=False, mixin_files=None, mixin=None, verb_parser=<colcon_mixin.mixin.mixin_argument.MixinArgumentDecorator object at 0x786b6e0138c0>, verb_extension=<colcon_core.verb.build.BuildVerb object at 0x786b6e12bda0>, main=<bound method BuildVerb.main of <colcon_core.verb.build.BuildVerb object at 0x786b6e12bda0>>, mixin_verb=('build',))
[0.071s] Level 1:colcon.colcon_core.package_discovery:discover_packages(colcon_meta) check parameters
[0.071s] Level 1:colcon.colcon_core.package_discovery:discover_packages(recursive) check parameters
[0.071s] Level 1:colcon.colcon_core.package_discovery:discover_packages(ignore) check parameters
[0.071s] Level 1:colcon.colcon_core.package_discovery:discover_packages(path) check parameters
[0.071s] Level 1:colcon.colcon_core.package_discovery:discover_packages(colcon_meta) discover
[0.071s] Level 1:colcon.colcon_core.package_discovery:discover_packages(recursive) discover
[0.071s] INFO:colcon.colcon_core.package_discovery:Crawling recursively for packages in '/workspaces/workspaces/Christiano_Roboto/ainex_project'
[0.071s] Level 1:colcon.colcon_core.package_identification:_identify(.) by extensions ['ignore', 'ignore_ament_install']
[0.071s] Level 1:colcon.colcon_core.package_identification:_identify(.) by extension 'ignore'
[0.071s] Level 1:colcon.colcon_core.package_identification:_identify(.) by extension 'ignore_ament_install'
[0.071s] Level 1:colcon.colcon_core.package_identification:_identify(.) by extensions ['colcon_pkg']
[0.071s] Level 1:colcon.colcon_core.package_identification:_identify(.) by extension 'colcon_pkg'
[0.071s] Level 1:colcon.colcon_core.package_identification:_identify(.) by extensions ['colcon_meta']
[0.071s] Level 1:colcon.colcon_core.package_identification:_identify(.) by extension 'colcon_meta'
[0.071s] Level 1:colcon.colcon_core.package_identification:_identify(.) by extensions ['ros']
[0.071s] Level 1:colcon.colcon_core.package_identification:_identify(.) by extension 'ros'
[0.083s] Level 1:colcon.colcon_core.package_identification:_identify(.) by extensions ['cmake', 'python']
[0.083s] Level 1:colcon.colcon_core.package_identification:_identify(.) by extension 'cmake'
[0.083s] Level 1:colcon.colcon_core.package_identification:_identify(.) by extension 'python'
[0.083s] Level 1:colcon.colcon_core.package_identification:_identify(.) by extensions ['python_setup_py']
[0.084s] Level 1:colcon.colcon_core.package_identification:_identify(.) by extension 'python_setup_py'
[0.084s] Level 1:colcon.colcon_core.package_identification:_identify(build) by extensions ['ignore', 'ignore_ament_install']
[0.084s] Level 1:colcon.colcon_core.package_identification:_identify(build) by extension 'ignore'
[0.084s] Level 1:colcon.colcon_core.package_identification:_identify(build) ignored
[0.084s] Level 1:colcon.colcon_core.package_identification:_identify(install) by extensions ['ignore', 'ignore_ament_install']
[0.084s] Level 1:colcon.colcon_core.package_identification:_identify(install) by extension 'ignore'
[0.084s] Level 1:colcon.colcon_core.package_identification:_identify(install) ignored
[0.084s] Level 1:colcon.colcon_core.package_identification:_identify(log) by extensions ['ignore', 'ignore_ament_install']
[0.084s] Level 1:colcon.colcon_core.package_identification:_identify(log) by extension 'ignore'
[0.084s] Level 1:colcon.colcon_core.package_identification:_identify(log) ignored
[0.084s] Level 1:colcon.colcon_core.package_identification:_identify(src) by extensions ['ignore', 'ignore_ament_install']
[0.084s] Level 1:colcon.colcon_core.package_identification:_identify(src) by extension 'ignore'
[0.084s] Level 1:colcon.colcon_core.package_identification:_identify(src) by extension 'ignore_ament_install'
[0.084s] Level 1:colcon.colcon_core.package_identification:_identify(src) by extensions ['colcon_pkg']
[0.084s] Level 1:colcon.colcon_core.package_identification:_identify(src) by extension 'colcon_pkg'
[0.084s] Level 1:colcon.colcon_core.package_identification:_identify(src) by extensions ['colcon_meta']
[0.084s] Level 1:colcon.colcon_core.package_identification:_identify(src) by extension 'colcon_meta'
[0.084s] Level 1:colcon.colcon_core.package_identification:_identify(src) by extensions ['ros']
[0.084s] Level 1:colcon.colcon_core.package_identification:_identify(src) by extension 'ros'
[0.084s] Level 1:colcon.colcon_core.package_identification:_identify(src) by extensions ['cmake', 'python']
[0.084s] Level 1:colcon.colcon_core.package_identification:_identify(src) by extension 'cmake'
[0.084s] Level 1:colcon.colcon_core.package_identification:_identify(src) by extension 'python'
[0.084s] Level 1:colcon.colcon_core.package_identification:_identify(src) by extensions ['python_setup_py']
[0.084s] Level 1:colcon.colcon_core.package_identification:_identify(src) by extension 'python_setup_py'
[0.084s] Level 1:colcon.colcon_core.package_identification:_identify(src/ainex_description) by extensions ['ignore', 'ignore_ament_install']
[0.084s] Level 1:colcon.colcon_core.package_identification:_identify(src/ainex_description) by extension 'ignore'
[0.084s] Level 1:colcon.colcon_core.package_identification:_identify(src/ainex_description) by extension 'ignore_ament_install'
[0.084s] Level 1:colcon.colcon_core.package_identification:_identify(src/ainex_description) by extensions ['colcon_pkg']
[0.084s] Level 1:colcon.colcon_core.package_identification:_identify(src/ainex_description) by extension 'colcon_pkg'
[0.084s] Level 1:colcon.colcon_core.package_identification:_identify(src/ainex_description) by extensions ['colcon_meta']
[0.084s] Level 1:colcon.colcon_core.package_identification:_identify(src/ainex_description) by extension 'colcon_meta'
[0.084s] Level 1:colcon.colcon_core.package_identification:_identify(src/ainex_description) by extensions ['ros']
[0.084s] Level 1:colcon.colcon_core.package_identification:_identify(src/ainex_description) by extension 'ros'
[0.086s] DEBUG:colcon.colcon_core.package_identification:Package 'src/ainex_description' with type 'ros.ament_cmake' and name 'ainex_description'
[0.086s] Level 1:colcon.colcon_core.package_identification:_identify(src/simulator) by extensions ['ignore', 'ignore_ament_install']
[0.086s] Level 1:colcon.colcon_core.package_identification:_identify(src/simulator) by extension 'ignore'
[0.086s] Level 1:colcon.colcon_core.package_identification:_identify(src/simulator) by extension 'ignore_ament_install'
[0.086s] Level 1:colcon.colcon_core.package_identification:_identify(src/simulator) by extensions ['colcon_pkg']
[0.086s] Level 1:colcon.colcon_core.package_identification:_identify(src/simulator) by extension 'colcon_pkg'
[0.086s] Level 1:colcon.colcon_core.package_identification:_identify(src/simulator) by extensions ['colcon_meta']
[0.086s] Level 1:colcon.colcon_core.package_identification:_identify(src/simulator) by extension 'colcon_meta'
[0.086s] Level 1:colcon.colcon_core.package_identification:_identify(src/simulator) by extensions ['ros']
[0.086s] Level 1:colcon.colcon_core.package_identification:_identify(src/simulator) by extension 'ros'
[0.086s] DEBUG:colcon.colcon_core.package_identification:Package 'src/simulator' with type 'ros.ament_python' and name 'simulator'
[0.086s] Level 1:colcon.colcon_core.package_identification:_identify(src/whole_body_control) by extensions ['ignore', 'ignore_ament_install']
[0.086s] Level 1:colcon.colcon_core.package_identification:_identify(src/whole_body_control) by extension 'ignore'
[0.086s] Level 1:colcon.colcon_core.package_identification:_identify(src/whole_body_control) by extension 'ignore_ament_install'
[0.086s] Level 1:colcon.colcon_core.package_identification:_identify(src/whole_body_control) by extensions ['colcon_pkg']
[0.086s] Level 1:colcon.colcon_core.package_identification:_identify(src/whole_body_control) by extension 'colcon_pkg'
[0.086s] Level 1:colcon.colcon_core.package_identification:_identify(src/whole_body_control) by extensions ['colcon_meta']
[0.086s] Level 1:colcon.colcon_core.package_identification:_identify(src/whole_body_control) by extension 'colcon_meta'
[0.086s] Level 1:colcon.colcon_core.package_identification:_identify(src/whole_body_control) by extensions ['ros']
[0.086s] Level 1:colcon.colcon_core.package_identification:_identify(src/whole_body_control) by extension 'ros'
[0.087s] DEBUG:colcon.colcon_core.package_identification:Package 'src/whole_body_control' with type 'ros.ament_python' and name 'whole_body_control'
[0.087s] Level 1:colcon.colcon_core.package_discovery:discover_packages(recursive) using defaults
[0.087s] Level 1:colcon.colcon_core.package_discovery:discover_packages(ignore) discover
[0.087s] Level 1:colcon.colcon_core.package_discovery:discover_packages(ignore) using defaults
[0.087s] Level 1:colcon.colcon_core.package_discovery:discover_packages(path) discover
[0.087s] Level 1:colcon.colcon_core.package_discovery:discover_packages(path) using defaults
[0.095s] Level 5:colcon.colcon_core.verb:set package 'ainex_description' build argument 'cmake_args' from command line to 'None'
[0.095s] Level 5:colcon.colcon_core.verb:set package 'ainex_description' build argument 'cmake_target' from command line to 'None'
[0.095s] Level 5:colcon.colcon_core.verb:set package 'ainex_description' build argument 'cmake_target_skip_unavailable' from command line to 'False'
[0.095s] Level 5:colcon.colcon_core.verb:set package 'ainex_description' build argument 'cmake_clean_cache' from command line to 'False'
[0.095s] Level 5:colcon.colcon_core.verb:set package 'ainex_description' build argument 'cmake_clean_first' from command line to 'False'
[0.095s] Level 5:colcon.colcon_core.verb:set package 'ainex_description' build argument 'cmake_force_configure' from command line to 'False'
[0.095s] Level 5:colcon.colcon_core.verb:set package 'ainex_description' build argument 'ament_cmake_args' from command line to 'None'
[0.095s] Level 5:colcon.colcon_core.verb:set package 'ainex_description' build argument 'catkin_cmake_args' from command line to 'None'
[0.095s] Level 5:colcon.colcon_core.verb:set package 'ainex_description' build argument 'catkin_skip_building_tests' from command line to 'False'
[0.095s] DEBUG:colcon.colcon_core.verb:Building package 'ainex_description' with the following arguments: {'ament_cmake_args': None, 'build_base': '/workspaces/workspaces/Christiano_Roboto/ainex_project/build/ainex_description', 'catkin_cmake_args': None, 'catkin_skip_building_tests': False, 'cmake_args': None, 'cmake_clean_cache': False, 'cmake_clean_first': False, 'cmake_force_configure': False, 'cmake_target': None, 'cmake_target_skip_unavailable': False, 'install_base': '/workspaces/workspaces/Christiano_Roboto/ainex_project/install/ainex_description', 'merge_install': False, 'path': '/workspaces/workspaces/Christiano_Roboto/ainex_project/src/ainex_description', 'symlink_install': False, 'test_result_base': None}
[0.095s] Level 5:colcon.colcon_core.verb:set package 'simulator' build argument 'cmake_args' from command line to 'None'
[0.096s] Level 5:colcon.colcon_core.verb:set package 'simulator' build argument 'cmake_target' from command line to 'None'
[0.096s] Level 5:colcon.colcon_core.verb:set package 'simulator' build argument 'cmake_target_skip_unavailable' from command line to 'False'
[0.096s] Level 5:colcon.colcon_core.verb:set package 'simulator' build argument 'cmake_clean_cache' from command line to 'False'
[0.096s] Level 5:colcon.colcon_core.verb:set package 'simulator' build argument 'cmake_clean_first' from command line to 'False'
[0.096s] Level 5:colcon.colcon_core.verb:set package 'simulator' build argument 'cmake_force_configure' from command line to 'False'
[0.096s] Level 5:colcon.colcon_core.verb:set package 'simulator' build argument 'ament_cmake_args' from command line to 'None'
[0.096s] Level 5:colcon.colcon_core.verb:set package 'simulator' build argument 'catkin_cmake_args' from command line to 'None'
[0.096s] Level 5:colcon.colcon_core.verb:set package 'simulator' build argument 'catkin_skip_building_tests' from command line to 'False'
[0.096s] DEBUG:colcon.colcon_core.verb:Building package 'simulator' with the following arguments: {'ament_cmake_args': None, 'build_base': '/workspaces/workspaces/Christiano_Roboto/ainex_project/build/simulator', 'catkin_cmake_args': None, 'catkin_skip_building_tests': False, 'cmake_args': None, 'cmake_clean_cache': False, 'cmake_clean_first': False, 'cmake_force_configure': False, 'cmake_target': None, 'cmake_target_skip_unavailable': False, 'install_base': '/workspaces/workspaces/Christiano_Roboto/ainex_project/install/simulator', 'merge_install': False, 'path': '/workspaces/workspaces/Christiano_Roboto/ainex_project/src/simulator', 'symlink_install': False, 'test_result_base': None}
[0.096s] Level 5:colcon.colcon_core.verb:set package 'whole_body_control' build argument 'cmake_args' from command line to 'None'
[0.096s] Level 5:colcon.colcon_core.verb:set package 'whole_body_control' build argument 'cmake_target' from command line to 'None'
[0.096s] Level 5:colcon.colcon_core.verb:set package 'whole_body_control' build argument 'cmake_target_skip_unavailable' from command line to 'False'
[0.096s] Level 5:colcon.colcon_core.verb:set package 'whole_body_control' build argument 'cmake_clean_cache' from command line to 'False'
[0.096s] Level 5:colcon.colcon_core.verb:set package 'whole_body_control' build argument 'cmake_clean_first' from command line to 'False'
[0.096s] Level 5:colcon.colcon_core.verb:set package 'whole_body_control' build argument 'cmake_force_configure' from command line to 'False'
[0.096s] Level 5:colcon.colcon_core.verb:set package 'whole_body_control' build argument 'ament_cmake_args' from command line to 'None'
[0.096s] Level 5:colcon.colcon_core.verb:set package 'whole_body_control' build argument 'catkin_cmake_args' from command line to 'None'
[0.096s] Level 5:colcon.colcon_core.verb:set package 'whole_body_control' build argument 'catkin_skip_building_tests' from command line to 'False'
[0.096s] DEBUG:colcon.colcon_core.verb:Building package 'whole_body_control' with the following arguments: {'ament_cmake_args': None, 'build_base': '/workspaces/workspaces/Christiano_Roboto/ainex_project/build/whole_body_control', 'catkin_cmake_args': None, 'catkin_skip_building_tests': False, 'cmake_args': None, 'cmake_clean_cache': False, 'cmake_clean_first': False, 'cmake_force_configure': False, 'cmake_target': None, 'cmake_target_skip_unavailable': False, 'install_base': '/workspaces/workspaces/Christiano_Roboto/ainex_project/install/whole_body_control', 'merge_install': False, 'path': '/workspaces/workspaces/Christiano_Roboto/ainex_project/src/whole_body_control', 'symlink_install': False, 'test_result_base': None}
[0.096s] INFO:colcon.colcon_core.executor:Executing jobs using 'parallel' executor
[0.096s] DEBUG:colcon.colcon_parallel_executor.executor.parallel:run_until_complete
[0.097s] INFO:colcon.colcon_ros.task.ament_python.build:Building ROS package in '/workspaces/workspaces/Christiano_Roboto/ainex_project/src/simulator' with build type 'ament_python'
[0.097s] Level 1:colcon.colcon_core.shell:create_environment_hook('simulator', 'ament_prefix_path')
[0.098s] INFO:colcon.colcon_core.plugin_system:Skipping extension 'colcon_core.shell.bat': Not used on non-Windows systems
[0.098s] INFO:colcon.colcon_core.shell:Creating environment hook '/workspaces/workspaces/Christiano_Roboto/ainex_project/install/simulator/share/simulator/hook/ament_prefix_path.ps1'
[0.098s] INFO:colcon.colcon_core.shell:Creating environment descriptor '/workspaces/workspaces/Christiano_Roboto/ainex_project/install/simulator/share/simulator/hook/ament_prefix_path.dsv'
[0.098s] INFO:colcon.colcon_core.shell:Creating environment hook '/workspaces/workspaces/Christiano_Roboto/ainex_project/install/simulator/share/simulator/hook/ament_prefix_path.sh'
[0.099s] INFO:colcon.colcon_core.shell:Skip shell extension 'powershell' for command environment: Not usable outside of PowerShell
[0.099s] DEBUG:colcon.colcon_core.shell:Skip shell extension 'dsv' for command environment
[0.101s] INFO:colcon.colcon_ros.task.ament_cmake.build:Building ROS package in '/workspaces/workspaces/Christiano_Roboto/ainex_project/src/ainex_description' with build type 'ament_cmake'
[0.101s] INFO:colcon.colcon_cmake.task.cmake.build:Building CMake package in '/workspaces/workspaces/Christiano_Roboto/ainex_project/src/ainex_description'
[0.101s] INFO:colcon.colcon_core.shell:Skip shell extension 'powershell' for command environment: Not usable outside of PowerShell
[0.101s] DEBUG:colcon.colcon_core.shell:Skip shell extension 'dsv' for command environment
[0.211s] INFO:colcon.colcon_core.task.python.build:Building Python package in '/workspaces/workspaces/Christiano_Roboto/ainex_project/src/simulator'
[0.211s] INFO:colcon.colcon_core.shell:Skip shell extension 'powershell' for command environment: Not usable outside of PowerShell
[0.211s] DEBUG:colcon.colcon_core.shell:Skip shell extension 'dsv' for command environment
[0.217s] DEBUG:colcon.colcon_core.event_handler.log_command:Invoking command in '/workspaces/workspaces/Christiano_Roboto/ainex_project/build/ainex_description': CMAKE_PREFIX_PATH=${CMAKE_PREFIX_PATH}:/workspaces/workspaces/Christiano_Roboto/ainex_project/install/whole_body_control:/workspaces/workspaces/Christiano_Roboto/ainex_project/install/simulator:/opt/ros/rolling /usr/bin/cmake --build /workspaces/workspaces/Christiano_Roboto/ainex_project/build/ainex_description -- -j24 -l24
[0.251s] DEBUG:colcon.colcon_core.event_handler.log_command:Invoked command in '/workspaces/workspaces/Christiano_Roboto/ainex_project/build/ainex_description' returned '0': CMAKE_PREFIX_PATH=${CMAKE_PREFIX_PATH}:/workspaces/workspaces/Christiano_Roboto/ainex_project/install/whole_body_control:/workspaces/workspaces/Christiano_Roboto/ainex_project/install/simulator:/opt/ros/rolling /usr/bin/cmake --build /workspaces/workspaces/Christiano_Roboto/ainex_project/build/ainex_description -- -j24 -l24
[0.258s] DEBUG:colcon.colcon_core.event_handler.log_command:Invoking command in '/workspaces/workspaces/Christiano_Roboto/ainex_project/build/ainex_description': CMAKE_PREFIX_PATH=${CMAKE_PREFIX_PATH}:/workspaces/workspaces/Christiano_Roboto/ainex_project/install/whole_body_control:/workspaces/workspaces/Christiano_Roboto/ainex_project/install/simulator:/opt/ros/rolling /usr/bin/cmake --install /workspaces/workspaces/Christiano_Roboto/ainex_project/build/ainex_description
[0.265s] Level 1:colcon.colcon_core.environment:create_environment_scripts_only(ainex_description)
[0.265s] DEBUG:colcon.colcon_core.event_handler.log_command:Invoked command in '/workspaces/workspaces/Christiano_Roboto/ainex_project/build/ainex_description' returned '0': CMAKE_PREFIX_PATH=${CMAKE_PREFIX_PATH}:/workspaces/workspaces/Christiano_Roboto/ainex_project/install/whole_body_control:/workspaces/workspaces/Christiano_Roboto/ainex_project/install/simulator:/opt/ros/rolling /usr/bin/cmake --install /workspaces/workspaces/Christiano_Roboto/ainex_project/build/ainex_description
[0.266s] Level 1:colcon.colcon_core.environment:checking '/workspaces/workspaces/Christiano_Roboto/ainex_project/install/ainex_description' for CMake module files
[0.267s] Level 1:colcon.colcon_core.environment:checking '/workspaces/workspaces/Christiano_Roboto/ainex_project/install/ainex_description' for CMake config files
[0.267s] Level 1:colcon.colcon_core.shell:create_environment_hook('ainex_description', 'cmake_prefix_path')
[0.267s] INFO:colcon.colcon_core.shell:Creating environment hook '/workspaces/workspaces/Christiano_Roboto/ainex_project/install/ainex_description/share/ainex_description/hook/cmake_prefix_path.ps1'
[0.267s] INFO:colcon.colcon_core.shell:Creating environment descriptor '/workspaces/workspaces/Christiano_Roboto/ainex_project/install/ainex_description/share/ainex_description/hook/cmake_prefix_path.dsv'
[0.267s] INFO:colcon.colcon_core.shell:Creating environment hook '/workspaces/workspaces/Christiano_Roboto/ainex_project/install/ainex_description/share/ainex_description/hook/cmake_prefix_path.sh'
[0.268s] Level 1:colcon.colcon_core.environment:checking '/workspaces/workspaces/Christiano_Roboto/ainex_project/install/ainex_description/bin'
[0.268s] Level 1:colcon.colcon_core.environment:checking '/workspaces/workspaces/Christiano_Roboto/ainex_project/install/ainex_description/lib/pkgconfig/ainex_description.pc'
[0.268s] Level 1:colcon.colcon_core.environment:checking '/workspaces/workspaces/Christiano_Roboto/ainex_project/install/ainex_description/lib/python3.12/site-packages'
[0.268s] Level 1:colcon.colcon_core.environment:checking '/workspaces/workspaces/Christiano_Roboto/ainex_project/install/ainex_description/bin'
[0.268s] INFO:colcon.colcon_core.shell:Creating package script '/workspaces/workspaces/Christiano_Roboto/ainex_project/install/ainex_description/share/ainex_description/package.ps1'
[0.268s] INFO:colcon.colcon_core.shell:Creating package descriptor '/workspaces/workspaces/Christiano_Roboto/ainex_project/install/ainex_description/share/ainex_description/package.dsv'
[0.269s] INFO:colcon.colcon_core.shell:Creating package script '/workspaces/workspaces/Christiano_Roboto/ainex_project/install/ainex_description/share/ainex_description/package.sh'
[0.269s] INFO:colcon.colcon_core.shell:Creating package script '/workspaces/workspaces/Christiano_Roboto/ainex_project/install/ainex_description/share/ainex_description/package.bash'
[0.269s] INFO:colcon.colcon_core.shell:Creating package script '/workspaces/workspaces/Christiano_Roboto/ainex_project/install/ainex_description/share/ainex_description/package.zsh'
[0.270s] Level 1:colcon.colcon_core.environment:create_file_with_runtime_dependencies(/workspaces/workspaces/Christiano_Roboto/ainex_project/install/ainex_description/share/colcon-core/packages/ainex_description)
[0.270s] Level 1:colcon.colcon_core.environment:create_environment_scripts_only(ainex_description)
[0.270s] Level 1:colcon.colcon_core.environment:checking '/workspaces/workspaces/Christiano_Roboto/ainex_project/install/ainex_description' for CMake module files
[0.270s] Level 1:colcon.colcon_core.environment:checking '/workspaces/workspaces/Christiano_Roboto/ainex_project/install/ainex_description' for CMake config files
[0.271s] Level 1:colcon.colcon_core.shell:create_environment_hook('ainex_description', 'cmake_prefix_path')
[0.271s] INFO:colcon.colcon_core.shell:Creating environment hook '/workspaces/workspaces/Christiano_Roboto/ainex_project/install/ainex_description/share/ainex_description/hook/cmake_prefix_path.ps1'
[0.271s] INFO:colcon.colcon_core.shell:Creating environment descriptor '/workspaces/workspaces/Christiano_Roboto/ainex_project/install/ainex_description/share/ainex_description/hook/cmake_prefix_path.dsv'
[0.271s] INFO:colcon.colcon_core.shell:Creating environment hook '/workspaces/workspaces/Christiano_Roboto/ainex_project/install/ainex_description/share/ainex_description/hook/cmake_prefix_path.sh'
[0.272s] Level 1:colcon.colcon_core.environment:checking '/workspaces/workspaces/Christiano_Roboto/ainex_project/install/ainex_description/bin'
[0.272s] Level 1:colcon.colcon_core.environment:checking '/workspaces/workspaces/Christiano_Roboto/ainex_project/install/ainex_description/lib/pkgconfig/ainex_description.pc'
[0.272s] Level 1:colcon.colcon_core.environment:checking '/workspaces/workspaces/Christiano_Roboto/ainex_project/install/ainex_description/lib/python3.12/site-packages'
[0.272s] Level 1:colcon.colcon_core.environment:checking '/workspaces/workspaces/Christiano_Roboto/ainex_project/install/ainex_description/bin'
[0.272s] INFO:colcon.colcon_core.shell:Creating package script '/workspaces/workspaces/Christiano_Roboto/ainex_project/install/ainex_description/share/ainex_description/package.ps1'
[0.272s] INFO:colcon.colcon_core.shell:Creating package descriptor '/workspaces/workspaces/Christiano_Roboto/ainex_project/install/ainex_description/share/ainex_description/package.dsv'
[0.273s] INFO:colcon.colcon_core.shell:Creating package script '/workspaces/workspaces/Christiano_Roboto/ainex_project/install/ainex_description/share/ainex_description/package.sh'
[0.273s] INFO:colcon.colcon_core.shell:Creating package script '/workspaces/workspaces/Christiano_Roboto/ainex_project/install/ainex_description/share/ainex_description/package.bash'
[0.273s] INFO:colcon.colcon_core.shell:Creating package script '/workspaces/workspaces/Christiano_Roboto/ainex_project/install/ainex_description/share/ainex_description/package.zsh'
[0.274s] Level 1:colcon.colcon_core.environment:create_file_with_runtime_dependencies(/workspaces/workspaces/Christiano_Roboto/ainex_project/install/ainex_description/share/colcon-core/packages/ainex_description)
[0.484s] DEBUG:colcon.colcon_core.event_handler.log_command:Invoking command in '/workspaces/workspaces/Christiano_Roboto/ainex_project/src/simulator': PYTHONPATH=/workspaces/workspaces/Christiano_Roboto/ainex_project/build/simulator/prefix_override:/usr/lib/python3/dist-packages/colcon_core/task/python/colcon_distutils_commands:/workspaces/workspaces/Christiano_Roboto/ainex_project/install/simulator/lib/python3.12/site-packages:${PYTHONPATH} /usr/bin/python3 -W ignore:setup.py install is deprecated -W ignore:easy_install command is deprecated setup.py egg_info --egg-base ../../build/simulator build --build-base /workspaces/workspaces/Christiano_Roboto/ainex_project/build/simulator/build install --record /workspaces/workspaces/Christiano_Roboto/ainex_project/build/simulator/install.log --single-version-externally-managed install_data
[1.032s] Level 1:colcon.colcon_core.environment:checking '/workspaces/workspaces/Christiano_Roboto/ainex_project/install/simulator' for CMake module files
[1.032s] DEBUG:colcon.colcon_core.event_handler.log_command:Invoked command in '/workspaces/workspaces/Christiano_Roboto/ainex_project/src/simulator' returned '0': PYTHONPATH=/workspaces/workspaces/Christiano_Roboto/ainex_project/build/simulator/prefix_override:/usr/lib/python3/dist-packages/colcon_core/task/python/colcon_distutils_commands:/workspaces/workspaces/Christiano_Roboto/ainex_project/install/simulator/lib/python3.12/site-packages:${PYTHONPATH} /usr/bin/python3 -W ignore:setup.py install is deprecated -W ignore:easy_install command is deprecated setup.py egg_info --egg-base ../../build/simulator build --build-base /workspaces/workspaces/Christiano_Roboto/ainex_project/build/simulator/build install --record /workspaces/workspaces/Christiano_Roboto/ainex_project/build/simulator/install.log --single-version-externally-managed install_data
[1.032s] Level 1:colcon.colcon_core.environment:checking '/workspaces/workspaces/Christiano_Roboto/ainex_project/install/simulator' for CMake config files
[1.032s] Level 1:colcon.colcon_core.environment:checking '/workspaces/workspaces/Christiano_Roboto/ainex_project/install/simulator/lib'
[1.033s] Level 1:colcon.colcon_core.environment:checking '/workspaces/workspaces/Christiano_Roboto/ainex_project/install/simulator/bin'
[1.033s] Level 1:colcon.colcon_core.environment:checking '/workspaces/workspaces/Christiano_Roboto/ainex_project/install/simulator/lib/pkgconfig/simulator.pc'
[1.033s] Level 1:colcon.colcon_core.environment:checking '/workspaces/workspaces/Christiano_Roboto/ainex_project/install/simulator/lib/python3.12/site-packages'
[1.033s] Level 1:colcon.colcon_core.shell:create_environment_hook('simulator', 'pythonpath')
[1.033s] INFO:colcon.colcon_core.shell:Creating environment hook '/workspaces/workspaces/Christiano_Roboto/ainex_project/install/simulator/share/simulator/hook/pythonpath.ps1'
[1.033s] INFO:colcon.colcon_core.shell:Creating environment descriptor '/workspaces/workspaces/Christiano_Roboto/ainex_project/install/simulator/share/simulator/hook/pythonpath.dsv'
[1.033s] INFO:colcon.colcon_core.shell:Creating environment hook '/workspaces/workspaces/Christiano_Roboto/ainex_project/install/simulator/share/simulator/hook/pythonpath.sh'
[1.034s] Level 1:colcon.colcon_core.environment:checking '/workspaces/workspaces/Christiano_Roboto/ainex_project/install/simulator/bin'
[1.034s] Level 1:colcon.colcon_core.environment:create_environment_scripts_only(simulator)
[1.034s] INFO:colcon.colcon_core.shell:Creating package script '/workspaces/workspaces/Christiano_Roboto/ainex_project/install/simulator/share/simulator/package.ps1'
[1.034s] INFO:colcon.colcon_core.shell:Creating package descriptor '/workspaces/workspaces/Christiano_Roboto/ainex_project/install/simulator/share/simulator/package.dsv'
[1.034s] INFO:colcon.colcon_core.shell:Creating package script '/workspaces/workspaces/Christiano_Roboto/ainex_project/install/simulator/share/simulator/package.sh'
[1.034s] INFO:colcon.colcon_core.shell:Creating package script '/workspaces/workspaces/Christiano_Roboto/ainex_project/install/simulator/share/simulator/package.bash'
[1.035s] INFO:colcon.colcon_core.shell:Creating package script '/workspaces/workspaces/Christiano_Roboto/ainex_project/install/simulator/share/simulator/package.zsh'
[1.035s] Level 1:colcon.colcon_core.environment:create_file_with_runtime_dependencies(/workspaces/workspaces/Christiano_Roboto/ainex_project/install/simulator/share/colcon-core/packages/simulator)
[1.035s] INFO:colcon.colcon_ros.task.ament_python.build:Building ROS package in '/workspaces/workspaces/Christiano_Roboto/ainex_project/src/whole_body_control' with build type 'ament_python'
[1.035s] Level 1:colcon.colcon_core.shell:create_environment_hook('whole_body_control', 'ament_prefix_path')
[1.035s] INFO:colcon.colcon_core.shell:Creating environment hook '/workspaces/workspaces/Christiano_Roboto/ainex_project/install/whole_body_control/share/whole_body_control/hook/ament_prefix_path.ps1'
[1.035s] INFO:colcon.colcon_core.shell:Creating environment descriptor '/workspaces/workspaces/Christiano_Roboto/ainex_project/install/whole_body_control/share/whole_body_control/hook/ament_prefix_path.dsv'
[1.036s] INFO:colcon.colcon_core.shell:Creating environment hook '/workspaces/workspaces/Christiano_Roboto/ainex_project/install/whole_body_control/share/whole_body_control/hook/ament_prefix_path.sh'
[1.036s] INFO:colcon.colcon_core.shell:Skip shell extension 'powershell' for command environment: Not usable outside of PowerShell
[1.036s] DEBUG:colcon.colcon_core.shell:Skip shell extension 'dsv' for command environment
[1.146s] INFO:colcon.colcon_core.task.python.build:Building Python package in '/workspaces/workspaces/Christiano_Roboto/ainex_project/src/whole_body_control'
[1.147s] INFO:colcon.colcon_core.shell:Skip shell extension 'powershell' for command environment: Not usable outside of PowerShell
[1.147s] DEBUG:colcon.colcon_core.shell:Skip shell extension 'dsv' for command environment
[1.410s] DEBUG:colcon.colcon_core.event_handler.log_command:Invoking command in '/workspaces/workspaces/Christiano_Roboto/ainex_project/src/whole_body_control': AMENT_PREFIX_PATH=/workspaces/workspaces/Christiano_Roboto/ainex_project/install/simulator:/workspaces/workspaces/Christiano_Roboto/ainex_project/install/whole_body_control:/workspaces/workspaces/Christiano_Roboto/ainex_project/install/ainex_description:/opt/ros/rolling PYTHONPATH=/workspaces/workspaces/Christiano_Roboto/ainex_project/build/whole_body_control/prefix_override:/usr/lib/python3/dist-packages/colcon_core/task/python/colcon_distutils_commands:/workspaces/workspaces/Christiano_Roboto/ainex_project/install/whole_body_control/lib/python3.12/site-packages:/workspaces/workspaces/Christiano_Roboto/ainex_project/install/simulator/lib/python3.12/site-packages:/workspaces/workspaces/Christiano_Roboto/ainex_project/install/whole_body_control/lib/python3.12/site-packages:/opt/openrobots/lib/python3.12/site-packages:/opt/openrobots/lib/python3.12/site-packages:/opt/ros/rolling/lib/python3.12/site-packages /usr/bin/python3 -W ignore:setup.py install is deprecated -W ignore:easy_install command is deprecated setup.py egg_info --egg-base ../../build/whole_body_control build --build-base /workspaces/workspaces/Christiano_Roboto/ainex_project/build/whole_body_control/build install --record /workspaces/workspaces/Christiano_Roboto/ainex_project/build/whole_body_control/install.log --single-version-externally-managed install_data
[1.955s] Level 1:colcon.colcon_core.environment:checking '/workspaces/workspaces/Christiano_Roboto/ainex_project/install/whole_body_control' for CMake module files
[1.956s] DEBUG:colcon.colcon_core.event_handler.log_command:Invoked command in '/workspaces/workspaces/Christiano_Roboto/ainex_project/src/whole_body_control' returned '0': AMENT_PREFIX_PATH=/workspaces/workspaces/Christiano_Roboto/ainex_project/install/simulator:/workspaces/workspaces/Christiano_Roboto/ainex_project/install/whole_body_control:/workspaces/workspaces/Christiano_Roboto/ainex_project/install/ainex_description:/opt/ros/rolling PYTHONPATH=/workspaces/workspaces/Christiano_Roboto/ainex_project/build/whole_body_control/prefix_override:/usr/lib/python3/dist-packages/colcon_core/task/python/colcon_distutils_commands:/workspaces/workspaces/Christiano_Roboto/ainex_project/install/whole_body_control/lib/python3.12/site-packages:/workspaces/workspaces/Christiano_Roboto/ainex_project/install/simulator/lib/python3.12/site-packages:/workspaces/workspaces/Christiano_Roboto/ainex_project/install/whole_body_control/lib/python3.12/site-packages:/opt/openrobots/lib/python3.12/site-packages:/opt/openrobots/lib/python3.12/site-packages:/opt/ros/rolling/lib/python3.12/site-packages /usr/bin/python3 -W ignore:setup.py install is deprecated -W ignore:easy_install command is deprecated setup.py egg_info --egg-base ../../build/whole_body_control build --build-base /workspaces/workspaces/Christiano_Roboto/ainex_project/build/whole_body_control/build install --record /workspaces/workspaces/Christiano_Roboto/ainex_project/build/whole_body_control/install.log --single-version-externally-managed install_data
[1.956s] Level 1:colcon.colcon_core.environment:checking '/workspaces/workspaces/Christiano_Roboto/ainex_project/install/whole_body_control' for CMake config files
[1.956s] Level 1:colcon.colcon_core.environment:checking '/workspaces/workspaces/Christiano_Roboto/ainex_project/install/whole_body_control/lib'
[1.956s] Level 1:colcon.colcon_core.environment:checking '/workspaces/workspaces/Christiano_Roboto/ainex_project/install/whole_body_control/bin'
[1.956s] Level 1:colcon.colcon_core.environment:checking '/workspaces/workspaces/Christiano_Roboto/ainex_project/install/whole_body_control/lib/pkgconfig/whole_body_control.pc'
[1.956s] Level 1:colcon.colcon_core.environment:checking '/workspaces/workspaces/Christiano_Roboto/ainex_project/install/whole_body_control/lib/python3.12/site-packages'
[1.956s] Level 1:colcon.colcon_core.shell:create_environment_hook('whole_body_control', 'pythonpath')
[1.957s] INFO:colcon.colcon_core.shell:Creating environment hook '/workspaces/workspaces/Christiano_Roboto/ainex_project/install/whole_body_control/share/whole_body_control/hook/pythonpath.ps1'
[1.957s] INFO:colcon.colcon_core.shell:Creating environment descriptor '/workspaces/workspaces/Christiano_Roboto/ainex_project/install/whole_body_control/share/whole_body_control/hook/pythonpath.dsv'
[1.957s] INFO:colcon.colcon_core.shell:Creating environment hook '/workspaces/workspaces/Christiano_Roboto/ainex_project/install/whole_body_control/share/whole_body_control/hook/pythonpath.sh'
[1.957s] Level 1:colcon.colcon_core.environment:checking '/workspaces/workspaces/Christiano_Roboto/ainex_project/install/whole_body_control/bin'
[1.957s] Level 1:colcon.colcon_core.environment:create_environment_scripts_only(whole_body_control)
[1.957s] INFO:colcon.colcon_core.shell:Creating package script '/workspaces/workspaces/Christiano_Roboto/ainex_project/install/whole_body_control/share/whole_body_control/package.ps1'
[1.958s] INFO:colcon.colcon_core.shell:Creating package descriptor '/workspaces/workspaces/Christiano_Roboto/ainex_project/install/whole_body_control/share/whole_body_control/package.dsv'
[1.958s] INFO:colcon.colcon_core.shell:Creating package script '/workspaces/workspaces/Christiano_Roboto/ainex_project/install/whole_body_control/share/whole_body_control/package.sh'
[1.958s] INFO:colcon.colcon_core.shell:Creating package script '/workspaces/workspaces/Christiano_Roboto/ainex_project/install/whole_body_control/share/whole_body_control/package.bash'
[1.958s] INFO:colcon.colcon_core.shell:Creating package script '/workspaces/workspaces/Christiano_Roboto/ainex_project/install/whole_body_control/share/whole_body_control/package.zsh'
[1.958s] Level 1:colcon.colcon_core.environment:create_file_with_runtime_dependencies(/workspaces/workspaces/Christiano_Roboto/ainex_project/install/whole_body_control/share/colcon-core/packages/whole_body_control)
[1.959s] DEBUG:colcon.colcon_parallel_executor.executor.parallel:closing loop
[1.959s] DEBUG:colcon.colcon_parallel_executor.executor.parallel:loop closed
[1.959s] DEBUG:colcon.colcon_parallel_executor.executor.parallel:run_until_complete finished with '0'
[1.959s] DEBUG:colcon.colcon_core.event_reactor:joining thread
[1.963s] INFO:colcon.colcon_core.plugin_system:Skipping extension 'colcon_notification.desktop_notification.notify_send': Could not find 'notify-send'
[1.963s] INFO:colcon.colcon_core.plugin_system:Skipping extension 'colcon_notification.desktop_notification.terminal_notifier': Not used on non-Darwin systems
[1.963s] INFO:colcon.colcon_core.plugin_system:Skipping extension 'colcon_notification.desktop_notification.win32': Not used on non-Windows systems
[1.963s] INFO:colcon.colcon_notification.desktop_notification:Sending desktop notification using 'notify2'
[1.963s] DEBUG:colcon.colcon_notification.desktop_notification.notify2:Failed to initialize notify2: org.freedesktop.DBus.Error.InvalidFileContent: D-Bus library appears to be incorrectly set up: see the manual page for dbus-uuidgen to correct this issue. (Failed to open "/var/lib/dbus/machine-id": No such file or directory; UUID file '/etc/machine-id' should contain a hex string of length 32, not length 0, with no other text)
[1.963s] DEBUG:colcon.colcon_core.event_reactor:joined thread
[1.963s] INFO:colcon.colcon_core.shell:Creating prefix script '/workspaces/workspaces/Christiano_Roboto/ainex_project/install/local_setup.ps1'
[1.964s] INFO:colcon.colcon_core.shell:Creating prefix util module '/workspaces/workspaces/Christiano_Roboto/ainex_project/install/_local_setup_util_ps1.py'
[1.964s] INFO:colcon.colcon_core.shell:Creating prefix chain script '/workspaces/workspaces/Christiano_Roboto/ainex_project/install/setup.ps1'
[1.965s] INFO:colcon.colcon_core.shell:Creating prefix script '/workspaces/workspaces/Christiano_Roboto/ainex_project/install/local_setup.sh'
[1.966s] INFO:colcon.colcon_core.shell:Creating prefix util module '/workspaces/workspaces/Christiano_Roboto/ainex_project/install/_local_setup_util_sh.py'
[1.966s] INFO:colcon.colcon_core.shell:Creating prefix chain script '/workspaces/workspaces/Christiano_Roboto/ainex_project/install/setup.sh'
[1.967s] INFO:colcon.colcon_core.shell:Creating prefix script '/workspaces/workspaces/Christiano_Roboto/ainex_project/install/local_setup.bash'
[1.967s] INFO:colcon.colcon_core.shell:Creating prefix chain script '/workspaces/workspaces/Christiano_Roboto/ainex_project/install/setup.bash'
[1.968s] INFO:colcon.colcon_core.shell:Creating prefix script '/workspaces/workspaces/Christiano_Roboto/ainex_project/install/local_setup.zsh'
[1.968s] INFO:colcon.colcon_core.shell:Creating prefix chain script '/workspaces/workspaces/Christiano_Roboto/ainex_project/install/setup.zsh'
