[0.015s] Invoking command in '/home/devel/ros_ws_t7/build/simulator': CMAKE_PREFIX_PATH=${CMAKE_PREFIX_PATH}:/home/devel/ros_ws_t5/install/bullet_sims:/home/devel/ros_ws_t5/install/ros_visuals:/home/devel/ros_ws_t5/install/interactiveMarkerNode:/home/devel/ros_ws_t7/install/bullet_sims:/home/devel/ros_ws_t7/install/ros_visuals:/home/devel/ros_ws_t7/install/interactiveMarkerNode:/opt/ros/rolling PS1=\[\e]0;\u@\h: \w\a\]${debian_chroot:+($debian_chroot)}\[\033[01;32m\]\u@\h\[\033[00m\]:\[\033[01;34m\]\w\[\033[00m\]\$ /usr/bin/cmake /home/devel/ros_ws_t7/src/simulator -DCMAKE_INSTALL_PREFIX=/home/devel/ros_ws_t7/install/simulator
[0.159s] -- The C compiler identification is GNU 13.3.0
[0.240s] -- The CXX compiler identification is GNU 13.3.0
[0.254s] -- Detecting C compiler ABI info
[0.312s] -- Detecting C compiler ABI info - done
[0.317s] -- Check for working C compiler: /usr/bin/cc - skipped
[0.317s] -- Detecting C compile features
[0.319s] -- Detecting C compile features - done
[0.325s] -- Detecting CXX compiler ABI info
[0.395s] -- Detecting CXX compiler ABI info - done
[0.401s] -- Check for working CXX compiler: /usr/bin/c++ - skipped
[0.401s] -- Detecting CXX compile features
[0.401s] -- Detecting CXX compile features - done
[0.404s] -- Found ament_cmake: 2.7.2 (/opt/ros/rolling/share/ament_cmake/cmake)
[0.501s] -- Found Python3: /home/devel/env/bin/python3 (found version "3.12.3") found components: Interpreter 
[0.636s] Traceback (most recent call last):
[0.636s]   File "/opt/ros/rolling/share/ament_cmake_core/cmake/core/package_xml_2_cmake.py", line 22, in <module>
[0.636s]     from catkin_pkg.package import parse_package_string
[0.636s] ModuleNotFoundError: No module named 'catkin_pkg'
[0.639s] [31mCMake Error at /opt/ros/rolling/share/ament_cmake_core/cmake/core/ament_package_xml.cmake:95 (message):
[0.639s]   execute_process(/home/devel/env/bin/python3
[0.639s]   /opt/ros/rolling/share/ament_cmake_core/cmake/core/package_xml_2_cmake.py
[0.639s]   /home/devel/ros_ws_t7/src/simulator/package.xml
[0.639s]   /home/devel/ros_ws_t7/build/simulator/ament_cmake_core/package.cmake)
[0.639s]   returned error code 1
[0.639s] Call Stack (most recent call first):
[0.639s]   /opt/ros/rolling/share/ament_cmake_core/cmake/core/ament_package_xml.cmake:49 (_ament_package_xml)
[0.640s]   /opt/ros/rolling/share/ament_cmake_python/cmake/ament_python_install_package.cmake:60 (ament_package_xml)
[0.640s]   /opt/ros/rolling/share/ament_cmake_python/cmake/ament_python_install_package.cmake:39 (_ament_cmake_python_install_package)
[0.640s]   CMakeLists.txt:7 (ament_python_install_package)
[0.640s] 
[0.640s] [0m
[0.640s] -- Configuring incomplete, errors occurred!
