[0.135s] DEBUG:colcon:Command line arguments: ['/usr/bin/colcon', 'build']
[0.135s] DEBUG:colcon:Parsed command line arguments: Namespace(log_base=None, log_level=None, verb_name='build', build_base='build', install_base='install', merge_install=False, symlink_install=False, test_result_base=None, continue_on_error=False, executor='parallel', parallel_workers=24, event_handlers=None, ignore_user_meta=False, metas=['./colcon.meta'], base_paths=['.'], packages_ignore=None, packages_ignore_regex=None, paths=None, packages_up_to=None, packages_up_to_regex=None, packages_above=None, packages_above_and_dependencies=None, packages_above_depth=None, packages_select_by_dep=None, packages_skip_by_dep=None, packages_skip_up_to=None, packages_select_build_failed=False, packages_skip_build_finished=False, packages_select_test_failures=False, packages_skip_test_passed=False, packages_select=None, packages_skip=None, packages_select_regex=None, packages_skip_regex=None, packages_start=None, packages_end=None, cmake_args=None, cmake_target=None, cmake_target_skip_unavailable=False, cmake_clean_cache=False, cmake_clean_first=False, cmake_force_configure=False, ament_cmake_args=None, catkin_cmake_args=None, catkin_skip_building_tests=False, mixin_files=None, mixin=None, verb_parser=<colcon_mixin.mixin.mixin_argument.MixinArgumentDecorator object at 0x7a1f7984b4d0>, verb_extension=<colcon_core.verb.build.BuildVerb object at 0x7a1f7996bcb0>, main=<bound method BuildVerb.main of <colcon_core.verb.build.BuildVerb object at 0x7a1f7996bcb0>>, mixin_verb=('build',))
[0.167s] Level 1:colcon.colcon_core.package_discovery:discover_packages(colcon_meta) check parameters
[0.168s] Level 1:colcon.colcon_core.package_discovery:discover_packages(recursive) check parameters
[0.168s] Level 1:colcon.colcon_core.package_discovery:discover_packages(ignore) check parameters
[0.168s] Level 1:colcon.colcon_core.package_discovery:discover_packages(path) check parameters
[0.168s] Level 1:colcon.colcon_core.package_discovery:discover_packages(colcon_meta) discover
[0.168s] Level 1:colcon.colcon_core.package_discovery:discover_packages(recursive) discover
[0.168s] INFO:colcon.colcon_core.package_discovery:Crawling recursively for packages in '/workspaces/workspaces/Christiano_Roboto/ainex_project'
[0.168s] Level 1:colcon.colcon_core.package_identification:_identify(.) by extensions ['ignore', 'ignore_ament_install']
[0.168s] Level 1:colcon.colcon_core.package_identification:_identify(.) by extension 'ignore'
[0.168s] Level 1:colcon.colcon_core.package_identification:_identify(.) by extension 'ignore_ament_install'
[0.168s] Level 1:colcon.colcon_core.package_identification:_identify(.) by extensions ['colcon_pkg']
[0.168s] Level 1:colcon.colcon_core.package_identification:_identify(.) by extension 'colcon_pkg'
[0.168s] Level 1:colcon.colcon_core.package_identification:_identify(.) by extensions ['colcon_meta']
[0.168s] Level 1:colcon.colcon_core.package_identification:_identify(.) by extension 'colcon_meta'
[0.168s] Level 1:colcon.colcon_core.package_identification:_identify(.) by extensions ['ros']
[0.168s] Level 1:colcon.colcon_core.package_identification:_identify(.) by extension 'ros'
[0.184s] Level 1:colcon.colcon_core.package_identification:_identify(.) by extensions ['cmake', 'python']
[0.184s] Level 1:colcon.colcon_core.package_identification:_identify(.) by extension 'cmake'
[0.184s] Level 1:colcon.colcon_core.package_identification:_identify(.) by extension 'python'
[0.184s] Level 1:colcon.colcon_core.package_identification:_identify(.) by extensions ['python_setup_py']
[0.184s] Level 1:colcon.colcon_core.package_identification:_identify(.) by extension 'python_setup_py'
[0.184s] Level 1:colcon.colcon_core.package_identification:_identify(build) by extensions ['ignore', 'ignore_ament_install']
[0.184s] Level 1:colcon.colcon_core.package_identification:_identify(build) by extension 'ignore'
[0.184s] Level 1:colcon.colcon_core.package_identification:_identify(build) ignored
[0.184s] Level 1:colcon.colcon_core.package_identification:_identify(install) by extensions ['ignore', 'ignore_ament_install']
[0.184s] Level 1:colcon.colcon_core.package_identification:_identify(install) by extension 'ignore'
[0.185s] Level 1:colcon.colcon_core.package_identification:_identify(install) ignored
[0.185s] Level 1:colcon.colcon_core.package_identification:_identify(log) by extensions ['ignore', 'ignore_ament_install']
[0.185s] Level 1:colcon.colcon_core.package_identification:_identify(log) by extension 'ignore'
[0.185s] Level 1:colcon.colcon_core.package_identification:_identify(log) ignored
[0.185s] Level 1:colcon.colcon_core.package_identification:_identify(src) by extensions ['ignore', 'ignore_ament_install']
[0.185s] Level 1:colcon.colcon_core.package_identification:_identify(src) by extension 'ignore'
[0.185s] Level 1:colcon.colcon_core.package_identification:_identify(src) by extension 'ignore_ament_install'
[0.185s] Level 1:colcon.colcon_core.package_identification:_identify(src) by extensions ['colcon_pkg']
[0.185s] Level 1:colcon.colcon_core.package_identification:_identify(src) by extension 'colcon_pkg'
[0.185s] Level 1:colcon.colcon_core.package_identification:_identify(src) by extensions ['colcon_meta']
[0.185s] Level 1:colcon.colcon_core.package_identification:_identify(src) by extension 'colcon_meta'
[0.185s] Level 1:colcon.colcon_core.package_identification:_identify(src) by extensions ['ros']
[0.185s] Level 1:colcon.colcon_core.package_identification:_identify(src) by extension 'ros'
[0.185s] Level 1:colcon.colcon_core.package_identification:_identify(src) by extensions ['cmake', 'python']
[0.185s] Level 1:colcon.colcon_core.package_identification:_identify(src) by extension 'cmake'
[0.185s] Level 1:colcon.colcon_core.package_identification:_identify(src) by extension 'python'
[0.185s] Level 1:colcon.colcon_core.package_identification:_identify(src) by extensions ['python_setup_py']
[0.185s] Level 1:colcon.colcon_core.package_identification:_identify(src) by extension 'python_setup_py'
[0.185s] Level 1:colcon.colcon_core.package_identification:_identify(src/ainex_description) by extensions ['ignore', 'ignore_ament_install']
[0.185s] Level 1:colcon.colcon_core.package_identification:_identify(src/ainex_description) by extension 'ignore'
[0.185s] Level 1:colcon.colcon_core.package_identification:_identify(src/ainex_description) by extension 'ignore_ament_install'
[0.185s] Level 1:colcon.colcon_core.package_identification:_identify(src/ainex_description) by extensions ['colcon_pkg']
[0.185s] Level 1:colcon.colcon_core.package_identification:_identify(src/ainex_description) by extension 'colcon_pkg'
[0.185s] Level 1:colcon.colcon_core.package_identification:_identify(src/ainex_description) by extensions ['colcon_meta']
[0.185s] Level 1:colcon.colcon_core.package_identification:_identify(src/ainex_description) by extension 'colcon_meta'
[0.185s] Level 1:colcon.colcon_core.package_identification:_identify(src/ainex_description) by extensions ['ros']
[0.185s] Level 1:colcon.colcon_core.package_identification:_identify(src/ainex_description) by extension 'ros'
[0.187s] DEBUG:colcon.colcon_core.package_identification:Package 'src/ainex_description' with type 'ros.ament_cmake' and name 'ainex_description'
[0.187s] Level 1:colcon.colcon_core.package_identification:_identify(src/simulator) by extensions ['ignore', 'ignore_ament_install']
[0.187s] Level 1:colcon.colcon_core.package_identification:_identify(src/simulator) by extension 'ignore'
[0.187s] Level 1:colcon.colcon_core.package_identification:_identify(src/simulator) by extension 'ignore_ament_install'
[0.187s] Level 1:colcon.colcon_core.package_identification:_identify(src/simulator) by extensions ['colcon_pkg']
[0.187s] Level 1:colcon.colcon_core.package_identification:_identify(src/simulator) by extension 'colcon_pkg'
[0.187s] Level 1:colcon.colcon_core.package_identification:_identify(src/simulator) by extensions ['colcon_meta']
[0.187s] Level 1:colcon.colcon_core.package_identification:_identify(src/simulator) by extension 'colcon_meta'
[0.187s] Level 1:colcon.colcon_core.package_identification:_identify(src/simulator) by extensions ['ros']
[0.187s] Level 1:colcon.colcon_core.package_identification:_identify(src/simulator) by extension 'ros'
[0.187s] DEBUG:colcon.colcon_core.package_identification:Package 'src/simulator' with type 'ros.ament_python' and name 'simulator'
[0.187s] Level 1:colcon.colcon_core.package_identification:_identify(src/whole_body_control) by extensions ['ignore', 'ignore_ament_install']
[0.187s] Level 1:colcon.colcon_core.package_identification:_identify(src/whole_body_control) by extension 'ignore'
[0.188s] Level 1:colcon.colcon_core.package_identification:_identify(src/whole_body_control) by extension 'ignore_ament_install'
[0.188s] Level 1:colcon.colcon_core.package_identification:_identify(src/whole_body_control) by extensions ['colcon_pkg']
[0.188s] Level 1:colcon.colcon_core.package_identification:_identify(src/whole_body_control) by extension 'colcon_pkg'
[0.188s] Level 1:colcon.colcon_core.package_identification:_identify(src/whole_body_control) by extensions ['colcon_meta']
[0.188s] Level 1:colcon.colcon_core.package_identification:_identify(src/whole_body_control) by extension 'colcon_meta'
[0.188s] Level 1:colcon.colcon_core.package_identification:_identify(src/whole_body_control) by extensions ['ros']
[0.188s] Level 1:colcon.colcon_core.package_identification:_identify(src/whole_body_control) by extension 'ros'
[0.188s] DEBUG:colcon.colcon_core.package_identification:Package 'src/whole_body_control' with type 'ros.ament_python' and name 'whole_body_control'
[0.188s] Level 1:colcon.colcon_core.package_discovery:discover_packages(recursive) using defaults
[0.188s] Level 1:colcon.colcon_core.package_discovery:discover_packages(ignore) discover
[0.188s] Level 1:colcon.colcon_core.package_discovery:discover_packages(ignore) using defaults
[0.188s] Level 1:colcon.colcon_core.package_discovery:discover_packages(path) discover
[0.188s] Level 1:colcon.colcon_core.package_discovery:discover_packages(path) using defaults
[0.201s] Level 5:colcon.colcon_core.verb:set package 'ainex_description' build argument 'cmake_args' from command line to 'None'
[0.201s] Level 5:colcon.colcon_core.verb:set package 'ainex_description' build argument 'cmake_target' from command line to 'None'
[0.201s] Level 5:colcon.colcon_core.verb:set package 'ainex_description' build argument 'cmake_target_skip_unavailable' from command line to 'False'
[0.201s] Level 5:colcon.colcon_core.verb:set package 'ainex_description' build argument 'cmake_clean_cache' from command line to 'False'
[0.201s] Level 5:colcon.colcon_core.verb:set package 'ainex_description' build argument 'cmake_clean_first' from command line to 'False'
[0.201s] Level 5:colcon.colcon_core.verb:set package 'ainex_description' build argument 'cmake_force_configure' from command line to 'False'
[0.201s] Level 5:colcon.colcon_core.verb:set package 'ainex_description' build argument 'ament_cmake_args' from command line to 'None'
[0.201s] Level 5:colcon.colcon_core.verb:set package 'ainex_description' build argument 'catkin_cmake_args' from command line to 'None'
[0.201s] Level 5:colcon.colcon_core.verb:set package 'ainex_description' build argument 'catkin_skip_building_tests' from command line to 'False'
[0.201s] DEBUG:colcon.colcon_core.verb:Building package 'ainex_description' with the following arguments: {'ament_cmake_args': None, 'build_base': '/workspaces/workspaces/Christiano_Roboto/ainex_project/build/ainex_description', 'catkin_cmake_args': None, 'catkin_skip_building_tests': False, 'cmake_args': None, 'cmake_clean_cache': False, 'cmake_clean_first': False, 'cmake_force_configure': False, 'cmake_target': None, 'cmake_target_skip_unavailable': False, 'install_base': '/workspaces/workspaces/Christiano_Roboto/ainex_project/install/ainex_description', 'merge_install': False, 'path': '/workspaces/workspaces/Christiano_Roboto/ainex_project/src/ainex_description', 'symlink_install': False, 'test_result_base': None}
[0.201s] Level 5:colcon.colcon_core.verb:set package 'simulator' build argument 'cmake_args' from command line to 'None'
[0.201s] Level 5:colcon.colcon_core.verb:set package 'simulator' build argument 'cmake_target' from command line to 'None'
[0.201s] Level 5:colcon.colcon_core.verb:set package 'simulator' build argument 'cmake_target_skip_unavailable' from command line to 'False'
[0.201s] Level 5:colcon.colcon_core.verb:set package 'simulator' build argument 'cmake_clean_cache' from command line to 'False'
[0.201s] Level 5:colcon.colcon_core.verb:set package 'simulator' build argument 'cmake_clean_first' from command line to 'False'
[0.201s] Level 5:colcon.colcon_core.verb:set package 'simulator' build argument 'cmake_force_configure' from command line to 'False'
[0.201s] Level 5:colcon.colcon_core.verb:set package 'simulator' build argument 'ament_cmake_args' from command line to 'None'
[0.201s] Level 5:colcon.colcon_core.verb:set package 'simulator' build argument 'catkin_cmake_args' from command line to 'None'
[0.201s] Level 5:colcon.colcon_core.verb:set package 'simulator' build argument 'catkin_skip_building_tests' from command line to 'False'
[0.201s] DEBUG:colcon.colcon_core.verb:Building package 'simulator' with the following arguments: {'ament_cmake_args': None, 'build_base': '/workspaces/workspaces/Christiano_Roboto/ainex_project/build/simulator', 'catkin_cmake_args': None, 'catkin_skip_building_tests': False, 'cmake_args': None, 'cmake_clean_cache': False, 'cmake_clean_first': False, 'cmake_force_configure': False, 'cmake_target': None, 'cmake_target_skip_unavailable': False, 'install_base': '/workspaces/workspaces/Christiano_Roboto/ainex_project/install/simulator', 'merge_install': False, 'path': '/workspaces/workspaces/Christiano_Roboto/ainex_project/src/simulator', 'symlink_install': False, 'test_result_base': None}
[0.201s] Level 5:colcon.colcon_core.verb:set package 'whole_body_control' build argument 'cmake_args' from command line to 'None'
[0.201s] Level 5:colcon.colcon_core.verb:set package 'whole_body_control' build argument 'cmake_target' from command line to 'None'
[0.201s] Level 5:colcon.colcon_core.verb:set package 'whole_body_control' build argument 'cmake_target_skip_unavailable' from command line to 'False'
[0.201s] Level 5:colcon.colcon_core.verb:set package 'whole_body_control' build argument 'cmake_clean_cache' from command line to 'False'
[0.201s] Level 5:colcon.colcon_core.verb:set package 'whole_body_control' build argument 'cmake_clean_first' from command line to 'False'
[0.201s] Level 5:colcon.colcon_core.verb:set package 'whole_body_control' build argument 'cmake_force_configure' from command line to 'False'
[0.201s] Level 5:colcon.colcon_core.verb:set package 'whole_body_control' build argument 'ament_cmake_args' from command line to 'None'
[0.201s] Level 5:colcon.colcon_core.verb:set package 'whole_body_control' build argument 'catkin_cmake_args' from command line to 'None'
[0.201s] Level 5:colcon.colcon_core.verb:set package 'whole_body_control' build argument 'catkin_skip_building_tests' from command line to 'False'
[0.201s] DEBUG:colcon.colcon_core.verb:Building package 'whole_body_control' with the following arguments: {'ament_cmake_args': None, 'build_base': '/workspaces/workspaces/Christiano_Roboto/ainex_project/build/whole_body_control', 'catkin_cmake_args': None, 'catkin_skip_building_tests': False, 'cmake_args': None, 'cmake_clean_cache': False, 'cmake_clean_first': False, 'cmake_force_configure': False, 'cmake_target': None, 'cmake_target_skip_unavailable': False, 'install_base': '/workspaces/workspaces/Christiano_Roboto/ainex_project/install/whole_body_control', 'merge_install': False, 'path': '/workspaces/workspaces/Christiano_Roboto/ainex_project/src/whole_body_control', 'symlink_install': False, 'test_result_base': None}
[0.201s] INFO:colcon.colcon_core.executor:Executing jobs using 'parallel' executor
[0.202s] DEBUG:colcon.colcon_parallel_executor.executor.parallel:run_until_complete
[0.202s] INFO:colcon.colcon_ros.task.ament_python.build:Building ROS package in '/workspaces/workspaces/Christiano_Roboto/ainex_project/src/simulator' with build type 'ament_python'
[0.202s] Level 1:colcon.colcon_core.shell:create_environment_hook('simulator', 'ament_prefix_path')
[0.204s] INFO:colcon.colcon_core.plugin_system:Skipping extension 'colcon_core.shell.bat': Not used on non-Windows systems
[0.204s] INFO:colcon.colcon_core.shell:Creating environment hook '/workspaces/workspaces/Christiano_Roboto/ainex_project/install/simulator/share/simulator/hook/ament_prefix_path.ps1'
[0.205s] INFO:colcon.colcon_core.shell:Creating environment descriptor '/workspaces/workspaces/Christiano_Roboto/ainex_project/install/simulator/share/simulator/hook/ament_prefix_path.dsv'
[0.205s] INFO:colcon.colcon_core.shell:Creating environment hook '/workspaces/workspaces/Christiano_Roboto/ainex_project/install/simulator/share/simulator/hook/ament_prefix_path.sh'
[0.206s] INFO:colcon.colcon_core.shell:Skip shell extension 'powershell' for command environment: Not usable outside of PowerShell
[0.206s] DEBUG:colcon.colcon_core.shell:Skip shell extension 'dsv' for command environment
[0.209s] INFO:colcon.colcon_ros.task.ament_cmake.build:Building ROS package in '/workspaces/workspaces/Christiano_Roboto/ainex_project/src/ainex_description' with build type 'ament_cmake'
[0.209s] INFO:colcon.colcon_cmake.task.cmake.build:Building CMake package in '/workspaces/workspaces/Christiano_Roboto/ainex_project/src/ainex_description'
[0.209s] INFO:colcon.colcon_core.shell:Skip shell extension 'powershell' for command environment: Not usable outside of PowerShell
[0.209s] DEBUG:colcon.colcon_core.shell:Skip shell extension 'dsv' for command environment
[0.321s] INFO:colcon.colcon_core.task.python.build:Building Python package in '/workspaces/workspaces/Christiano_Roboto/ainex_project/src/simulator'
[0.322s] INFO:colcon.colcon_core.shell:Skip shell extension 'powershell' for command environment: Not usable outside of PowerShell
[0.322s] DEBUG:colcon.colcon_core.shell:Skip shell extension 'dsv' for command environment
[0.327s] DEBUG:colcon.colcon_core.event_handler.log_command:Invoking command in '/workspaces/workspaces/Christiano_Roboto/ainex_project/build/ainex_description': CMAKE_PREFIX_PATH=${CMAKE_PREFIX_PATH}:/opt/ros/rolling /usr/bin/cmake --build /workspaces/workspaces/Christiano_Roboto/ainex_project/build/ainex_description -- -j24 -l24
[0.369s] DEBUG:colcon.colcon_core.event_handler.log_command:Invoked command in '/workspaces/workspaces/Christiano_Roboto/ainex_project/build/ainex_description' returned '0': CMAKE_PREFIX_PATH=${CMAKE_PREFIX_PATH}:/opt/ros/rolling /usr/bin/cmake --build /workspaces/workspaces/Christiano_Roboto/ainex_project/build/ainex_description -- -j24 -l24
[0.374s] DEBUG:colcon.colcon_core.event_handler.log_command:Invoking command in '/workspaces/workspaces/Christiano_Roboto/ainex_project/build/ainex_description': CMAKE_PREFIX_PATH=${CMAKE_PREFIX_PATH}:/opt/ros/rolling /usr/bin/cmake --install /workspaces/workspaces/Christiano_Roboto/ainex_project/build/ainex_description
[0.382s] Level 1:colcon.colcon_core.environment:create_environment_scripts_only(ainex_description)
[0.383s] DEBUG:colcon.colcon_core.event_handler.log_command:Invoked command in '/workspaces/workspaces/Christiano_Roboto/ainex_project/build/ainex_description' returned '0': CMAKE_PREFIX_PATH=${CMAKE_PREFIX_PATH}:/opt/ros/rolling /usr/bin/cmake --install /workspaces/workspaces/Christiano_Roboto/ainex_project/build/ainex_description
[0.385s] Level 1:colcon.colcon_core.environment:checking '/workspaces/workspaces/Christiano_Roboto/ainex_project/install/ainex_description' for CMake module files
[0.386s] Level 1:colcon.colcon_core.environment:checking '/workspaces/workspaces/Christiano_Roboto/ainex_project/install/ainex_description' for CMake config files
[0.386s] Level 1:colcon.colcon_core.shell:create_environment_hook('ainex_description', 'cmake_prefix_path')
[0.386s] INFO:colcon.colcon_core.shell:Creating environment hook '/workspaces/workspaces/Christiano_Roboto/ainex_project/install/ainex_description/share/ainex_description/hook/cmake_prefix_path.ps1'
[0.386s] INFO:colcon.colcon_core.shell:Creating environment descriptor '/workspaces/workspaces/Christiano_Roboto/ainex_project/install/ainex_description/share/ainex_description/hook/cmake_prefix_path.dsv'
[0.386s] INFO:colcon.colcon_core.shell:Creating environment hook '/workspaces/workspaces/Christiano_Roboto/ainex_project/install/ainex_description/share/ainex_description/hook/cmake_prefix_path.sh'
[0.387s] Level 1:colcon.colcon_core.environment:checking '/workspaces/workspaces/Christiano_Roboto/ainex_project/install/ainex_description/bin'
[0.387s] Level 1:colcon.colcon_core.environment:checking '/workspaces/workspaces/Christiano_Roboto/ainex_project/install/ainex_description/lib/pkgconfig/ainex_description.pc'
[0.387s] Level 1:colcon.colcon_core.environment:checking '/workspaces/workspaces/Christiano_Roboto/ainex_project/install/ainex_description/lib/python3.12/site-packages'
[0.387s] Level 1:colcon.colcon_core.environment:checking '/workspaces/workspaces/Christiano_Roboto/ainex_project/install/ainex_description/bin'
[0.387s] INFO:colcon.colcon_core.shell:Creating package script '/workspaces/workspaces/Christiano_Roboto/ainex_project/install/ainex_description/share/ainex_description/package.ps1'
[0.387s] INFO:colcon.colcon_core.shell:Creating package descriptor '/workspaces/workspaces/Christiano_Roboto/ainex_project/install/ainex_description/share/ainex_description/package.dsv'
[0.388s] INFO:colcon.colcon_core.shell:Creating package script '/workspaces/workspaces/Christiano_Roboto/ainex_project/install/ainex_description/share/ainex_description/package.sh'
[0.388s] INFO:colcon.colcon_core.shell:Creating package script '/workspaces/workspaces/Christiano_Roboto/ainex_project/install/ainex_description/share/ainex_description/package.bash'
[0.389s] INFO:colcon.colcon_core.shell:Creating package script '/workspaces/workspaces/Christiano_Roboto/ainex_project/install/ainex_description/share/ainex_description/package.zsh'
[0.389s] Level 1:colcon.colcon_core.environment:create_file_with_runtime_dependencies(/workspaces/workspaces/Christiano_Roboto/ainex_project/install/ainex_description/share/colcon-core/packages/ainex_description)
[0.390s] Level 1:colcon.colcon_core.environment:create_environment_scripts_only(ainex_description)
[0.390s] Level 1:colcon.colcon_core.environment:checking '/workspaces/workspaces/Christiano_Roboto/ainex_project/install/ainex_description' for CMake module files
[0.390s] Level 1:colcon.colcon_core.environment:checking '/workspaces/workspaces/Christiano_Roboto/ainex_project/install/ainex_description' for CMake config files
[0.390s] Level 1:colcon.colcon_core.shell:create_environment_hook('ainex_description', 'cmake_prefix_path')
[0.390s] INFO:colcon.colcon_core.shell:Creating environment hook '/workspaces/workspaces/Christiano_Roboto/ainex_project/install/ainex_description/share/ainex_description/hook/cmake_prefix_path.ps1'
[0.390s] INFO:colcon.colcon_core.shell:Creating environment descriptor '/workspaces/workspaces/Christiano_Roboto/ainex_project/install/ainex_description/share/ainex_description/hook/cmake_prefix_path.dsv'
[0.391s] INFO:colcon.colcon_core.shell:Creating environment hook '/workspaces/workspaces/Christiano_Roboto/ainex_project/install/ainex_description/share/ainex_description/hook/cmake_prefix_path.sh'
[0.391s] Level 1:colcon.colcon_core.environment:checking '/workspaces/workspaces/Christiano_Roboto/ainex_project/install/ainex_description/bin'
[0.391s] Level 1:colcon.colcon_core.environment:checking '/workspaces/workspaces/Christiano_Roboto/ainex_project/install/ainex_description/lib/pkgconfig/ainex_description.pc'
[0.391s] Level 1:colcon.colcon_core.environment:checking '/workspaces/workspaces/Christiano_Roboto/ainex_project/install/ainex_description/lib/python3.12/site-packages'
[0.391s] Level 1:colcon.colcon_core.environment:checking '/workspaces/workspaces/Christiano_Roboto/ainex_project/install/ainex_description/bin'
[0.391s] INFO:colcon.colcon_core.shell:Creating package script '/workspaces/workspaces/Christiano_Roboto/ainex_project/install/ainex_description/share/ainex_description/package.ps1'
[0.392s] INFO:colcon.colcon_core.shell:Creating package descriptor '/workspaces/workspaces/Christiano_Roboto/ainex_project/install/ainex_description/share/ainex_description/package.dsv'
[0.392s] INFO:colcon.colcon_core.shell:Creating package script '/workspaces/workspaces/Christiano_Roboto/ainex_project/install/ainex_description/share/ainex_description/package.sh'
[0.392s] INFO:colcon.colcon_core.shell:Creating package script '/workspaces/workspaces/Christiano_Roboto/ainex_project/install/ainex_description/share/ainex_description/package.bash'
[0.393s] INFO:colcon.colcon_core.shell:Creating package script '/workspaces/workspaces/Christiano_Roboto/ainex_project/install/ainex_description/share/ainex_description/package.zsh'
[0.393s] Level 1:colcon.colcon_core.environment:create_file_with_runtime_dependencies(/workspaces/workspaces/Christiano_Roboto/ainex_project/install/ainex_description/share/colcon-core/packages/ainex_description)
[0.647s] DEBUG:colcon.colcon_core.event_handler.log_command:Invoking command in '/workspaces/workspaces/Christiano_Roboto/ainex_project/src/simulator': PYTHONPATH=/workspaces/workspaces/Christiano_Roboto/ainex_project/build/simulator/prefix_override:/usr/lib/python3/dist-packages/colcon_core/task/python/colcon_distutils_commands:/workspaces/workspaces/Christiano_Roboto/ainex_project/install/simulator/lib/python3.12/site-packages:${PYTHONPATH} /usr/bin/python3 -W ignore:setup.py install is deprecated -W ignore:easy_install command is deprecated setup.py egg_info --egg-base ../../build/simulator build --build-base /workspaces/workspaces/Christiano_Roboto/ainex_project/build/simulator/build install --record /workspaces/workspaces/Christiano_Roboto/ainex_project/build/simulator/install.log --single-version-externally-managed install_data
[1.238s] Level 1:colcon.colcon_core.environment:checking '/workspaces/workspaces/Christiano_Roboto/ainex_project/install/simulator' for CMake module files
[1.238s] DEBUG:colcon.colcon_core.event_handler.log_command:Invoked command in '/workspaces/workspaces/Christiano_Roboto/ainex_project/src/simulator' returned '0': PYTHONPATH=/workspaces/workspaces/Christiano_Roboto/ainex_project/build/simulator/prefix_override:/usr/lib/python3/dist-packages/colcon_core/task/python/colcon_distutils_commands:/workspaces/workspaces/Christiano_Roboto/ainex_project/install/simulator/lib/python3.12/site-packages:${PYTHONPATH} /usr/bin/python3 -W ignore:setup.py install is deprecated -W ignore:easy_install command is deprecated setup.py egg_info --egg-base ../../build/simulator build --build-base /workspaces/workspaces/Christiano_Roboto/ainex_project/build/simulator/build install --record /workspaces/workspaces/Christiano_Roboto/ainex_project/build/simulator/install.log --single-version-externally-managed install_data
[1.238s] Level 1:colcon.colcon_core.environment:checking '/workspaces/workspaces/Christiano_Roboto/ainex_project/install/simulator' for CMake config files
[1.239s] Level 1:colcon.colcon_core.environment:checking '/workspaces/workspaces/Christiano_Roboto/ainex_project/install/simulator/lib'
[1.239s] Level 1:colcon.colcon_core.environment:checking '/workspaces/workspaces/Christiano_Roboto/ainex_project/install/simulator/bin'
[1.239s] Level 1:colcon.colcon_core.environment:checking '/workspaces/workspaces/Christiano_Roboto/ainex_project/install/simulator/lib/pkgconfig/simulator.pc'
[1.239s] Level 1:colcon.colcon_core.environment:checking '/workspaces/workspaces/Christiano_Roboto/ainex_project/install/simulator/lib/python3.12/site-packages'
[1.239s] Level 1:colcon.colcon_core.shell:create_environment_hook('simulator', 'pythonpath')
[1.239s] INFO:colcon.colcon_core.shell:Creating environment hook '/workspaces/workspaces/Christiano_Roboto/ainex_project/install/simulator/share/simulator/hook/pythonpath.ps1'
[1.239s] INFO:colcon.colcon_core.shell:Creating environment descriptor '/workspaces/workspaces/Christiano_Roboto/ainex_project/install/simulator/share/simulator/hook/pythonpath.dsv'
[1.240s] INFO:colcon.colcon_core.shell:Creating environment hook '/workspaces/workspaces/Christiano_Roboto/ainex_project/install/simulator/share/simulator/hook/pythonpath.sh'
[1.240s] Level 1:colcon.colcon_core.environment:checking '/workspaces/workspaces/Christiano_Roboto/ainex_project/install/simulator/bin'
[1.240s] Level 1:colcon.colcon_core.environment:create_environment_scripts_only(simulator)
[1.240s] INFO:colcon.colcon_core.shell:Creating package script '/workspaces/workspaces/Christiano_Roboto/ainex_project/install/simulator/share/simulator/package.ps1'
[1.240s] INFO:colcon.colcon_core.shell:Creating package descriptor '/workspaces/workspaces/Christiano_Roboto/ainex_project/install/simulator/share/simulator/package.dsv'
[1.240s] INFO:colcon.colcon_core.shell:Creating package script '/workspaces/workspaces/Christiano_Roboto/ainex_project/install/simulator/share/simulator/package.sh'
[1.241s] INFO:colcon.colcon_core.shell:Creating package script '/workspaces/workspaces/Christiano_Roboto/ainex_project/install/simulator/share/simulator/package.bash'
[1.241s] INFO:colcon.colcon_core.shell:Creating package script '/workspaces/workspaces/Christiano_Roboto/ainex_project/install/simulator/share/simulator/package.zsh'
[1.241s] Level 1:colcon.colcon_core.environment:create_file_with_runtime_dependencies(/workspaces/workspaces/Christiano_Roboto/ainex_project/install/simulator/share/colcon-core/packages/simulator)
[1.241s] INFO:colcon.colcon_ros.task.ament_python.build:Building ROS package in '/workspaces/workspaces/Christiano_Roboto/ainex_project/src/whole_body_control' with build type 'ament_python'
[1.241s] Level 1:colcon.colcon_core.shell:create_environment_hook('whole_body_control', 'ament_prefix_path')
[1.241s] INFO:colcon.colcon_core.shell:Creating environment hook '/workspaces/workspaces/Christiano_Roboto/ainex_project/install/whole_body_control/share/whole_body_control/hook/ament_prefix_path.ps1'
[1.242s] INFO:colcon.colcon_core.shell:Creating environment descriptor '/workspaces/workspaces/Christiano_Roboto/ainex_project/install/whole_body_control/share/whole_body_control/hook/ament_prefix_path.dsv'
[1.242s] INFO:colcon.colcon_core.shell:Creating environment hook '/workspaces/workspaces/Christiano_Roboto/ainex_project/install/whole_body_control/share/whole_body_control/hook/ament_prefix_path.sh'
[1.242s] INFO:colcon.colcon_core.shell:Skip shell extension 'powershell' for command environment: Not usable outside of PowerShell
[1.242s] DEBUG:colcon.colcon_core.shell:Skip shell extension 'dsv' for command environment
[1.355s] INFO:colcon.colcon_core.task.python.build:Building Python package in '/workspaces/workspaces/Christiano_Roboto/ainex_project/src/whole_body_control'
[1.355s] INFO:colcon.colcon_core.shell:Skip shell extension 'powershell' for command environment: Not usable outside of PowerShell
[1.355s] DEBUG:colcon.colcon_core.shell:Skip shell extension 'dsv' for command environment
[1.625s] DEBUG:colcon.colcon_core.event_handler.log_command:Invoking command in '/workspaces/workspaces/Christiano_Roboto/ainex_project/src/whole_body_control': AMENT_PREFIX_PATH=/workspaces/workspaces/Christiano_Roboto/ainex_project/install/simulator:${AMENT_PREFIX_PATH} PYTHONPATH=/workspaces/workspaces/Christiano_Roboto/ainex_project/build/whole_body_control/prefix_override:/usr/lib/python3/dist-packages/colcon_core/task/python/colcon_distutils_commands:/workspaces/workspaces/Christiano_Roboto/ainex_project/install/whole_body_control/lib/python3.12/site-packages:/workspaces/workspaces/Christiano_Roboto/ainex_project/install/simulator/lib/python3.12/site-packages:${PYTHONPATH} /usr/bin/python3 -W ignore:setup.py install is deprecated -W ignore:easy_install command is deprecated setup.py egg_info --egg-base ../../build/whole_body_control build --build-base /workspaces/workspaces/Christiano_Roboto/ainex_project/build/whole_body_control/build install --record /workspaces/workspaces/Christiano_Roboto/ainex_project/build/whole_body_control/install.log --single-version-externally-managed install_data
[2.184s] Level 1:colcon.colcon_core.environment:checking '/workspaces/workspaces/Christiano_Roboto/ainex_project/install/whole_body_control' for CMake module files
[2.184s] DEBUG:colcon.colcon_core.event_handler.log_command:Invoked command in '/workspaces/workspaces/Christiano_Roboto/ainex_project/src/whole_body_control' returned '0': AMENT_PREFIX_PATH=/workspaces/workspaces/Christiano_Roboto/ainex_project/install/simulator:${AMENT_PREFIX_PATH} PYTHONPATH=/workspaces/workspaces/Christiano_Roboto/ainex_project/build/whole_body_control/prefix_override:/usr/lib/python3/dist-packages/colcon_core/task/python/colcon_distutils_commands:/workspaces/workspaces/Christiano_Roboto/ainex_project/install/whole_body_control/lib/python3.12/site-packages:/workspaces/workspaces/Christiano_Roboto/ainex_project/install/simulator/lib/python3.12/site-packages:${PYTHONPATH} /usr/bin/python3 -W ignore:setup.py install is deprecated -W ignore:easy_install command is deprecated setup.py egg_info --egg-base ../../build/whole_body_control build --build-base /workspaces/workspaces/Christiano_Roboto/ainex_project/build/whole_body_control/build install --record /workspaces/workspaces/Christiano_Roboto/ainex_project/build/whole_body_control/install.log --single-version-externally-managed install_data
[2.184s] Level 1:colcon.colcon_core.environment:checking '/workspaces/workspaces/Christiano_Roboto/ainex_project/install/whole_body_control' for CMake config files
[2.184s] Level 1:colcon.colcon_core.environment:checking '/workspaces/workspaces/Christiano_Roboto/ainex_project/install/whole_body_control/lib'
[2.184s] Level 1:colcon.colcon_core.environment:checking '/workspaces/workspaces/Christiano_Roboto/ainex_project/install/whole_body_control/bin'
[2.184s] Level 1:colcon.colcon_core.environment:checking '/workspaces/workspaces/Christiano_Roboto/ainex_project/install/whole_body_control/lib/pkgconfig/whole_body_control.pc'
[2.185s] Level 1:colcon.colcon_core.environment:checking '/workspaces/workspaces/Christiano_Roboto/ainex_project/install/whole_body_control/lib/python3.12/site-packages'
[2.185s] Level 1:colcon.colcon_core.shell:create_environment_hook('whole_body_control', 'pythonpath')
[2.185s] INFO:colcon.colcon_core.shell:Creating environment hook '/workspaces/workspaces/Christiano_Roboto/ainex_project/install/whole_body_control/share/whole_body_control/hook/pythonpath.ps1'
[2.185s] INFO:colcon.colcon_core.shell:Creating environment descriptor '/workspaces/workspaces/Christiano_Roboto/ainex_project/install/whole_body_control/share/whole_body_control/hook/pythonpath.dsv'
[2.185s] INFO:colcon.colcon_core.shell:Creating environment hook '/workspaces/workspaces/Christiano_Roboto/ainex_project/install/whole_body_control/share/whole_body_control/hook/pythonpath.sh'
[2.186s] Level 1:colcon.colcon_core.environment:checking '/workspaces/workspaces/Christiano_Roboto/ainex_project/install/whole_body_control/bin'
[2.186s] Level 1:colcon.colcon_core.environment:create_environment_scripts_only(whole_body_control)
[2.186s] INFO:colcon.colcon_core.shell:Creating package script '/workspaces/workspaces/Christiano_Roboto/ainex_project/install/whole_body_control/share/whole_body_control/package.ps1'
[2.186s] INFO:colcon.colcon_core.shell:Creating package descriptor '/workspaces/workspaces/Christiano_Roboto/ainex_project/install/whole_body_control/share/whole_body_control/package.dsv'
[2.186s] INFO:colcon.colcon_core.shell:Creating package script '/workspaces/workspaces/Christiano_Roboto/ainex_project/install/whole_body_control/share/whole_body_control/package.sh'
[2.186s] INFO:colcon.colcon_core.shell:Creating package script '/workspaces/workspaces/Christiano_Roboto/ainex_project/install/whole_body_control/share/whole_body_control/package.bash'
[2.186s] INFO:colcon.colcon_core.shell:Creating package script '/workspaces/workspaces/Christiano_Roboto/ainex_project/install/whole_body_control/share/whole_body_control/package.zsh'
[2.187s] Level 1:colcon.colcon_core.environment:create_file_with_runtime_dependencies(/workspaces/workspaces/Christiano_Roboto/ainex_project/install/whole_body_control/share/colcon-core/packages/whole_body_control)
[2.187s] DEBUG:colcon.colcon_parallel_executor.executor.parallel:closing loop
[2.187s] DEBUG:colcon.colcon_parallel_executor.executor.parallel:loop closed
[2.187s] DEBUG:colcon.colcon_parallel_executor.executor.parallel:run_until_complete finished with '0'
[2.187s] DEBUG:colcon.colcon_core.event_reactor:joining thread
[2.193s] INFO:colcon.colcon_core.plugin_system:Skipping extension 'colcon_notification.desktop_notification.notify_send': Could not find 'notify-send'
[2.193s] INFO:colcon.colcon_core.plugin_system:Skipping extension 'colcon_notification.desktop_notification.terminal_notifier': Not used on non-Darwin systems
[2.193s] INFO:colcon.colcon_core.plugin_system:Skipping extension 'colcon_notification.desktop_notification.win32': Not used on non-Windows systems
[2.194s] INFO:colcon.colcon_notification.desktop_notification:Sending desktop notification using 'notify2'
[2.195s] DEBUG:colcon.colcon_notification.desktop_notification.notify2:Failed to initialize notify2: org.freedesktop.DBus.Error.InvalidFileContent: D-Bus library appears to be incorrectly set up: see the manual page for dbus-uuidgen to correct this issue. (Failed to open "/var/lib/dbus/machine-id": No such file or directory; UUID file '/etc/machine-id' should contain a hex string of length 32, not length 0, with no other text)
[2.195s] DEBUG:colcon.colcon_core.event_reactor:joined thread
[2.196s] INFO:colcon.colcon_core.shell:Creating prefix script '/workspaces/workspaces/Christiano_Roboto/ainex_project/install/local_setup.ps1'
[2.196s] INFO:colcon.colcon_core.shell:Creating prefix util module '/workspaces/workspaces/Christiano_Roboto/ainex_project/install/_local_setup_util_ps1.py'
[2.197s] INFO:colcon.colcon_core.shell:Creating prefix chain script '/workspaces/workspaces/Christiano_Roboto/ainex_project/install/setup.ps1'
[2.197s] INFO:colcon.colcon_core.shell:Creating prefix script '/workspaces/workspaces/Christiano_Roboto/ainex_project/install/local_setup.sh'
[2.198s] INFO:colcon.colcon_core.shell:Creating prefix util module '/workspaces/workspaces/Christiano_Roboto/ainex_project/install/_local_setup_util_sh.py'
[2.198s] INFO:colcon.colcon_core.shell:Creating prefix chain script '/workspaces/workspaces/Christiano_Roboto/ainex_project/install/setup.sh'
[2.198s] INFO:colcon.colcon_core.shell:Creating prefix script '/workspaces/workspaces/Christiano_Roboto/ainex_project/install/local_setup.bash'
[2.199s] INFO:colcon.colcon_core.shell:Creating prefix chain script '/workspaces/workspaces/Christiano_Roboto/ainex_project/install/setup.bash'
[2.199s] INFO:colcon.colcon_core.shell:Creating prefix script '/workspaces/workspaces/Christiano_Roboto/ainex_project/install/local_setup.zsh'
[2.200s] INFO:colcon.colcon_core.shell:Creating prefix chain script '/workspaces/workspaces/Christiano_Roboto/ainex_project/install/setup.zsh'
