[0.014s] Invoking command in '/home/devel/ros_ws_t7/build/talos_description': CMAKE_PREFIX_PATH=${CMAKE_PREFIX_PATH}:/home/devel/ros_ws_t5/install/bullet_sims:/home/devel/ros_ws_t5/install/ros_visuals:/home/devel/ros_ws_t5/install/interactiveMarkerNode:/home/devel/ros_ws_t4/install/bullet_sims:/home/devel/ros_ws_t4/install/talos_description:/home/devel/ros_ws_t4/install/simulator:/home/devel/ros_ws_t4/install/ros_visuals:/home/devel/ros_ws_t4/install/reemc_description:/home/devel/ros_ws_t4/install/interactiveMarkerNode:/opt/ros/rolling VIRTUAL_ENV_PROMPT=(env) /usr/bin/cmake /home/devel/ros_ws_t7/src/talos_description -DCMAKE_INSTALL_PREFIX=/home/devel/ros_ws_t7/install/talos_description
[0.143s] -- Found ament_cmake: 2.7.2 (/opt/ros/rolling/share/ament_cmake/cmake)
[0.155s] -- Found ament_lint_auto: 0.19.1 (/opt/ros/rolling/share/ament_lint_auto/cmake)
[0.212s] -- Configuring done (0.2s)
[0.214s] -- Generating done (0.0s)
[0.248s] -- Build files have been written to: /home/devel/ros_ws_t7/build/talos_description
[0.280s] Invoked command in '/home/devel/ros_ws_t7/build/talos_description' returned '0': CMAKE_PREFIX_PATH=${CMAKE_PREFIX_PATH}:/home/devel/ros_ws_t5/install/bullet_sims:/home/devel/ros_ws_t5/install/ros_visuals:/home/devel/ros_ws_t5/install/interactiveMarkerNode:/home/devel/ros_ws_t4/install/bullet_sims:/home/devel/ros_ws_t4/install/talos_description:/home/devel/ros_ws_t4/install/simulator:/home/devel/ros_ws_t4/install/ros_visuals:/home/devel/ros_ws_t4/install/reemc_description:/home/devel/ros_ws_t4/install/interactiveMarkerNode:/opt/ros/rolling VIRTUAL_ENV_PROMPT=(env) /usr/bin/cmake /home/devel/ros_ws_t7/src/talos_description -DCMAKE_INSTALL_PREFIX=/home/devel/ros_ws_t7/install/talos_description
[0.280s] Invoking command in '/home/devel/ros_ws_t7/build/talos_description': CMAKE_PREFIX_PATH=${CMAKE_PREFIX_PATH}:/home/devel/ros_ws_t5/install/bullet_sims:/home/devel/ros_ws_t5/install/ros_visuals:/home/devel/ros_ws_t5/install/interactiveMarkerNode:/home/devel/ros_ws_t4/install/bullet_sims:/home/devel/ros_ws_t4/install/talos_description:/home/devel/ros_ws_t4/install/simulator:/home/devel/ros_ws_t4/install/ros_visuals:/home/devel/ros_ws_t4/install/reemc_description:/home/devel/ros_ws_t4/install/interactiveMarkerNode:/opt/ros/rolling VIRTUAL_ENV_PROMPT=(env) /usr/bin/cmake --build /home/devel/ros_ws_t7/build/talos_description -- -j16 -l16
[0.303s] Invoked command in '/home/devel/ros_ws_t7/build/talos_description' returned '0': CMAKE_PREFIX_PATH=${CMAKE_PREFIX_PATH}:/home/devel/ros_ws_t5/install/bullet_sims:/home/devel/ros_ws_t5/install/ros_visuals:/home/devel/ros_ws_t5/install/interactiveMarkerNode:/home/devel/ros_ws_t4/install/bullet_sims:/home/devel/ros_ws_t4/install/talos_description:/home/devel/ros_ws_t4/install/simulator:/home/devel/ros_ws_t4/install/ros_visuals:/home/devel/ros_ws_t4/install/reemc_description:/home/devel/ros_ws_t4/install/interactiveMarkerNode:/opt/ros/rolling VIRTUAL_ENV_PROMPT=(env) /usr/bin/cmake --build /home/devel/ros_ws_t7/build/talos_description -- -j16 -l16
[0.309s] Invoking command in '/home/devel/ros_ws_t7/build/talos_description': CMAKE_PREFIX_PATH=${CMAKE_PREFIX_PATH}:/home/devel/ros_ws_t5/install/bullet_sims:/home/devel/ros_ws_t5/install/ros_visuals:/home/devel/ros_ws_t5/install/interactiveMarkerNode:/home/devel/ros_ws_t4/install/bullet_sims:/home/devel/ros_ws_t4/install/talos_description:/home/devel/ros_ws_t4/install/simulator:/home/devel/ros_ws_t4/install/ros_visuals:/home/devel/ros_ws_t4/install/reemc_description:/home/devel/ros_ws_t4/install/interactiveMarkerNode:/opt/ros/rolling VIRTUAL_ENV_PROMPT=(env) /usr/bin/cmake --install /home/devel/ros_ws_t7/build/talos_description
[0.314s] -- Install configuration: ""
[0.314s] -- Installing: /home/devel/ros_ws_t7/install/talos_description/share/talos_description/meshes
[0.314s] -- Installing: /home/devel/ros_ws_t7/install/talos_description/share/talos_description/meshes/hipZ.STL
[0.314s] -- Installing: /home/devel/ros_ws_t7/install/talos_description/share/talos_description/meshes/foot.STL
[0.316s] -- Installing: /home/devel/ros_ws_t7/install/talos_description/share/talos_description/meshes/tibia_light.STL
[0.316s] -- Installing: /home/devel/ros_ws_t7/install/talos_description/share/talos_description/meshes/tibia.STL
[0.318s] -- Installing: /home/devel/ros_ws_t7/install/talos_description/share/talos_description/meshes/gripper
[0.318s] -- Installing: /home/devel/ros_ws_t7/install/talos_description/share/talos_description/meshes/gripper/base_link.STL
[0.318s] -- Installing: /home/devel/ros_ws_t7/install/talos_description/share/talos_description/meshes/gripper/inner_single_collision.STL
[0.318s] -- Installing: /home/devel/ros_ws_t7/install/talos_description/share/talos_description/meshes/gripper/gripper_simple_collision.STL
[0.318s] -- Installing: /home/devel/ros_ws_t7/install/talos_description/share/talos_description/meshes/gripper/fingertip_collision.STL
[0.318s] -- Installing: /home/devel/ros_ws_t7/install/talos_description/share/talos_description/meshes/gripper/fingertip.STL
[0.319s] -- Installing: /home/devel/ros_ws_t7/install/talos_description/share/talos_description/meshes/gripper/gripper_simple.STL
[0.319s] -- Installing: /home/devel/ros_ws_t7/install/talos_description/share/talos_description/meshes/gripper/gripper_tweezers.STL
[0.319s] -- Installing: /home/devel/ros_ws_t7/install/talos_description/share/talos_description/meshes/gripper/gripper_motor_double_collision.STL
[0.319s] -- Installing: /home/devel/ros_ws_t7/install/talos_description/share/talos_description/meshes/gripper/inner_double.STL
[0.319s] -- Installing: /home/devel/ros_ws_t7/install/talos_description/share/talos_description/meshes/gripper/gripper_tweezers_collision.STL
[0.319s] -- Installing: /home/devel/ros_ws_t7/install/talos_description/share/talos_description/meshes/gripper/base_link_collision.STL
[0.319s] -- Installing: /home/devel/ros_ws_t7/install/talos_description/share/talos_description/meshes/gripper/gripper_motor_single_collision.STL
[0.319s] -- Installing: /home/devel/ros_ws_t7/install/talos_description/share/talos_description/meshes/gripper/inner_double_collision.STL
[0.319s] -- Installing: /home/devel/ros_ws_t7/install/talos_description/share/talos_description/meshes/gripper/gripper_motor_double.STL
[0.319s] -- Installing: /home/devel/ros_ws_t7/install/talos_description/share/talos_description/meshes/gripper/gripper_motor_single.STL
[0.320s] -- Installing: /home/devel/ros_ws_t7/install/talos_description/share/talos_description/meshes/gripper/inner_single.STL
[0.320s] -- Installing: /home/devel/ros_ws_t7/install/talos_description/share/talos_description/meshes/talos_dummy.stl
[0.320s] -- Installing: /home/devel/ros_ws_t7/install/talos_description/share/talos_description/meshes/super-simple-femur.STL
[0.320s] -- Installing: /home/devel/ros_ws_t7/install/talos_description/share/talos_description/meshes/bart.STL
[0.321s] -- Installing: /home/devel/ros_ws_t7/install/talos_description/share/talos_description/meshes/hipZ_light.STL
[0.321s] -- Installing: /home/devel/ros_ws_t7/install/talos_description/share/talos_description/meshes/marker.STL
[0.321s] -- Installing: /home/devel/ros_ws_t7/install/talos_description/share/talos_description/meshes/bart_light.STL
[0.321s] -- Installing: /home/devel/ros_ws_t7/install/talos_description/share/talos_description/meshes/v2
[0.321s] -- Installing: /home/devel/ros_ws_t7/install/talos_description/share/talos_description/meshes/v2/ankle_X_collision.stl
[0.322s] -- Installing: /home/devel/ros_ws_t7/install/talos_description/share/talos_description/meshes/v2/knee_collision.stl
[0.322s] -- Installing: /home/devel/ros_ws_t7/install/talos_description/share/talos_description/meshes/v2/hip_z_collision.stl
[0.322s] -- Installing: /home/devel/ros_ws_t7/install/talos_description/share/talos_description/meshes/v2/hip_z_lo_res.stl
[0.322s] -- Installing: /home/devel/ros_ws_t7/install/talos_description/share/talos_description/meshes/v2/hip_y_lo_res.stl
[0.322s] -- Installing: /home/devel/ros_ws_t7/install/talos_description/share/talos_description/meshes/v2/hip_x_collision.stl
[0.323s] -- Installing: /home/devel/ros_ws_t7/install/talos_description/share/talos_description/meshes/v2/ankle_Y_lo_res.stl
[0.323s] -- Installing: /home/devel/ros_ws_t7/install/talos_description/share/talos_description/meshes/v2/hip_y_collision.stl
[0.323s] -- Installing: /home/devel/ros_ws_t7/install/talos_description/share/talos_description/meshes/v2/knee_lo_res.stl
[0.323s] -- Installing: /home/devel/ros_ws_t7/install/talos_description/share/talos_description/meshes/v2/ankle_X_lo_res.stl
[0.323s] -- Installing: /home/devel/ros_ws_t7/install/talos_description/share/talos_description/meshes/v2/ankle_Y_collision.stl
[0.323s] -- Installing: /home/devel/ros_ws_t7/install/talos_description/share/talos_description/meshes/v2/hip_x_lo_res.stl
[0.324s] -- Installing: /home/devel/ros_ws_t7/install/talos_description/share/talos_description/meshes/v2/base_link_collision.stl
[0.324s] -- Installing: /home/devel/ros_ws_t7/install/talos_description/share/talos_description/meshes/v2/base_link_lo_res.stl
[0.324s] -- Installing: /home/devel/ros_ws_t7/install/talos_description/share/talos_description/meshes/head
[0.324s] -- Installing: /home/devel/ros_ws_t7/install/talos_description/share/talos_description/meshes/head/head_2.stl
[0.324s] -- Installing: /home/devel/ros_ws_t7/install/talos_description/share/talos_description/meshes/head/head_1_collision.stl
[0.325s] -- Installing: /home/devel/ros_ws_t7/install/talos_description/share/talos_description/meshes/head/head_2_lidar_collision.stl
[0.325s] -- Installing: /home/devel/ros_ws_t7/install/talos_description/share/talos_description/meshes/head/head_1.stl
[0.325s] -- Installing: /home/devel/ros_ws_t7/install/talos_description/share/talos_description/meshes/head/head_2_default.stl
[0.325s] -- Installing: /home/devel/ros_ws_t7/install/talos_description/share/talos_description/meshes/head/head_2_collision.stl
[0.326s] -- Installing: /home/devel/ros_ws_t7/install/talos_description/share/talos_description/meshes/head/head_2_lidar.stl
[0.326s] -- Installing: /home/devel/ros_ws_t7/install/talos_description/share/talos_description/meshes/head/head_2_default_collision.stl
[0.326s] -- Installing: /home/devel/ros_ws_t7/install/talos_description/share/talos_description/meshes/sensors
[0.326s] -- Installing: /home/devel/ros_ws_t7/install/talos_description/share/talos_description/meshes/sensors/orbbec
[0.326s] -- Installing: /home/devel/ros_ws_t7/install/talos_description/share/talos_description/meshes/sensors/orbbec/orbbec.STL
[0.327s] -- Installing: /home/devel/ros_ws_t7/install/talos_description/share/talos_description/meshes/sensors/ouster
[0.327s] -- Installing: /home/devel/ros_ws_t7/install/talos_description/share/talos_description/meshes/sensors/ouster/os1_64.dae
[0.327s] -- Installing: /home/devel/ros_ws_t7/install/talos_description/share/talos_description/meshes/sensors/xtion_pro_live
[0.327s] -- Installing: /home/devel/ros_ws_t7/install/talos_description/share/talos_description/meshes/sensors/xtion_pro_live/xtion_pro_live.png
[0.328s] -- Installing: /home/devel/ros_ws_t7/install/talos_description/share/talos_description/meshes/sensors/xtion_pro_live/xtion_pro_live.dae
[0.328s] -- Installing: /home/devel/ros_ws_t7/install/talos_description/share/talos_description/meshes/marker_head.STL
[0.328s] -- Installing: /home/devel/ros_ws_t7/install/talos_description/share/talos_description/meshes/arm
[0.328s] -- Installing: /home/devel/ros_ws_t7/install/talos_description/share/talos_description/meshes/arm/arm_6_collision.STL
[0.329s] -- Installing: /home/devel/ros_ws_t7/install/talos_description/share/talos_description/meshes/arm/arm_4.STL
[0.329s] -- Installing: /home/devel/ros_ws_t7/install/talos_description/share/talos_description/meshes/arm/arm_7.STL
[0.329s] -- Installing: /home/devel/ros_ws_t7/install/talos_description/share/talos_description/meshes/arm/arm_5_collision.STL
[0.330s] -- Installing: /home/devel/ros_ws_t7/install/talos_description/share/talos_description/meshes/arm/arm_5.STL
[0.330s] -- Installing: /home/devel/ros_ws_t7/install/talos_description/share/talos_description/meshes/arm/arm_6.STL
[0.330s] -- Installing: /home/devel/ros_ws_t7/install/talos_description/share/talos_description/meshes/arm/arm_4_collision.STL
[0.330s] -- Installing: /home/devel/ros_ws_t7/install/talos_description/share/talos_description/meshes/arm/arm_2_collision.STL
[0.331s] -- Installing: /home/devel/ros_ws_t7/install/talos_description/share/talos_description/meshes/arm/arm_3_collision.STL
[0.331s] -- Installing: /home/devel/ros_ws_t7/install/talos_description/share/talos_description/meshes/arm/arm_2.STL
[0.331s] -- Installing: /home/devel/ros_ws_t7/install/talos_description/share/talos_description/meshes/arm/arm_7_collision.STL
[0.331s] -- Installing: /home/devel/ros_ws_t7/install/talos_description/share/talos_description/meshes/arm/arm_1.STL
[0.331s] -- Installing: /home/devel/ros_ws_t7/install/talos_description/share/talos_description/meshes/arm/arm_1_collision.STL
[0.331s] -- Installing: /home/devel/ros_ws_t7/install/talos_description/share/talos_description/meshes/arm/arm_3.STL
[0.331s] -- Installing: /home/devel/ros_ws_t7/install/talos_description/share/talos_description/meshes/super-simple-bart.STL
[0.331s] -- Installing: /home/devel/ros_ws_t7/install/talos_description/share/talos_description/meshes/femur_light.STL
[0.331s] -- Installing: /home/devel/ros_ws_t7/install/talos_description/share/talos_description/meshes/torso
[0.331s] -- Installing: /home/devel/ros_ws_t7/install/talos_description/share/talos_description/meshes/torso/base_link.STL
[0.331s] -- Installing: /home/devel/ros_ws_t7/install/talos_description/share/talos_description/meshes/torso/torso_2.STL
[0.331s] -- Installing: /home/devel/ros_ws_t7/install/talos_description/share/talos_description/meshes/torso/base_link_collision.STL
[0.331s] -- Installing: /home/devel/ros_ws_t7/install/talos_description/share/talos_description/meshes/torso/torso_2_collision.STL
[0.331s] -- Installing: /home/devel/ros_ws_t7/install/talos_description/share/talos_description/meshes/torso/torso_1.STL
[0.332s] -- Installing: /home/devel/ros_ws_t7/install/talos_description/share/talos_description/meshes/femur.STL
[0.332s] -- Installing: /home/devel/ros_ws_t7/install/talos_description/share/talos_description/meshes/dummy_hand.STL
[0.332s] -- Installing: /home/devel/ros_ws_t7/install/talos_description/share/talos_description/meshes/super-simple-tibia.STL
[0.332s] -- Installing: /home/devel/ros_ws_t7/install/talos_description/share/talos_description/robots
[0.332s] -- Installing: /home/devel/ros_ws_t7/install/talos_description/share/talos_description/robots/talos.urdf
[0.332s] -- Installing: /home/devel/ros_ws_t7/install/talos_description/share/talos_description/robots/talos_reduced_no_hands.urdf
[0.332s] -- Installing: /home/devel/ros_ws_t7/install/talos_description/share/talos_description/robots/talos_reduced.urdf
[0.332s] -- Installing: /home/devel/ros_ws_t7/install/talos_description/share/ament_index/resource_index/package_run_dependencies/talos_description
[0.332s] -- Installing: /home/devel/ros_ws_t7/install/talos_description/share/ament_index/resource_index/parent_prefix_path/talos_description
[0.332s] -- Installing: /home/devel/ros_ws_t7/install/talos_description/share/talos_description/environment/ament_prefix_path.sh
[0.332s] -- Installing: /home/devel/ros_ws_t7/install/talos_description/share/talos_description/environment/ament_prefix_path.dsv
[0.332s] -- Installing: /home/devel/ros_ws_t7/install/talos_description/share/talos_description/environment/path.sh
[0.332s] -- Installing: /home/devel/ros_ws_t7/install/talos_description/share/talos_description/environment/path.dsv
[0.332s] -- Installing: /home/devel/ros_ws_t7/install/talos_description/share/talos_description/local_setup.bash
[0.332s] -- Installing: /home/devel/ros_ws_t7/install/talos_description/share/talos_description/local_setup.sh
[0.332s] -- Installing: /home/devel/ros_ws_t7/install/talos_description/share/talos_description/local_setup.zsh
[0.332s] -- Installing: /home/devel/ros_ws_t7/install/talos_description/share/talos_description/local_setup.dsv
[0.332s] -- Installing: /home/devel/ros_ws_t7/install/talos_description/share/talos_description/package.dsv
[0.332s] -- Installing: /home/devel/ros_ws_t7/install/talos_description/share/ament_index/resource_index/packages/talos_description
[0.332s] -- Installing: /home/devel/ros_ws_t7/install/talos_description/share/talos_description/cmake/talos_descriptionConfig.cmake
[0.332s] -- Installing: /home/devel/ros_ws_t7/install/talos_description/share/talos_description/cmake/talos_descriptionConfig-version.cmake
[0.333s] -- Installing: /home/devel/ros_ws_t7/install/talos_description/share/talos_description/package.xml
[0.342s] Invoked command in '/home/devel/ros_ws_t7/build/talos_description' returned '0': CMAKE_PREFIX_PATH=${CMAKE_PREFIX_PATH}:/home/devel/ros_ws_t5/install/bullet_sims:/home/devel/ros_ws_t5/install/ros_visuals:/home/devel/ros_ws_t5/install/interactiveMarkerNode:/home/devel/ros_ws_t4/install/bullet_sims:/home/devel/ros_ws_t4/install/talos_description:/home/devel/ros_ws_t4/install/simulator:/home/devel/ros_ws_t4/install/ros_visuals:/home/devel/ros_ws_t4/install/reemc_description:/home/devel/ros_ws_t4/install/interactiveMarkerNode:/opt/ros/rolling VIRTUAL_ENV_PROMPT=(env) /usr/bin/cmake --install /home/devel/ros_ws_t7/build/talos_description
