[0.015s] Invoking command in '/home/devel/ros_ws_t7/build/simulator': CMAKE_PREFIX_PATH=${CMAKE_PREFIX_PATH}:/home/devel/ros_ws_t5/install/bullet_sims:/home/devel/ros_ws_t5/install/ros_visuals:/home/devel/ros_ws_t5/install/interactiveMarkerNode:/home/devel/ros_ws_t7/install/bullet_sims:/home/devel/ros_ws_t7/install/ros_visuals:/home/devel/ros_ws_t7/install/interactiveMarkerNode:/opt/ros/rolling PS1=\[\e]0;\u@\h: \w\a\]${debian_chroot:+($debian_chroot)}\[\033[01;32m\]\u@\h\[\033[00m\]:\[\033[01;34m\]\w\[\033[00m\]\$ /usr/bin/cmake /home/devel/ros_ws_t7/src/simulator -DCMAKE_INSTALL_PREFIX=/home/devel/ros_ws_t7/install/simulator
[0.146s] -- Found ament_cmake: 2.7.2 (/opt/ros/rolling/share/ament_cmake/cmake)
[0.165s] Traceback (most recent call last):
[0.165s]   File "/opt/ros/rolling/share/ament_cmake_core/cmake/core/package_xml_2_cmake.py", line 22, in <module>
[0.165s]     from catkin_pkg.package import parse_package_string
[0.165s] ModuleNotFoundError: No module named 'catkin_pkg'
[0.167s] [31mCMake Error at /opt/ros/rolling/share/ament_cmake_core/cmake/core/ament_package_xml.cmake:95 (message):
[0.167s]   execute_process(/home/devel/env/bin/python3
[0.167s]   /opt/ros/rolling/share/ament_cmake_core/cmake/core/package_xml_2_cmake.py
[0.167s]   /home/devel/ros_ws_t7/src/simulator/package.xml
[0.168s]   /home/devel/ros_ws_t7/build/simulator/ament_cmake_core/package.cmake)
[0.168s]   returned error code 1
[0.168s] Call Stack (most recent call first):
[0.168s]   /opt/ros/rolling/share/ament_cmake_core/cmake/core/ament_package_xml.cmake:49 (_ament_package_xml)
[0.168s]   /opt/ros/rolling/share/ament_cmake_python/cmake/ament_python_install_package.cmake:60 (ament_package_xml)
[0.168s]   /opt/ros/rolling/share/ament_cmake_python/cmake/ament_python_install_package.cmake:39 (_ament_cmake_python_install_package)
[0.168s]   CMakeLists.txt:7 (ament_python_install_package)
[0.168s] 
[0.168s] [0m
[0.168s] -- Configuring incomplete, errors occurred!
[0.276s] Invoked command in '/home/devel/ros_ws_t7/build/simulator' returned '1': CMAKE_PREFIX_PATH=${CMAKE_PREFIX_PATH}:/home/devel/ros_ws_t5/install/bullet_sims:/home/devel/ros_ws_t5/install/ros_visuals:/home/devel/ros_ws_t5/install/interactiveMarkerNode:/home/devel/ros_ws_t7/install/bullet_sims:/home/devel/ros_ws_t7/install/ros_visuals:/home/devel/ros_ws_t7/install/interactiveMarkerNode:/opt/ros/rolling PS1=\[\e]0;\u@\h: \w\a\]${debian_chroot:+($debian_chroot)}\[\033[01;32m\]\u@\h\[\033[00m\]:\[\033[01;34m\]\w\[\033[00m\]\$ /usr/bin/cmake /home/devel/ros_ws_t7/src/simulator -DCMAKE_INSTALL_PREFIX=/home/devel/ros_ws_t7/install/simulator
