/home/devel/ros_ws_t7/install/bullet_sims/lib/python3.12/site-packages/bullet_sims/foot_trajectory.py
/home/devel/ros_ws_t7/install/bullet_sims/lib/python3.12/site-packages/bullet_sims/com_reference_fix.py
/home/devel/ros_ws_t7/install/bullet_sims/lib/python3.12/site-packages/bullet_sims/talos.py
/home/devel/ros_ws_t7/install/bullet_sims/lib/python3.12/site-packages/bullet_sims/__init__.py
/home/devel/ros_ws_t7/install/bullet_sims/lib/python3.12/site-packages/bullet_sims/footstep_planner.py
/home/devel/ros_ws_t7/install/bullet_sims/lib/python3.12/site-packages/bullet_sims/talos_conf.py
/home/devel/ros_ws_t7/install/bullet_sims/lib/python3.12/site-packages/bullet_sims/lip_mpc.py
/home/devel/ros_ws_t7/install/bullet_sims/lib/python3.12/site-packages/bullet_sims/walking.py
/home/devel/ros_ws_t7/install/bullet_sims/lib/python3.12/site-packages/bullet_sims/tsid_wrapper.py
/home/devel/ros_ws_t7/install/bullet_sims/lib/python3.12/site-packages/bullet_sims/test.py
/home/devel/ros_ws_t7/install/bullet_sims/lib/python3.12/site-packages/bullet_sims/__pycache__/foot_trajectory.cpython-312.pyc
/home/devel/ros_ws_t7/install/bullet_sims/lib/python3.12/site-packages/bullet_sims/__pycache__/com_reference_fix.cpython-312.pyc
/home/devel/ros_ws_t7/install/bullet_sims/lib/python3.12/site-packages/bullet_sims/__pycache__/talos.cpython-312.pyc
/home/devel/ros_ws_t7/install/bullet_sims/lib/python3.12/site-packages/bullet_sims/__pycache__/__init__.cpython-312.pyc
/home/devel/ros_ws_t7/install/bullet_sims/lib/python3.12/site-packages/bullet_sims/__pycache__/footstep_planner.cpython-312.pyc
/home/devel/ros_ws_t7/install/bullet_sims/lib/python3.12/site-packages/bullet_sims/__pycache__/talos_conf.cpython-312.pyc
/home/devel/ros_ws_t7/install/bullet_sims/lib/python3.12/site-packages/bullet_sims/__pycache__/lip_mpc.cpython-312.pyc
/home/devel/ros_ws_t7/install/bullet_sims/lib/python3.12/site-packages/bullet_sims/__pycache__/walking.cpython-312.pyc
/home/devel/ros_ws_t7/install/bullet_sims/lib/python3.12/site-packages/bullet_sims/__pycache__/tsid_wrapper.cpython-312.pyc
/home/devel/ros_ws_t7/install/bullet_sims/lib/python3.12/site-packages/bullet_sims/__pycache__/test.cpython-312.pyc
/home/devel/ros_ws_t7/install/bullet_sims/share/bullet_sims/package.xml
/home/devel/ros_ws_t7/install/bullet_sims/share/bullet_sims/launch
/home/devel/ros_ws_t7/install/bullet_sims/share/bullet_sims/rviz
/home/devel/ros_ws_t7/install/bullet_sims/lib/python3.12/site-packages/bullet_sims-0.0.1-py3.12.egg-info/entry_points.txt
/home/devel/ros_ws_t7/install/bullet_sims/lib/python3.12/site-packages/bullet_sims-0.0.1-py3.12.egg-info/PKG-INFO
/home/devel/ros_ws_t7/install/bullet_sims/lib/python3.12/site-packages/bullet_sims-0.0.1-py3.12.egg-info/SOURCES.txt
/home/devel/ros_ws_t7/install/bullet_sims/lib/python3.12/site-packages/bullet_sims-0.0.1-py3.12.egg-info/dependency_links.txt
/home/devel/ros_ws_t7/install/bullet_sims/lib/python3.12/site-packages/bullet_sims-0.0.1-py3.12.egg-info/requires.txt
/home/devel/ros_ws_t7/install/bullet_sims/lib/python3.12/site-packages/bullet_sims-0.0.1-py3.12.egg-info/top_level.txt
/home/devel/ros_ws_t7/install/bullet_sims/lib/python3.12/site-packages/bullet_sims-0.0.1-py3.12.egg-info/not-zip-safe
/home/devel/ros_ws_t7/install/bullet_sims/lib/bullet_sims/foot_trajectory
/home/devel/ros_ws_t7/install/bullet_sims/lib/bullet_sims/footstep_planner
/home/devel/ros_ws_t7/install/bullet_sims/lib/bullet_sims/lip_mpc
/home/devel/ros_ws_t7/install/bullet_sims/lib/bullet_sims/talos
/home/devel/ros_ws_t7/install/bullet_sims/lib/bullet_sims/test
/home/devel/ros_ws_t7/install/bullet_sims/lib/bullet_sims/walking
