[0.373s] Invoking command in '/workspaces/workspaces/Christiano_Roboto/ainex_project/build/whole_body_control': AMENT_PREFIX_PATH=/workspaces/workspaces/Christiano_Roboto/ainex_project/install/simulator:/workspaces/workspaces/Christiano_Roboto/ainex_project/install/whole_body_control:/workspaces/workspaces/Christiano_Roboto/ainex_project/install/ainex_description:/opt/ros/rolling PYTHONPATH=/workspaces/workspaces/Christiano_Roboto/ainex_project/build/whole_body_control/prefix_override:/usr/lib/python3/dist-packages/colcon_core/task/python/colcon_distutils_commands:/workspaces/workspaces/Christiano_Roboto/ainex_project/install/whole_body_control/lib/python3.12/site-packages:/workspaces/workspaces/Christiano_Roboto/ainex_project/build/simulator:/workspaces/workspaces/Christiano_Roboto/ainex_project/install/simulator/lib/python3.12/site-packages:/workspaces/workspaces/Christiano_Roboto/ainex_project/build/whole_body_control:/workspaces/workspaces/Christiano_Roboto/ainex_project/install/whole_body_control/lib/python3.12/site-packages:/opt/openrobots/lib/python3.12/site-packages:/opt/openrobots/lib/python3.12/site-packages:/opt/ros/rolling/lib/python3.12/site-packages /usr/bin/python3 -W ignore:setup.py install is deprecated -W ignore:easy_install command is deprecated setup.py develop --editable --build-directory /workspaces/workspaces/Christiano_Roboto/ainex_project/build/whole_body_control/build --no-deps symlink_data --force
[0.527s] running develop
[0.608s] running egg_info
[0.616s] writing whole_body_control.egg-info/PKG-INFO
[0.616s] writing dependency_links to whole_body_control.egg-info/dependency_links.txt
[0.616s] writing entry points to whole_body_control.egg-info/entry_points.txt
[0.616s] writing requirements to whole_body_control.egg-info/requires.txt
[0.617s] writing top-level names to whole_body_control.egg-info/top_level.txt
[0.907s] writing manifest file 'whole_body_control.egg-info/SOURCES.txt'
[0.919s] running build_ext
[0.919s] Creating /workspaces/workspaces/Christiano_Roboto/ainex_project/install/whole_body_control/lib/python3.12/site-packages/whole-body-control.egg-link (link to .)
[0.920s] Installing 02_one_leg_stand script to /workspaces/workspaces/Christiano_Roboto/ainex_project/install/whole_body_control/lib/whole_body_control
[0.920s] Installing 03_squating script to /workspaces/workspaces/Christiano_Roboto/ainex_project/install/whole_body_control/lib/whole_body_control
[0.920s] Installing t4_standing script to /workspaces/workspaces/Christiano_Roboto/ainex_project/install/whole_body_control/lib/whole_body_control
[0.920s] Installing t51 script to /workspaces/workspaces/Christiano_Roboto/ainex_project/install/whole_body_control/lib/whole_body_control
[0.920s] Installing t52 script to /workspaces/workspaces/Christiano_Roboto/ainex_project/install/whole_body_control/lib/whole_body_control
[0.920s] 
[0.920s] Installed /workspaces/workspaces/Christiano_Roboto/ainex_project/build/whole_body_control
[0.920s] running symlink_data
[0.920s] symbolically linking /workspaces/workspaces/Christiano_Roboto/ainex_project/build/whole_body_control/resource/whole_body_control -> /workspaces/workspaces/Christiano_Roboto/ainex_project/install/whole_body_control/share/ament_index/resource_index/packages
[0.920s] symbolically linking /workspaces/workspaces/Christiano_Roboto/ainex_project/build/whole_body_control/package.xml -> /workspaces/workspaces/Christiano_Roboto/ainex_project/install/whole_body_control/share/whole_body_control
[0.920s] symbolically linking /workspaces/workspaces/Christiano_Roboto/ainex_project/build/whole_body_control/launch/launch.py -> /workspaces/workspaces/Christiano_Roboto/ainex_project/install/whole_body_control/share/whole_body_control/launch
[0.939s] Invoked command in '/workspaces/workspaces/Christiano_Roboto/ainex_project/build/whole_body_control' returned '0': AMENT_PREFIX_PATH=/workspaces/workspaces/Christiano_Roboto/ainex_project/install/simulator:/workspaces/workspaces/Christiano_Roboto/ainex_project/install/whole_body_control:/workspaces/workspaces/Christiano_Roboto/ainex_project/install/ainex_description:/opt/ros/rolling PYTHONPATH=/workspaces/workspaces/Christiano_Roboto/ainex_project/build/whole_body_control/prefix_override:/usr/lib/python3/dist-packages/colcon_core/task/python/colcon_distutils_commands:/workspaces/workspaces/Christiano_Roboto/ainex_project/install/whole_body_control/lib/python3.12/site-packages:/workspaces/workspaces/Christiano_Roboto/ainex_project/build/simulator:/workspaces/workspaces/Christiano_Roboto/ainex_project/install/simulator/lib/python3.12/site-packages:/workspaces/workspaces/Christiano_Roboto/ainex_project/build/whole_body_control:/workspaces/workspaces/Christiano_Roboto/ainex_project/install/whole_body_control/lib/python3.12/site-packages:/opt/openrobots/lib/python3.12/site-packages:/opt/openrobots/lib/python3.12/site-packages:/opt/ros/rolling/lib/python3.12/site-packages /usr/bin/python3 -W ignore:setup.py install is deprecated -W ignore:easy_install command is deprecated setup.py develop --editable --build-directory /workspaces/workspaces/Christiano_Roboto/ainex_project/build/whole_body_control/build --no-deps symlink_data --force
