[0.016s] Invoking command in '/home/devel/ros_ws_t7/build/simulator': CMAKE_PREFIX_PATH=${CMAKE_PREFIX_PATH}:/home/devel/ros_ws_t5/install/bullet_sims:/home/devel/ros_ws_t5/install/ros_visuals:/home/devel/ros_ws_t5/install/interactiveMarkerNode:/home/devel/ros_ws_t7/install/bullet_sims:/home/devel/ros_ws_t7/install/ros_visuals:/home/devel/ros_ws_t7/install/interactiveMarkerNode:/opt/ros/rolling PS1=\[\e]0;\u@\h: \w\a\]${debian_chroot:+($debian_chroot)}\[\033[01;32m\]\u@\h\[\033[00m\]:\[\033[01;34m\]\w\[\033[00m\]\$ /usr/bin/cmake /home/devel/ros_ws_t7/src/simulator -DCMAKE_INSTALL_PREFIX=/home/devel/ros_ws_t7/install/simulator
[0.146s] -- Found ament_cmake: 2.7.2 (/opt/ros/rolling/share/ament_cmake/cmake)
[0.159s] Traceback (most recent call last):
[0.159s]   File "/opt/ros/rolling/share/ament_cmake_core/cmake/core/package_xml_2_cmake.py", line 22, in <module>
[0.159s]     from catkin_pkg.package import parse_package_string
[0.159s] ModuleNotFoundError: No module named 'catkin_pkg'
[0.160s] [31mCMake Error at /opt/ros/rolling/share/ament_cmake_core/cmake/core/ament_package_xml.cmake:95 (message):
[0.160s]   execute_process(/home/devel/env/bin/python3
[0.160s]   /opt/ros/rolling/share/ament_cmake_core/cmake/core/package_xml_2_cmake.py
[0.160s]   /home/devel/ros_ws_t7/src/simulator/package.xml
[0.160s]   /home/devel/ros_ws_t7/build/simulator/ament_cmake_core/package.cmake)
[0.160s]   returned error code 1
[0.160s] Call Stack (most recent call first):
[0.160s]   /opt/ros/rolling/share/ament_cmake_core/cmake/core/ament_package_xml.cmake:49 (_ament_package_xml)
[0.161s]   /opt/ros/rolling/share/ament_cmake_python/cmake/ament_python_install_package.cmake:60 (ament_package_xml)
[0.161s]   /opt/ros/rolling/share/ament_cmake_python/cmake/ament_python_install_package.cmake:39 (_ament_cmake_python_install_package)
[0.161s]   CMakeLists.txt:7 (ament_python_install_package)
[0.161s] 
[0.161s] [0m
[0.161s] -- Configuring incomplete, errors occurred!
[0.271s] Invoked command in '/home/devel/ros_ws_t7/build/simulator' returned '1': CMAKE_PREFIX_PATH=${CMAKE_PREFIX_PATH}:/home/devel/ros_ws_t5/install/bullet_sims:/home/devel/ros_ws_t5/install/ros_visuals:/home/devel/ros_ws_t5/install/interactiveMarkerNode:/home/devel/ros_ws_t7/install/bullet_sims:/home/devel/ros_ws_t7/install/ros_visuals:/home/devel/ros_ws_t7/install/interactiveMarkerNode:/opt/ros/rolling PS1=\[\e]0;\u@\h: \w\a\]${debian_chroot:+($debian_chroot)}\[\033[01;32m\]\u@\h\[\033[00m\]:\[\033[01;34m\]\w\[\033[00m\]\$ /usr/bin/cmake /home/devel/ros_ws_t7/src/simulator -DCMAKE_INSTALL_PREFIX=/home/devel/ros_ws_t7/install/simulator
