-- The C compiler identification is GNU 13.3.0
-- The CXX compiler identification is GNU 13.3.0
-- Detecting C compiler ABI info
-- Detecting C compiler ABI info - done
-- Check for working C compiler: /usr/bin/cc - skipped
-- Detecting C compile features
-- Detecting C compile features - done
-- Detecting CXX compiler ABI info
-- Detecting CXX compiler ABI info - done
-- Check for working CXX compiler: /usr/bin/c++ - skipped
-- Detecting CXX compile features
-- Detecting CXX compile features - done
-- Found ament_cmake: 2.7.2 (/opt/ros/rolling/share/ament_cmake/cmake)
-- Found Python3: /usr/bin/python3 (found version "3.12.3") found components: Interpreter 
-- Found urdf: 2.12.2 (/opt/ros/rolling/share/urdf/cmake)
-- Found xacro: 2.0.13 (/opt/ros/rolling/share/xacro/cmake)
-- Found ament_lint_auto: 0.19.1 (/opt/ros/rolling/share/ament_lint_auto/cmake)
-- Added test 'lint_cmake' to check CMake code style
-- Added test 'xmllint' to check XML markup files
-- Configuring done (0.5s)
-- Generating done (0.0s)
-- Build files have been written to: /workspaces/workspaces/Christiano_Roboto/ainex_project/build/ainex_description
-- Install configuration: ""
-- Installing: /workspaces/workspaces/Christiano_Roboto/ainex_project/install/ainex_description/share/ainex_description/meshes
-- Installing: /workspaces/workspaces/Christiano_Roboto/ainex_project/install/ainex_description/share/ainex_description/meshes/l_el_pitch_link.STL
-- Installing: /workspaces/workspaces/Christiano_Roboto/ainex_project/install/ainex_description/share/ainex_description/meshes/body_link.STL
-- Installing: /workspaces/workspaces/Christiano_Roboto/ainex_project/install/ainex_description/share/ainex_description/meshes/l_hip_pitch_link.STL
-- Installing: /workspaces/workspaces/Christiano_Roboto/ainex_project/install/ainex_description/share/ainex_description/meshes/l_ank_roll_link.STL
-- Installing: /workspaces/workspaces/Christiano_Roboto/ainex_project/install/ainex_description/share/ainex_description/meshes/l_hip_yaw_link.STL
-- Installing: /workspaces/workspaces/Christiano_Roboto/ainex_project/install/ainex_description/share/ainex_description/meshes/l_el_yaw_link.STL
-- Installing: /workspaces/workspaces/Christiano_Roboto/ainex_project/install/ainex_description/share/ainex_description/meshes/head_tilt_link.STL
-- Installing: /workspaces/workspaces/Christiano_Roboto/ainex_project/install/ainex_description/share/ainex_description/meshes/r_hip_pitch_link.STL
-- Installing: /workspaces/workspaces/Christiano_Roboto/ainex_project/install/ainex_description/share/ainex_description/meshes/r_ank_roll_link.STL
-- Installing: /workspaces/workspaces/Christiano_Roboto/ainex_project/install/ainex_description/share/ainex_description/meshes/head_pan_link.STL
-- Installing: /workspaces/workspaces/Christiano_Roboto/ainex_project/install/ainex_description/share/ainex_description/meshes/r_hip_yaw_link.STL
-- Installing: /workspaces/workspaces/Christiano_Roboto/ainex_project/install/ainex_description/share/ainex_description/meshes/r_ank_pitch_link.STL
-- Installing: /workspaces/workspaces/Christiano_Roboto/ainex_project/install/ainex_description/share/ainex_description/meshes/l_ank_pitch_link.STL
-- Installing: /workspaces/workspaces/Christiano_Roboto/ainex_project/install/ainex_description/share/ainex_description/meshes/l_sho_pitch_link.STL
-- Installing: /workspaces/workspaces/Christiano_Roboto/ainex_project/install/ainex_description/share/ainex_description/meshes/r_el_pitch_link.STL
-- Installing: /workspaces/workspaces/Christiano_Roboto/ainex_project/install/ainex_description/share/ainex_description/meshes/l_knee_link.STL
-- Installing: /workspaces/workspaces/Christiano_Roboto/ainex_project/install/ainex_description/share/ainex_description/meshes/l_hip_roll_link.STL
-- Installing: /workspaces/workspaces/Christiano_Roboto/ainex_project/install/ainex_description/share/ainex_description/meshes/r_sho_pitch_link.STL
-- Installing: /workspaces/workspaces/Christiano_Roboto/ainex_project/install/ainex_description/share/ainex_description/meshes/l_sho_roll_link.STL
-- Installing: /workspaces/workspaces/Christiano_Roboto/ainex_project/install/ainex_description/share/ainex_description/meshes/r_el_yaw_link.STL
-- Installing: /workspaces/workspaces/Christiano_Roboto/ainex_project/install/ainex_description/share/ainex_description/meshes/r_hip_roll_link.STL
-- Installing: /workspaces/workspaces/Christiano_Roboto/ainex_project/install/ainex_description/share/ainex_description/meshes/l_gripper_link.STL
-- Installing: /workspaces/workspaces/Christiano_Roboto/ainex_project/install/ainex_description/share/ainex_description/meshes/r_gripper_link.STL
-- Installing: /workspaces/workspaces/Christiano_Roboto/ainex_project/install/ainex_description/share/ainex_description/meshes/r_sho_roll_link.STL
-- Installing: /workspaces/workspaces/Christiano_Roboto/ainex_project/install/ainex_description/share/ainex_description/meshes/r_knee_link.STL
-- Installing: /workspaces/workspaces/Christiano_Roboto/ainex_project/install/ainex_description/share/ainex_description/robots
-- Installing: /workspaces/workspaces/Christiano_Roboto/ainex_project/install/ainex_description/share/ainex_description/robots/ainex.urdf
-- Installing: /workspaces/workspaces/Christiano_Roboto/ainex_project/install/ainex_description/share/ainex_description/robots/materials.xacro
-- Installing: /workspaces/workspaces/Christiano_Roboto/ainex_project/install/ainex_description/share/ainex_description/robots/ainex.urdf.xacro
-- Installing: /workspaces/workspaces/Christiano_Roboto/ainex_project/install/ainex_description/share/ainex_description/robots/ainex.xacro
-- Installing: /workspaces/workspaces/Christiano_Roboto/ainex_project/install/ainex_description/share/ainex_description/robots/gazebo.xacro
-- Installing: /workspaces/workspaces/Christiano_Roboto/ainex_project/install/ainex_description/share/ainex_description/robots/transmissions.xacro
-- Installing: /workspaces/workspaces/Christiano_Roboto/ainex_project/install/ainex_description/share/ament_index/resource_index/package_run_dependencies/ainex_description
-- Installing: /workspaces/workspaces/Christiano_Roboto/ainex_project/install/ainex_description/share/ament_index/resource_index/parent_prefix_path/ainex_description
-- Installing: /workspaces/workspaces/Christiano_Roboto/ainex_project/install/ainex_description/share/ainex_description/environment/ament_prefix_path.sh
-- Installing: /workspaces/workspaces/Christiano_Roboto/ainex_project/install/ainex_description/share/ainex_description/environment/ament_prefix_path.dsv
-- Installing: /workspaces/workspaces/Christiano_Roboto/ainex_project/install/ainex_description/share/ainex_description/environment/path.sh
-- Installing: /workspaces/workspaces/Christiano_Roboto/ainex_project/install/ainex_description/share/ainex_description/environment/path.dsv
-- Installing: /workspaces/workspaces/Christiano_Roboto/ainex_project/install/ainex_description/share/ainex_description/local_setup.bash
-- Installing: /workspaces/workspaces/Christiano_Roboto/ainex_project/install/ainex_description/share/ainex_description/local_setup.sh
-- Installing: /workspaces/workspaces/Christiano_Roboto/ainex_project/install/ainex_description/share/ainex_description/local_setup.zsh
-- Installing: /workspaces/workspaces/Christiano_Roboto/ainex_project/install/ainex_description/share/ainex_description/local_setup.dsv
-- Installing: /workspaces/workspaces/Christiano_Roboto/ainex_project/install/ainex_description/share/ainex_description/package.dsv
-- Installing: /workspaces/workspaces/Christiano_Roboto/ainex_project/install/ainex_description/share/ament_index/resource_index/packages/ainex_description
-- Installing: /workspaces/workspaces/Christiano_Roboto/ainex_project/install/ainex_description/share/ainex_description/cmake/ainex_descriptionConfig.cmake
-- Installing: /workspaces/workspaces/Christiano_Roboto/ainex_project/install/ainex_description/share/ainex_description/cmake/ainex_descriptionConfig-version.cmake
-- Installing: /workspaces/workspaces/Christiano_Roboto/ainex_project/install/ainex_description/share/ainex_description/package.xml
