[0.370s] Invoking command in '/workspaces/workspaces/Christiano_Roboto/ainex_project/src/whole_body_control': AMENT_PREFIX_PATH=/workspaces/workspaces/Christiano_Roboto/ainex_project/install/simulator:/workspaces/workspaces/Christiano_Roboto/ainex_project/install/whole_body_control:/workspaces/workspaces/Christiano_Roboto/ainex_project/install/ainex_description:/opt/ros/rolling PYTHONPATH=/workspaces/workspaces/Christiano_Roboto/ainex_project/build/whole_body_control/prefix_override:/usr/lib/python3/dist-packages/colcon_core/task/python/colcon_distutils_commands:/workspaces/workspaces/Christiano_Roboto/ainex_project/install/whole_body_control/lib/python3.12/site-packages:/workspaces/workspaces/Christiano_Roboto/ainex_project/install/simulator/lib/python3.12/site-packages:/workspaces/workspaces/Christiano_Roboto/ainex_project/install/whole_body_control/lib/python3.12/site-packages:/opt/openrobots/lib/python3.12/site-packages:/opt/openrobots/lib/python3.12/site-packages:/opt/ros/rolling/lib/python3.12/site-packages /usr/bin/python3 -W ignore:setup.py install is deprecated -W ignore:easy_install command is deprecated setup.py egg_info --egg-base ../../build/whole_body_control build --build-base /workspaces/workspaces/Christiano_Roboto/ainex_project/build/whole_body_control/build install --record /workspaces/workspaces/Christiano_Roboto/ainex_project/build/whole_body_control/install.log --single-version-externally-managed install_data
[0.495s] running egg_info
[0.503s] writing ../../build/whole_body_control/whole_body_control.egg-info/PKG-INFO
[0.503s] writing dependency_links to ../../build/whole_body_control/whole_body_control.egg-info/dependency_links.txt
[0.503s] writing entry points to ../../build/whole_body_control/whole_body_control.egg-info/entry_points.txt
[0.503s] writing requirements to ../../build/whole_body_control/whole_body_control.egg-info/requires.txt
[0.503s] writing top-level names to ../../build/whole_body_control/whole_body_control.egg-info/top_level.txt
[0.816s] reading manifest file '../../build/whole_body_control/whole_body_control.egg-info/SOURCES.txt'
[0.817s] writing manifest file '../../build/whole_body_control/whole_body_control.egg-info/SOURCES.txt'
[0.817s] running build
[0.817s] running build_py
[0.817s] running install
[0.820s] running install_lib
[0.830s] running install_data
[0.830s] copying launch/launch.py -> /workspaces/workspaces/Christiano_Roboto/ainex_project/install/whole_body_control/share/whole_body_control/launch
[0.830s] running install_egg_info
[0.839s] removing '/workspaces/workspaces/Christiano_Roboto/ainex_project/install/whole_body_control/lib/python3.12/site-packages/whole_body_control-0.0.0-py3.12.egg-info' (and everything under it)
[0.839s] Copying ../../build/whole_body_control/whole_body_control.egg-info to /workspaces/workspaces/Christiano_Roboto/ainex_project/install/whole_body_control/lib/python3.12/site-packages/whole_body_control-0.0.0-py3.12.egg-info
[0.839s] running install_scripts
[0.897s] Installing 02_one_leg_stand script to /workspaces/workspaces/Christiano_Roboto/ainex_project/install/whole_body_control/lib/whole_body_control
[0.897s] Installing 03_squating script to /workspaces/workspaces/Christiano_Roboto/ainex_project/install/whole_body_control/lib/whole_body_control
[0.897s] Installing t4_standing script to /workspaces/workspaces/Christiano_Roboto/ainex_project/install/whole_body_control/lib/whole_body_control
[0.897s] Installing t51 script to /workspaces/workspaces/Christiano_Roboto/ainex_project/install/whole_body_control/lib/whole_body_control
[0.897s] Installing t52 script to /workspaces/workspaces/Christiano_Roboto/ainex_project/install/whole_body_control/lib/whole_body_control
[0.897s] writing list of installed files to '/workspaces/workspaces/Christiano_Roboto/ainex_project/build/whole_body_control/install.log'
[0.912s] Invoked command in '/workspaces/workspaces/Christiano_Roboto/ainex_project/src/whole_body_control' returned '0': AMENT_PREFIX_PATH=/workspaces/workspaces/Christiano_Roboto/ainex_project/install/simulator:/workspaces/workspaces/Christiano_Roboto/ainex_project/install/whole_body_control:/workspaces/workspaces/Christiano_Roboto/ainex_project/install/ainex_description:/opt/ros/rolling PYTHONPATH=/workspaces/workspaces/Christiano_Roboto/ainex_project/build/whole_body_control/prefix_override:/usr/lib/python3/dist-packages/colcon_core/task/python/colcon_distutils_commands:/workspaces/workspaces/Christiano_Roboto/ainex_project/install/whole_body_control/lib/python3.12/site-packages:/workspaces/workspaces/Christiano_Roboto/ainex_project/install/simulator/lib/python3.12/site-packages:/workspaces/workspaces/Christiano_Roboto/ainex_project/install/whole_body_control/lib/python3.12/site-packages:/opt/openrobots/lib/python3.12/site-packages:/opt/openrobots/lib/python3.12/site-packages:/opt/ros/rolling/lib/python3.12/site-packages /usr/bin/python3 -W ignore:setup.py install is deprecated -W ignore:easy_install command is deprecated setup.py egg_info --egg-base ../../build/whole_body_control build --build-base /workspaces/workspaces/Christiano_Roboto/ainex_project/build/whole_body_control/build install --record /workspaces/workspaces/Christiano_Roboto/ainex_project/build/whole_body_control/install.log --single-version-externally-managed install_data
