[0.665s] Invoking command in '/home/devel/ros_ws_t7/src/interactiveMarkerNode': PYTHONPATH=/home/devel/ros_ws_t7/build/interactiveMarkerNode/prefix_override:/usr/lib/python3/dist-packages/colcon_core/task/python/colcon_distutils_commands:/home/devel/ros_ws_t7/install/interactiveMarkerNode/lib/python3.12/site-packages:${PYTHONPATH} VIRTUAL_ENV_PROMPT=(env) /usr/bin/python3 -W ignore:setup.py install is deprecated -W ignore:easy_install command is deprecated setup.py egg_info --egg-base ../../build/interactiveMarkerNode build --build-base /home/devel/ros_ws_t7/build/interactiveMarkerNode/build install --record /home/devel/ros_ws_t7/build/interactiveMarkerNode/install.log --install-scripts $base/lib/interactiveMarkerNode --single-version-externally-managed install_data
[0.741s] /usr/lib/python3/dist-packages/setuptools/dist.py:744: SetuptoolsDeprecationWarning: Invalid dash-separated options
[0.742s] !!
[0.742s] 
[0.742s]         ********************************************************************************
[0.742s]         Usage of dash-separated 'script-dir' will not be supported in future
[0.742s]         versions. Please use the underscore name 'script_dir' instead.
[0.742s] 
[0.742s]         This deprecation is overdue, please update your project and remove deprecated
[0.742s]         calls to avoid build errors in the future.
[0.742s] 
[0.742s]         See https://setuptools.pypa.io/en/latest/userguide/declarative_config.html for details.
[0.742s]         ********************************************************************************
[0.742s] 
[0.742s] !!
[0.742s]   opt = self.warn_dash_deprecation(opt, section)
[0.813s] running egg_info
[0.823s] writing ../../build/interactiveMarkerNode/interactiveMarkerNode.egg-info/PKG-INFO
[0.823s] writing dependency_links to ../../build/interactiveMarkerNode/interactiveMarkerNode.egg-info/dependency_links.txt
[0.823s] writing entry points to ../../build/interactiveMarkerNode/interactiveMarkerNode.egg-info/entry_points.txt
[0.823s] writing requirements to ../../build/interactiveMarkerNode/interactiveMarkerNode.egg-info/requires.txt
[0.823s] writing top-level names to ../../build/interactiveMarkerNode/interactiveMarkerNode.egg-info/top_level.txt
[0.862s] ERROR setuptools_scm._file_finders.git listing git files failed - pretending there aren't any
[0.976s] reading manifest file '../../build/interactiveMarkerNode/interactiveMarkerNode.egg-info/SOURCES.txt'
[0.977s] writing manifest file '../../build/interactiveMarkerNode/interactiveMarkerNode.egg-info/SOURCES.txt'
[0.977s] running build
[0.977s] running build_py
[0.977s] running install
[0.981s] running install_lib
[0.990s] running install_data
[0.990s] running install_egg_info
[1.000s] removing '/home/devel/ros_ws_t7/install/interactiveMarkerNode/lib/python3.12/site-packages/interactiveMarkerNode-0.1.0-py3.12.egg-info' (and everything under it)
[1.000s] Copying ../../build/interactiveMarkerNode/interactiveMarkerNode.egg-info to /home/devel/ros_ws_t7/install/interactiveMarkerNode/lib/python3.12/site-packages/interactiveMarkerNode-0.1.0-py3.12.egg-info
[1.000s] running install_scripts
[1.066s] Installing interactiveMarkerNode script to /home/devel/ros_ws_t7/install/interactiveMarkerNode/lib/interactiveMarkerNode
[1.066s] writing list of installed files to '/home/devel/ros_ws_t7/build/interactiveMarkerNode/install.log'
[1.086s] Invoked command in '/home/devel/ros_ws_t7/src/interactiveMarkerNode' returned '0': PYTHONPATH=/home/devel/ros_ws_t7/build/interactiveMarkerNode/prefix_override:/usr/lib/python3/dist-packages/colcon_core/task/python/colcon_distutils_commands:/home/devel/ros_ws_t7/install/interactiveMarkerNode/lib/python3.12/site-packages:${PYTHONPATH} VIRTUAL_ENV_PROMPT=(env) /usr/bin/python3 -W ignore:setup.py install is deprecated -W ignore:easy_install command is deprecated setup.py egg_info --egg-base ../../build/interactiveMarkerNode build --build-base /home/devel/ros_ws_t7/build/interactiveMarkerNode/build install --record /home/devel/ros_ws_t7/build/interactiveMarkerNode/install.log --install-scripts $base/lib/interactiveMarkerNode --single-version-externally-managed install_data
