/usr/lib/python3/dist-packages/setuptools/dist.py:744: SetuptoolsDeprecationWarning: Invalid dash-separated options
!!

        ********************************************************************************
        Usage of dash-separated 'script-dir' will not be supported in future
        versions. Please use the underscore name 'script_dir' instead.

        This deprecation is overdue, please update your project and remove deprecated
        calls to avoid build errors in the future.

        See https://setuptools.pypa.io/en/latest/userguide/declarative_config.html for details.
        ********************************************************************************

!!
  opt = self.warn_dash_deprecation(opt, section)
running egg_info
creating ../../build/interactiveMarkerNode/interactiveMarkerNode.egg-info
writing ../../build/interactiveMarkerNode/interactiveMarkerNode.egg-info/PKG-INFO
writing dependency_links to ../../build/interactiveMarkerNode/interactiveMarkerNode.egg-info/dependency_links.txt
writing entry points to ../../build/interactiveMarkerNode/interactiveMarkerNode.egg-info/entry_points.txt
writing requirements to ../../build/interactiveMarkerNode/interactiveMarkerNode.egg-info/requires.txt
writing top-level names to ../../build/interactiveMarkerNode/interactiveMarkerNode.egg-info/top_level.txt
writing manifest file '../../build/interactiveMarkerNode/interactiveMarkerNode.egg-info/SOURCES.txt'
ERROR setuptools_scm._file_finders.git listing git files failed - pretending there aren't any
reading manifest file '../../build/interactiveMarkerNode/interactiveMarkerNode.egg-info/SOURCES.txt'
writing manifest file '../../build/interactiveMarkerNode/interactiveMarkerNode.egg-info/SOURCES.txt'
running build
running build_py
creating /home/devel/ros_ws_t7/build/interactiveMarkerNode/build
creating /home/devel/ros_ws_t7/build/interactiveMarkerNode/build/lib
creating /home/devel/ros_ws_t7/build/interactiveMarkerNode/build/lib/interactiveMarkerNode
copying interactiveMarkerNode/interactiveMarkerNode.py -> /home/devel/ros_ws_t7/build/interactiveMarkerNode/build/lib/interactiveMarkerNode
running install
running install_lib
creating /home/devel/ros_ws_t7/install/interactiveMarkerNode/lib/python3.12/site-packages/interactiveMarkerNode
copying /home/devel/ros_ws_t7/build/interactiveMarkerNode/build/lib/interactiveMarkerNode/interactiveMarkerNode.py -> /home/devel/ros_ws_t7/install/interactiveMarkerNode/lib/python3.12/site-packages/interactiveMarkerNode
byte-compiling /home/devel/ros_ws_t7/install/interactiveMarkerNode/lib/python3.12/site-packages/interactiveMarkerNode/interactiveMarkerNode.py to interactiveMarkerNode.cpython-312.pyc
running install_data
creating /home/devel/ros_ws_t7/install/interactiveMarkerNode/share/ament_index
creating /home/devel/ros_ws_t7/install/interactiveMarkerNode/share/ament_index/resource_index
creating /home/devel/ros_ws_t7/install/interactiveMarkerNode/share/ament_index/resource_index/packages
copying resource/interactiveMarkerNode -> /home/devel/ros_ws_t7/install/interactiveMarkerNode/share/ament_index/resource_index/packages
copying package.xml -> /home/devel/ros_ws_t7/install/interactiveMarkerNode/share/interactiveMarkerNode
running install_egg_info
Copying ../../build/interactiveMarkerNode/interactiveMarkerNode.egg-info to /home/devel/ros_ws_t7/install/interactiveMarkerNode/lib/python3.12/site-packages/interactiveMarkerNode-0.1.0-py3.12.egg-info
running install_scripts
Installing interactiveMarkerNode script to /home/devel/ros_ws_t7/install/interactiveMarkerNode/lib/interactiveMarkerNode
writing list of installed files to '/home/devel/ros_ws_t7/build/interactiveMarkerNode/install.log'
