[0.043s] Invoking command in '/home/devel/ros_ws_t7/build/reemc_description': CMAKE_PREFIX_PATH=${CMAKE_PREFIX_PATH}:/home/devel/ros_ws_t7/install/bullet_sims:/home/devel/ros_ws_t7/install/ros_visuals:/home/devel/ros_ws_t7/install/interactiveMarkerNode:/home/devel/ros_ws_t5/install/bullet_sims:/home/devel/ros_ws_t5/install/ros_visuals:/home/devel/ros_ws_t5/install/interactiveMarkerNode:/home/devel/ros_ws_t4/install/bullet_sims:/home/devel/ros_ws_t4/install/talos_description:/home/devel/ros_ws_t4/install/simulator:/home/devel/ros_ws_t4/install/ros_visuals:/home/devel/ros_ws_t4/install/reemc_description:/home/devel/ros_ws_t4/install/interactiveMarkerNode:/opt/ros/rolling VIRTUAL_ENV_PROMPT=(env) /usr/bin/cmake --build /home/devel/ros_ws_t7/build/reemc_description -- -j16 -l16
[0.466s] Invoked command in '/home/devel/ros_ws_t7/build/reemc_description' returned '0': CMAKE_PREFIX_PATH=${CMAKE_PREFIX_PATH}:/home/devel/ros_ws_t7/install/bullet_sims:/home/devel/ros_ws_t7/install/ros_visuals:/home/devel/ros_ws_t7/install/interactiveMarkerNode:/home/devel/ros_ws_t5/install/bullet_sims:/home/devel/ros_ws_t5/install/ros_visuals:/home/devel/ros_ws_t5/install/interactiveMarkerNode:/home/devel/ros_ws_t4/install/bullet_sims:/home/devel/ros_ws_t4/install/talos_description:/home/devel/ros_ws_t4/install/simulator:/home/devel/ros_ws_t4/install/ros_visuals:/home/devel/ros_ws_t4/install/reemc_description:/home/devel/ros_ws_t4/install/interactiveMarkerNode:/opt/ros/rolling VIRTUAL_ENV_PROMPT=(env) /usr/bin/cmake --build /home/devel/ros_ws_t7/build/reemc_description -- -j16 -l16
[0.475s] Invoking command in '/home/devel/ros_ws_t7/build/reemc_description': CMAKE_PREFIX_PATH=${CMAKE_PREFIX_PATH}:/home/devel/ros_ws_t7/install/bullet_sims:/home/devel/ros_ws_t7/install/ros_visuals:/home/devel/ros_ws_t7/install/interactiveMarkerNode:/home/devel/ros_ws_t5/install/bullet_sims:/home/devel/ros_ws_t5/install/ros_visuals:/home/devel/ros_ws_t5/install/interactiveMarkerNode:/home/devel/ros_ws_t4/install/bullet_sims:/home/devel/ros_ws_t4/install/talos_description:/home/devel/ros_ws_t4/install/simulator:/home/devel/ros_ws_t4/install/ros_visuals:/home/devel/ros_ws_t4/install/reemc_description:/home/devel/ros_ws_t4/install/interactiveMarkerNode:/opt/ros/rolling VIRTUAL_ENV_PROMPT=(env) /usr/bin/cmake --install /home/devel/ros_ws_t7/build/reemc_description
[0.492s] -- Install configuration: ""
[0.492s] -- Up-to-date: /home/devel/ros_ws_t7/install/reemc_description/share/reemc_description/meshes
[0.492s] -- Up-to-date: /home/devel/ros_ws_t7/install/reemc_description/share/reemc_description/meshes/base
[0.492s] -- Up-to-date: /home/devel/ros_ws_t7/install/reemc_description/share/reemc_description/meshes/base/base_collision.stl
[0.493s] -- Up-to-date: /home/devel/ros_ws_t7/install/reemc_description/share/reemc_description/meshes/base/base.dae
[0.493s] -- Up-to-date: /home/devel/ros_ws_t7/install/reemc_description/share/reemc_description/meshes/kinect.tga
[0.494s] -- Up-to-date: /home/devel/ros_ws_t7/install/reemc_description/share/reemc_description/meshes/hey5
[0.494s] -- Up-to-date: /home/devel/ros_ws_t7/install/reemc_description/share/reemc_description/meshes/hey5/finger_abd_collision.stl
[0.494s] -- Up-to-date: /home/devel/ros_ws_t7/install/reemc_description/share/reemc_description/meshes/hey5/finger_flex_tip_collision.stl
[0.494s] -- Up-to-date: /home/devel/ros_ws_t7/install/reemc_description/share/reemc_description/meshes/hey5/thumb_abd_collision.stl
[0.494s] -- Up-to-date: /home/devel/ros_ws_t7/install/reemc_description/share/reemc_description/meshes/hey5/palm_collision.stl
[0.494s] -- Up-to-date: /home/devel/ros_ws_t7/install/reemc_description/share/reemc_description/meshes/hey5/palm.stl
[0.494s] -- Up-to-date: /home/devel/ros_ws_t7/install/reemc_description/share/reemc_description/meshes/hey5/finger_flex_collision.stl
[0.494s] -- Up-to-date: /home/devel/ros_ws_t7/install/reemc_description/share/reemc_description/meshes/head
[0.494s] -- Up-to-date: /home/devel/ros_ws_t7/install/reemc_description/share/reemc_description/meshes/head/head_1.dae
[0.494s] -- Up-to-date: /home/devel/ros_ws_t7/install/reemc_description/share/reemc_description/meshes/head/head_1_collision.stl
[0.494s] -- Up-to-date: /home/devel/ros_ws_t7/install/reemc_description/share/reemc_description/meshes/head/head_2_v1.stl
[0.494s] -- Up-to-date: /home/devel/ros_ws_t7/install/reemc_description/share/reemc_description/meshes/head/head_2_v0.dae
[0.494s] -- Up-to-date: /home/devel/ros_ws_t7/install/reemc_description/share/reemc_description/meshes/head/head_2_collision.stl
[0.494s] -- Up-to-date: /home/devel/ros_ws_t7/install/reemc_description/share/reemc_description/meshes/sensors
[0.495s] -- Up-to-date: /home/devel/ros_ws_t7/install/reemc_description/share/reemc_description/meshes/sensors/urg-04lx-ug01.stl
[0.495s] -- Up-to-date: /home/devel/ros_ws_t7/install/reemc_description/share/reemc_description/meshes/sensors/xtion_pro_live
[0.495s] -- Up-to-date: /home/devel/ros_ws_t7/install/reemc_description/share/reemc_description/meshes/sensors/xtion_pro_live/xtion_pro_live.png
[0.495s] -- Up-to-date: /home/devel/ros_ws_t7/install/reemc_description/share/reemc_description/meshes/sensors/xtion_pro_live/xtion_pro_live.dae
[0.495s] -- Up-to-date: /home/devel/ros_ws_t7/install/reemc_description/share/reemc_description/meshes/kinect.dae
[0.495s] -- Up-to-date: /home/devel/ros_ws_t7/install/reemc_description/share/reemc_description/meshes/chessboard
[0.495s] -- Up-to-date: /home/devel/ros_ws_t7/install/reemc_description/share/reemc_description/meshes/chessboard/chessboard.png
[0.495s] -- Up-to-date: /home/devel/ros_ws_t7/install/reemc_description/share/reemc_description/meshes/chessboard/chessboard.dae
[0.495s] -- Up-to-date: /home/devel/ros_ws_t7/install/reemc_description/share/reemc_description/meshes/arm
[0.495s] -- Up-to-date: /home/devel/ros_ws_t7/install/reemc_description/share/reemc_description/meshes/arm/arm_1_specular.png
[0.495s] -- Up-to-date: /home/devel/ros_ws_t7/install/reemc_description/share/reemc_description/meshes/arm/arm_4_collision.stl
[0.495s] -- Up-to-date: /home/devel/ros_ws_t7/install/reemc_description/share/reemc_description/meshes/arm/arm_3.dae
[0.495s] -- Up-to-date: /home/devel/ros_ws_t7/install/reemc_description/share/reemc_description/meshes/arm/arm_2.dae
[0.496s] -- Up-to-date: /home/devel/ros_ws_t7/install/reemc_description/share/reemc_description/meshes/arm/arm_5.dae
[0.496s] -- Up-to-date: /home/devel/ros_ws_t7/install/reemc_description/share/reemc_description/meshes/arm/arm_2_collision.stl
[0.496s] -- Up-to-date: /home/devel/ros_ws_t7/install/reemc_description/share/reemc_description/meshes/arm/arm_1_normals.png
[0.496s] -- Up-to-date: /home/devel/ros_ws_t7/install/reemc_description/share/reemc_description/meshes/arm/arm_6.dae
[0.496s] -- Up-to-date: /home/devel/ros_ws_t7/install/reemc_description/share/reemc_description/meshes/arm/arm_6_color.png
[0.496s] -- Up-to-date: /home/devel/ros_ws_t7/install/reemc_description/share/reemc_description/meshes/arm/arm_3_specular.png
[0.497s] -- Up-to-date: /home/devel/ros_ws_t7/install/reemc_description/share/reemc_description/meshes/arm/arm_5_collision.stl
[0.497s] -- Up-to-date: /home/devel/ros_ws_t7/install/reemc_description/share/reemc_description/meshes/arm/arm_2_normals.png
[0.497s] -- Up-to-date: /home/devel/ros_ws_t7/install/reemc_description/share/reemc_description/meshes/arm/arm_6_specular.png
[0.497s] -- Up-to-date: /home/devel/ros_ws_t7/install/reemc_description/share/reemc_description/meshes/arm/arm_4_specular.png
[0.497s] -- Up-to-date: /home/devel/ros_ws_t7/install/reemc_description/share/reemc_description/meshes/arm/arm_3_normals.png
[0.497s] -- Up-to-date: /home/devel/ros_ws_t7/install/reemc_description/share/reemc_description/meshes/arm/arm_2_color.png
[0.497s] -- Up-to-date: /home/devel/ros_ws_t7/install/reemc_description/share/reemc_description/meshes/arm/arm_3_collision.stl
[0.497s] -- Up-to-date: /home/devel/ros_ws_t7/install/reemc_description/share/reemc_description/meshes/arm/arm_6_normals.png
[0.497s] -- Up-to-date: /home/devel/ros_ws_t7/install/reemc_description/share/reemc_description/meshes/arm/arm_1_collision.stl
[0.497s] -- Up-to-date: /home/devel/ros_ws_t7/install/reemc_description/share/reemc_description/meshes/arm/arm_6_collision.stl
[0.497s] -- Up-to-date: /home/devel/ros_ws_t7/install/reemc_description/share/reemc_description/meshes/arm/arm_1.dae
[0.497s] -- Up-to-date: /home/devel/ros_ws_t7/install/reemc_description/share/reemc_description/meshes/arm/arm_1_color.png
[0.497s] -- Up-to-date: /home/devel/ros_ws_t7/install/reemc_description/share/reemc_description/meshes/arm/arm_4_normals.png
[0.497s] -- Up-to-date: /home/devel/ros_ws_t7/install/reemc_description/share/reemc_description/meshes/arm/arm_4_color.png
[0.498s] -- Up-to-date: /home/devel/ros_ws_t7/install/reemc_description/share/reemc_description/meshes/arm/arm_2_specular.png
[0.498s] -- Up-to-date: /home/devel/ros_ws_t7/install/reemc_description/share/reemc_description/meshes/arm/arm_3_color.png
[0.498s] -- Up-to-date: /home/devel/ros_ws_t7/install/reemc_description/share/reemc_description/meshes/arm/arm_4.dae
[0.498s] -- Up-to-date: /home/devel/ros_ws_t7/install/reemc_description/share/reemc_description/meshes/hand
[0.498s] -- Up-to-date: /home/devel/ros_ws_t7/install/reemc_description/share/reemc_description/meshes/hand/hand_palm_color.png
[0.498s] -- Up-to-date: /home/devel/ros_ws_t7/install/reemc_description/share/reemc_description/meshes/hand/hand_finger_2.dae
[0.498s] -- Up-to-date: /home/devel/ros_ws_t7/install/reemc_description/share/reemc_description/meshes/hand/hand_palm_normals.png
[0.498s] -- Up-to-date: /home/devel/ros_ws_t7/install/reemc_description/share/reemc_description/meshes/hand/hand_thumb_color.png
[0.498s] -- Up-to-date: /home/devel/ros_ws_t7/install/reemc_description/share/reemc_description/meshes/hand/hand_thumb_specular.png
[0.498s] -- Up-to-date: /home/devel/ros_ws_t7/install/reemc_description/share/reemc_description/meshes/hand/hand_finger_3_normals.png
[0.498s] -- Up-to-date: /home/devel/ros_ws_t7/install/reemc_description/share/reemc_description/meshes/hand/hand_finger_3.dae
[0.498s] -- Up-to-date: /home/devel/ros_ws_t7/install/reemc_description/share/reemc_description/meshes/hand/hand_finger_1.dae
[0.498s] -- Up-to-date: /home/devel/ros_ws_t7/install/reemc_description/share/reemc_description/meshes/hand/hand_finger_3_color.png
[0.498s] -- Up-to-date: /home/devel/ros_ws_t7/install/reemc_description/share/reemc_description/meshes/hand/hand_palm_specular.png
[0.498s] -- Up-to-date: /home/devel/ros_ws_t7/install/reemc_description/share/reemc_description/meshes/hand/hand_finger_3_specular.png
[0.498s] -- Up-to-date: /home/devel/ros_ws_t7/install/reemc_description/share/reemc_description/meshes/hand/hand_finger_2_color.png
[0.499s] -- Up-to-date: /home/devel/ros_ws_t7/install/reemc_description/share/reemc_description/meshes/hand/hand_finger_3_collision.stl
[0.499s] -- Up-to-date: /home/devel/ros_ws_t7/install/reemc_description/share/reemc_description/meshes/hand/hand_finger_1_normals.png
[0.499s] -- Up-to-date: /home/devel/ros_ws_t7/install/reemc_description/share/reemc_description/meshes/hand/hand_finger_2_collision.stl
[0.499s] -- Up-to-date: /home/devel/ros_ws_t7/install/reemc_description/share/reemc_description/meshes/hand/hand_palm.dae
[0.499s] -- Up-to-date: /home/devel/ros_ws_t7/install/reemc_description/share/reemc_description/meshes/hand/hand_finger_1_specular.png
[0.499s] -- Up-to-date: /home/devel/ros_ws_t7/install/reemc_description/share/reemc_description/meshes/hand/hand_finger_2_specular.png
[0.499s] -- Up-to-date: /home/devel/ros_ws_t7/install/reemc_description/share/reemc_description/meshes/hand/hand_thumb_normals.png
[0.499s] -- Up-to-date: /home/devel/ros_ws_t7/install/reemc_description/share/reemc_description/meshes/hand/hand_finger_1_color.png
[0.499s] -- Up-to-date: /home/devel/ros_ws_t7/install/reemc_description/share/reemc_description/meshes/hand/hand_thumb.dae
[0.500s] -- Up-to-date: /home/devel/ros_ws_t7/install/reemc_description/share/reemc_description/meshes/hand/hand_finger_1_collision.stl
[0.500s] -- Up-to-date: /home/devel/ros_ws_t7/install/reemc_description/share/reemc_description/meshes/hand/hand_finger_2_normals.png
[0.500s] -- Up-to-date: /home/devel/ros_ws_t7/install/reemc_description/share/reemc_description/meshes/hand/hand_palm_collision.stl
[0.500s] -- Up-to-date: /home/devel/ros_ws_t7/install/reemc_description/share/reemc_description/meshes/hand/hand_thumb_collision.stl
[0.500s] -- Up-to-date: /home/devel/ros_ws_t7/install/reemc_description/share/reemc_description/meshes/torso
[0.500s] -- Up-to-date: /home/devel/ros_ws_t7/install/reemc_description/share/reemc_description/meshes/torso/torso_2_collision.stl
[0.500s] -- Up-to-date: /home/devel/ros_ws_t7/install/reemc_description/share/reemc_description/meshes/torso/torso_2.dae
[0.500s] -- Up-to-date: /home/devel/ros_ws_t7/install/reemc_description/share/reemc_description/meshes/leg
[0.500s] -- Up-to-date: /home/devel/ros_ws_t7/install/reemc_description/share/reemc_description/meshes/leg/leg_3_collision.stl
[0.500s] -- Up-to-date: /home/devel/ros_ws_t7/install/reemc_description/share/reemc_description/meshes/leg/leg_6.dae
[0.500s] -- Up-to-date: /home/devel/ros_ws_t7/install/reemc_description/share/reemc_description/meshes/leg/leg_1.dae
[0.500s] -- Up-to-date: /home/devel/ros_ws_t7/install/reemc_description/share/reemc_description/meshes/leg/leg_4.dae
[0.500s] -- Up-to-date: /home/devel/ros_ws_t7/install/reemc_description/share/reemc_description/meshes/leg/leg_4_collision.stl
[0.500s] -- Up-to-date: /home/devel/ros_ws_t7/install/reemc_description/share/reemc_description/meshes/leg/r_foot.dae
[0.500s] -- Up-to-date: /home/devel/ros_ws_t7/install/reemc_description/share/reemc_description/meshes/leg/leg_3.dae
[0.500s] -- Up-to-date: /home/devel/ros_ws_t7/install/reemc_description/share/reemc_description/meshes/leg/leg_1_collision.stl
[0.500s] -- Up-to-date: /home/devel/ros_ws_t7/install/reemc_description/share/reemc_description/robots
[0.501s] -- Up-to-date: /home/devel/ros_ws_t7/install/reemc_description/share/reemc_description/robots/reemc.urdf
[0.501s] -- Up-to-date: /home/devel/ros_ws_t7/install/reemc_description/share/ament_index/resource_index/package_run_dependencies/reemc_description
[0.501s] -- Up-to-date: /home/devel/ros_ws_t7/install/reemc_description/share/ament_index/resource_index/parent_prefix_path/reemc_description
[0.501s] -- Up-to-date: /home/devel/ros_ws_t7/install/reemc_description/share/reemc_description/environment/ament_prefix_path.sh
[0.501s] -- Up-to-date: /home/devel/ros_ws_t7/install/reemc_description/share/reemc_description/environment/ament_prefix_path.dsv
[0.501s] -- Up-to-date: /home/devel/ros_ws_t7/install/reemc_description/share/reemc_description/environment/path.sh
[0.501s] -- Up-to-date: /home/devel/ros_ws_t7/install/reemc_description/share/reemc_description/environment/path.dsv
[0.501s] -- Up-to-date: /home/devel/ros_ws_t7/install/reemc_description/share/reemc_description/local_setup.bash
[0.501s] -- Up-to-date: /home/devel/ros_ws_t7/install/reemc_description/share/reemc_description/local_setup.sh
[0.501s] -- Up-to-date: /home/devel/ros_ws_t7/install/reemc_description/share/reemc_description/local_setup.zsh
[0.501s] -- Up-to-date: /home/devel/ros_ws_t7/install/reemc_description/share/reemc_description/local_setup.dsv
[0.501s] -- Installing: /home/devel/ros_ws_t7/install/reemc_description/share/reemc_description/package.dsv
[0.501s] -- Up-to-date: /home/devel/ros_ws_t7/install/reemc_description/share/ament_index/resource_index/packages/reemc_description
[0.501s] -- Up-to-date: /home/devel/ros_ws_t7/install/reemc_description/share/reemc_description/cmake/reemc_descriptionConfig.cmake
[0.501s] -- Up-to-date: /home/devel/ros_ws_t7/install/reemc_description/share/reemc_description/cmake/reemc_descriptionConfig-version.cmake
[0.502s] -- Up-to-date: /home/devel/ros_ws_t7/install/reemc_description/share/reemc_description/package.xml
[0.502s] Invoked command in '/home/devel/ros_ws_t7/build/reemc_description' returned '0': CMAKE_PREFIX_PATH=${CMAKE_PREFIX_PATH}:/home/devel/ros_ws_t7/install/bullet_sims:/home/devel/ros_ws_t7/install/ros_visuals:/home/devel/ros_ws_t7/install/interactiveMarkerNode:/home/devel/ros_ws_t5/install/bullet_sims:/home/devel/ros_ws_t5/install/ros_visuals:/home/devel/ros_ws_t5/install/interactiveMarkerNode:/home/devel/ros_ws_t4/install/bullet_sims:/home/devel/ros_ws_t4/install/talos_description:/home/devel/ros_ws_t4/install/simulator:/home/devel/ros_ws_t4/install/ros_visuals:/home/devel/ros_ws_t4/install/reemc_description:/home/devel/ros_ws_t4/install/interactiveMarkerNode:/opt/ros/rolling VIRTUAL_ENV_PROMPT=(env) /usr/bin/cmake --install /home/devel/ros_ws_t7/build/reemc_description
