[0.478s] Invoking command in '/home/devel/ros_ws_t7/src/bullet_sims': AMENT_PREFIX_PATH=/home/devel/ros_ws_t7/install/talos_description:/home/devel/ros_ws_t7/install/simulator:/home/devel/ros_ws_t7/install/reemc_description:${AMENT_PREFIX_PATH} CMAKE_PREFIX_PATH=/home/devel/ros_ws_t7/install/talos_description:/home/devel/ros_ws_t7/install/simulator:/home/devel/ros_ws_t7/install/reemc_description:${CMAKE_PREFIX_PATH} PYTHONPATH=/home/devel/ros_ws_t7/build/bullet_sims/prefix_override:/usr/lib/python3/dist-packages/colcon_core/task/python/colcon_distutils_commands:/home/devel/ros_ws_t7/install/bullet_sims/lib/python3.12/site-packages:/home/devel/ros_ws_t7/install/simulator/lib/python3.12/site-packages:${PYTHONPATH} VIRTUAL_ENV_PROMPT=(env) /usr/bin/python3 -W ignore:setup.py install is deprecated -W ignore:easy_install command is deprecated setup.py egg_info --egg-base ../../build/bullet_sims build --build-base /home/devel/ros_ws_t7/build/bullet_sims/build install --record /home/devel/ros_ws_t7/build/bullet_sims/install.log --single-version-externally-managed install_data
[0.620s] running egg_info
[0.630s] writing ../../build/bullet_sims/bullet_sims.egg-info/PKG-INFO
[0.630s] writing dependency_links to ../../build/bullet_sims/bullet_sims.egg-info/dependency_links.txt
[0.631s] writing entry points to ../../build/bullet_sims/bullet_sims.egg-info/entry_points.txt
[0.631s] writing requirements to ../../build/bullet_sims/bullet_sims.egg-info/requires.txt
[0.631s] writing top-level names to ../../build/bullet_sims/bullet_sims.egg-info/top_level.txt
[0.669s] ERROR setuptools_scm._file_finders.git listing git files failed - pretending there aren't any
[0.757s] reading manifest file '../../build/bullet_sims/bullet_sims.egg-info/SOURCES.txt'
[0.757s] writing manifest file '../../build/bullet_sims/bullet_sims.egg-info/SOURCES.txt'
[0.757s] running build
[0.758s] running build_py
[0.758s] copying bullet_sims/talos.py -> /home/devel/ros_ws_t7/build/bullet_sims/build/lib/bullet_sims
[0.758s] copying bullet_sims/footstep_planner.py -> /home/devel/ros_ws_t7/build/bullet_sims/build/lib/bullet_sims
[0.758s] copying bullet_sims/walking.py -> /home/devel/ros_ws_t7/build/bullet_sims/build/lib/bullet_sims
[0.758s] running install
[0.762s] running install_lib
[0.772s] copying /home/devel/ros_ws_t7/build/bullet_sims/build/lib/bullet_sims/talos.py -> /home/devel/ros_ws_t7/install/bullet_sims/lib/python3.12/site-packages/bullet_sims
[0.772s] copying /home/devel/ros_ws_t7/build/bullet_sims/build/lib/bullet_sims/footstep_planner.py -> /home/devel/ros_ws_t7/install/bullet_sims/lib/python3.12/site-packages/bullet_sims
[0.772s] copying /home/devel/ros_ws_t7/build/bullet_sims/build/lib/bullet_sims/walking.py -> /home/devel/ros_ws_t7/install/bullet_sims/lib/python3.12/site-packages/bullet_sims
[0.773s] byte-compiling /home/devel/ros_ws_t7/install/bullet_sims/lib/python3.12/site-packages/bullet_sims/talos.py to talos.cpython-312.pyc
[0.774s] byte-compiling /home/devel/ros_ws_t7/install/bullet_sims/lib/python3.12/site-packages/bullet_sims/footstep_planner.py to footstep_planner.cpython-312.pyc
[0.776s] byte-compiling /home/devel/ros_ws_t7/install/bullet_sims/lib/python3.12/site-packages/bullet_sims/walking.py to walking.cpython-312.pyc
[0.777s] running install_data
[0.777s] running install_egg_info
[0.786s] removing '/home/devel/ros_ws_t7/install/bullet_sims/lib/python3.12/site-packages/bullet_sims-0.0.1-py3.12.egg-info' (and everything under it)
[0.787s] Copying ../../build/bullet_sims/bullet_sims.egg-info to /home/devel/ros_ws_t7/install/bullet_sims/lib/python3.12/site-packages/bullet_sims-0.0.1-py3.12.egg-info
[0.787s] running install_scripts
[0.847s] Installing foot_trajectory script to /home/devel/ros_ws_t7/install/bullet_sims/lib/bullet_sims
[0.848s] Installing footstep_planner script to /home/devel/ros_ws_t7/install/bullet_sims/lib/bullet_sims
[0.848s] Installing lip_mpc script to /home/devel/ros_ws_t7/install/bullet_sims/lib/bullet_sims
[0.848s] Installing talos script to /home/devel/ros_ws_t7/install/bullet_sims/lib/bullet_sims
[0.848s] Installing test script to /home/devel/ros_ws_t7/install/bullet_sims/lib/bullet_sims
[0.848s] Installing walking script to /home/devel/ros_ws_t7/install/bullet_sims/lib/bullet_sims
[0.848s] writing list of installed files to '/home/devel/ros_ws_t7/build/bullet_sims/install.log'
[0.865s] Invoked command in '/home/devel/ros_ws_t7/src/bullet_sims' returned '0': AMENT_PREFIX_PATH=/home/devel/ros_ws_t7/install/talos_description:/home/devel/ros_ws_t7/install/simulator:/home/devel/ros_ws_t7/install/reemc_description:${AMENT_PREFIX_PATH} CMAKE_PREFIX_PATH=/home/devel/ros_ws_t7/install/talos_description:/home/devel/ros_ws_t7/install/simulator:/home/devel/ros_ws_t7/install/reemc_description:${CMAKE_PREFIX_PATH} PYTHONPATH=/home/devel/ros_ws_t7/build/bullet_sims/prefix_override:/usr/lib/python3/dist-packages/colcon_core/task/python/colcon_distutils_commands:/home/devel/ros_ws_t7/install/bullet_sims/lib/python3.12/site-packages:/home/devel/ros_ws_t7/install/simulator/lib/python3.12/site-packages:${PYTHONPATH} VIRTUAL_ENV_PROMPT=(env) /usr/bin/python3 -W ignore:setup.py install is deprecated -W ignore:easy_install command is deprecated setup.py egg_info --egg-base ../../build/bullet_sims build --build-base /home/devel/ros_ws_t7/build/bullet_sims/build install --record /home/devel/ros_ws_t7/build/bullet_sims/install.log --single-version-externally-managed install_data
