[0.018s] Invoking command in '/home/devel/ros_ws_t7/build/reemc_description': CMAKE_PREFIX_PATH=${CMAKE_PREFIX_PATH}:/home/devel/ros_ws_t5/install/bullet_sims:/home/devel/ros_ws_t5/install/ros_visuals:/home/devel/ros_ws_t5/install/interactiveMarkerNode:/home/devel/ros_ws_t7/install/bullet_sims:/home/devel/ros_ws_t7/install/ros_visuals:/home/devel/ros_ws_t7/install/interactiveMarkerNode:/opt/ros/rolling PS1=\[\e]0;\u@\h: \w\a\]${debian_chroot:+($debian_chroot)}\[\033[01;32m\]\u@\h\[\033[00m\]:\[\033[01;34m\]\w\[\033[00m\]\$ /usr/bin/cmake /home/devel/ros_ws_t7/src/reemc_description -DCMAKE_INSTALL_PREFIX=/home/devel/ros_ws_t7/install/reemc_description
[0.162s] -- The C compiler identification is GNU 13.3.0
[0.246s] -- The CXX compiler identification is GNU 13.3.0
[0.259s] -- Detecting C compiler ABI info
[0.316s] -- Detecting C compiler ABI info - done
[0.322s] -- Check for working C compiler: /usr/bin/cc - skipped
[0.323s] -- Detecting C compile features
[0.323s] -- Detecting C compile features - done
[0.329s] -- Detecting CXX compiler ABI info
[0.391s] -- Detecting CXX compiler ABI info - done
[0.396s] -- Check for working CXX compiler: /usr/bin/c++ - skipped
[0.396s] -- Detecting CXX compile features
[0.397s] -- Detecting CXX compile features - done
[0.403s] -- Found ament_cmake: 2.7.2 (/opt/ros/rolling/share/ament_cmake/cmake)
[0.504s] -- Found Python3: /home/devel/env/bin/python3 (found version "3.12.3") found components: Interpreter 
[0.611s] -- Found ament_lint_auto: 0.19.1 (/opt/ros/rolling/share/ament_lint_auto/cmake)
[0.625s] Traceback (most recent call last):
[0.625s]   File "/opt/ros/rolling/share/ament_cmake_core/cmake/core/package_xml_2_cmake.py", line 22, in <module>
[0.625s]     from catkin_pkg.package import parse_package_string
[0.625s] ModuleNotFoundError: No module named 'catkin_pkg'
[0.627s] [31mCMake Error at /opt/ros/rolling/share/ament_cmake_core/cmake/core/ament_package_xml.cmake:95 (message):
[0.628s]   execute_process(/home/devel/env/bin/python3
[0.628s]   /opt/ros/rolling/share/ament_cmake_core/cmake/core/package_xml_2_cmake.py
[0.628s]   /home/devel/ros_ws_t7/src/reemc_description/package.xml
[0.628s]   /home/devel/ros_ws_t7/build/reemc_description/ament_cmake_core/package.cmake)
[0.628s]   returned error code 1
[0.628s] Call Stack (most recent call first):
[0.628s]   /opt/ros/rolling/share/ament_cmake_core/cmake/core/ament_package_xml.cmake:49 (_ament_package_xml)
[0.628s]   /opt/ros/rolling/share/ament_cmake_core/cmake/core/ament_package.cmake:63 (ament_package_xml)
[0.628s]   CMakeLists.txt:18 (ament_package)
[0.628s] 
[0.628s] [0m
[0.628s] -- Configuring incomplete, errors occurred!
[0.631s] Invoked command in '/home/devel/ros_ws_t7/build/reemc_description' returned '1': CMAKE_PREFIX_PATH=${CMAKE_PREFIX_PATH}:/home/devel/ros_ws_t5/install/bullet_sims:/home/devel/ros_ws_t5/install/ros_visuals:/home/devel/ros_ws_t5/install/interactiveMarkerNode:/home/devel/ros_ws_t7/install/bullet_sims:/home/devel/ros_ws_t7/install/ros_visuals:/home/devel/ros_ws_t7/install/interactiveMarkerNode:/opt/ros/rolling PS1=\[\e]0;\u@\h: \w\a\]${debian_chroot:+($debian_chroot)}\[\033[01;32m\]\u@\h\[\033[00m\]:\[\033[01;34m\]\w\[\033[00m\]\$ /usr/bin/cmake /home/devel/ros_ws_t7/src/reemc_description -DCMAKE_INSTALL_PREFIX=/home/devel/ros_ws_t7/install/reemc_description
