running egg_info
writing ../../build/bullet_sims/bullet_sims.egg-info/PKG-INFO
writing dependency_links to ../../build/bullet_sims/bullet_sims.egg-info/dependency_links.txt
writing entry points to ../../build/bullet_sims/bullet_sims.egg-info/entry_points.txt
writing requirements to ../../build/bullet_sims/bullet_sims.egg-info/requires.txt
writing top-level names to ../../build/bullet_sims/bullet_sims.egg-info/top_level.txt
ERROR setuptools_scm._file_finders.git listing git files failed - pretending there aren't any
reading manifest file '../../build/bullet_sims/bullet_sims.egg-info/SOURCES.txt'
writing manifest file '../../build/bullet_sims/bullet_sims.egg-info/SOURCES.txt'
running build
running build_py
copying bullet_sims/talos_conf.py -> /home/devel/ros_ws_t7/build/bullet_sims/build/lib/bullet_sims
running install
running install_lib
copying /home/devel/ros_ws_t7/build/bullet_sims/build/lib/bullet_sims/talos_conf.py -> /home/devel/ros_ws_t7/install/bullet_sims/lib/python3.12/site-packages/bullet_sims
byte-compiling /home/devel/ros_ws_t7/install/bullet_sims/lib/python3.12/site-packages/bullet_sims/talos_conf.py to talos_conf.cpython-312.pyc
running install_data
running install_egg_info
removing '/home/devel/ros_ws_t7/install/bullet_sims/lib/python3.12/site-packages/bullet_sims-0.0.1-py3.12.egg-info' (and everything under it)
Copying ../../build/bullet_sims/bullet_sims.egg-info to /home/devel/ros_ws_t7/install/bullet_sims/lib/python3.12/site-packages/bullet_sims-0.0.1-py3.12.egg-info
running install_scripts
Installing foot_trajectory script to /home/devel/ros_ws_t7/install/bullet_sims/lib/bullet_sims
Installing footstep_planner script to /home/devel/ros_ws_t7/install/bullet_sims/lib/bullet_sims
Installing talos script to /home/devel/ros_ws_t7/install/bullet_sims/lib/bullet_sims
writing list of installed files to '/home/devel/ros_ws_t7/build/bullet_sims/install.log'
