[0.289s] DEBUG:colcon:Command line arguments: ['/usr/bin/colcon', 'build']
[0.289s] DEBUG:colcon:Parsed command line arguments: Namespace(log_base=None, log_level=None, verb_name='build', build_base='build', install_base='install', merge_install=False, symlink_install=False, test_result_base=None, continue_on_error=False, executor='parallel', parallel_workers=16, event_handlers=None, ignore_user_meta=False, metas=['./colcon.meta'], base_paths=['.'], packages_ignore=None, packages_ignore_regex=None, paths=None, packages_up_to=None, packages_up_to_regex=None, packages_above=None, packages_above_and_dependencies=None, packages_above_depth=None, packages_select_by_dep=None, packages_skip_by_dep=None, packages_skip_up_to=None, packages_select_build_failed=False, packages_skip_build_finished=False, packages_select_test_failures=False, packages_skip_test_passed=False, packages_select=None, packages_skip=None, packages_select_regex=None, packages_skip_regex=None, packages_start=None, packages_end=None, cmake_args=None, cmake_target=None, cmake_target_skip_unavailable=False, cmake_clean_cache=False, cmake_clean_first=False, cmake_force_configure=False, ament_cmake_args=None, catkin_cmake_args=None, catkin_skip_building_tests=False, mixin_files=None, mixin=None, verb_parser=<colcon_mixin.mixin.mixin_argument.MixinArgumentDecorator object at 0x7baace64c950>, verb_extension=<colcon_core.verb.build.BuildVerb object at 0x7baace764e60>, main=<bound method BuildVerb.main of <colcon_core.verb.build.BuildVerb object at 0x7baace764e60>>, mixin_verb=('build',))
[0.368s] Level 1:colcon.colcon_core.package_discovery:discover_packages(colcon_meta) check parameters
[0.368s] Level 1:colcon.colcon_core.package_discovery:discover_packages(recursive) check parameters
[0.368s] Level 1:colcon.colcon_core.package_discovery:discover_packages(ignore) check parameters
[0.368s] Level 1:colcon.colcon_core.package_discovery:discover_packages(path) check parameters
[0.368s] Level 1:colcon.colcon_core.package_discovery:discover_packages(colcon_meta) discover
[0.368s] Level 1:colcon.colcon_core.package_discovery:discover_packages(recursive) discover
[0.368s] INFO:colcon.colcon_core.package_discovery:Crawling recursively for packages in '/home/devel/ros_ws_t7'
[0.368s] Level 1:colcon.colcon_core.package_identification:_identify(.) by extensions ['ignore', 'ignore_ament_install']
[0.369s] Level 1:colcon.colcon_core.package_identification:_identify(.) by extension 'ignore'
[0.369s] Level 1:colcon.colcon_core.package_identification:_identify(.) by extension 'ignore_ament_install'
[0.369s] Level 1:colcon.colcon_core.package_identification:_identify(.) by extensions ['colcon_pkg']
[0.369s] Level 1:colcon.colcon_core.package_identification:_identify(.) by extension 'colcon_pkg'
[0.369s] Level 1:colcon.colcon_core.package_identification:_identify(.) by extensions ['colcon_meta']
[0.369s] Level 1:colcon.colcon_core.package_identification:_identify(.) by extension 'colcon_meta'
[0.369s] Level 1:colcon.colcon_core.package_identification:_identify(.) by extensions ['ros']
[0.369s] Level 1:colcon.colcon_core.package_identification:_identify(.) by extension 'ros'
[0.402s] Level 1:colcon.colcon_core.package_identification:_identify(.) by extensions ['cmake', 'python']
[0.402s] Level 1:colcon.colcon_core.package_identification:_identify(.) by extension 'cmake'
[0.402s] Level 1:colcon.colcon_core.package_identification:_identify(.) by extension 'python'
[0.402s] Level 1:colcon.colcon_core.package_identification:_identify(.) by extensions ['python_setup_py']
[0.402s] Level 1:colcon.colcon_core.package_identification:_identify(.) by extension 'python_setup_py'
[0.402s] Level 1:colcon.colcon_core.package_identification:_identify(build) by extensions ['ignore', 'ignore_ament_install']
[0.402s] Level 1:colcon.colcon_core.package_identification:_identify(build) by extension 'ignore'
[0.403s] Level 1:colcon.colcon_core.package_identification:_identify(build) ignored
[0.403s] Level 1:colcon.colcon_core.package_identification:_identify(install) by extensions ['ignore', 'ignore_ament_install']
[0.403s] Level 1:colcon.colcon_core.package_identification:_identify(install) by extension 'ignore'
[0.403s] Level 1:colcon.colcon_core.package_identification:_identify(install) ignored
[0.403s] Level 1:colcon.colcon_core.package_identification:_identify(log) by extensions ['ignore', 'ignore_ament_install']
[0.403s] Level 1:colcon.colcon_core.package_identification:_identify(log) by extension 'ignore'
[0.403s] Level 1:colcon.colcon_core.package_identification:_identify(log) ignored
[0.403s] Level 1:colcon.colcon_core.package_identification:_identify(src) by extensions ['ignore', 'ignore_ament_install']
[0.403s] Level 1:colcon.colcon_core.package_identification:_identify(src) by extension 'ignore'
[0.403s] Level 1:colcon.colcon_core.package_identification:_identify(src) by extension 'ignore_ament_install'
[0.403s] Level 1:colcon.colcon_core.package_identification:_identify(src) by extensions ['colcon_pkg']
[0.403s] Level 1:colcon.colcon_core.package_identification:_identify(src) by extension 'colcon_pkg'
[0.403s] Level 1:colcon.colcon_core.package_identification:_identify(src) by extensions ['colcon_meta']
[0.403s] Level 1:colcon.colcon_core.package_identification:_identify(src) by extension 'colcon_meta'
[0.403s] Level 1:colcon.colcon_core.package_identification:_identify(src) by extensions ['ros']
[0.403s] Level 1:colcon.colcon_core.package_identification:_identify(src) by extension 'ros'
[0.403s] Level 1:colcon.colcon_core.package_identification:_identify(src) by extensions ['cmake', 'python']
[0.403s] Level 1:colcon.colcon_core.package_identification:_identify(src) by extension 'cmake'
[0.403s] Level 1:colcon.colcon_core.package_identification:_identify(src) by extension 'python'
[0.403s] Level 1:colcon.colcon_core.package_identification:_identify(src) by extensions ['python_setup_py']
[0.403s] Level 1:colcon.colcon_core.package_identification:_identify(src) by extension 'python_setup_py'
[0.403s] Level 1:colcon.colcon_core.package_identification:_identify(src/bullet_sims) by extensions ['ignore', 'ignore_ament_install']
[0.403s] Level 1:colcon.colcon_core.package_identification:_identify(src/bullet_sims) by extension 'ignore'
[0.403s] Level 1:colcon.colcon_core.package_identification:_identify(src/bullet_sims) by extension 'ignore_ament_install'
[0.404s] Level 1:colcon.colcon_core.package_identification:_identify(src/bullet_sims) by extensions ['colcon_pkg']
[0.404s] Level 1:colcon.colcon_core.package_identification:_identify(src/bullet_sims) by extension 'colcon_pkg'
[0.404s] Level 1:colcon.colcon_core.package_identification:_identify(src/bullet_sims) by extensions ['colcon_meta']
[0.404s] Level 1:colcon.colcon_core.package_identification:_identify(src/bullet_sims) by extension 'colcon_meta'
[0.404s] Level 1:colcon.colcon_core.package_identification:_identify(src/bullet_sims) by extensions ['ros']
[0.404s] Level 1:colcon.colcon_core.package_identification:_identify(src/bullet_sims) by extension 'ros'
[0.407s] DEBUG:colcon.colcon_core.package_identification:Package 'src/bullet_sims' with type 'ros.ament_python' and name 'bullet_sims'
[0.407s] Level 1:colcon.colcon_core.package_identification:_identify(src/interactiveMarkerNode) by extensions ['ignore', 'ignore_ament_install']
[0.407s] Level 1:colcon.colcon_core.package_identification:_identify(src/interactiveMarkerNode) by extension 'ignore'
[0.407s] Level 1:colcon.colcon_core.package_identification:_identify(src/interactiveMarkerNode) by extension 'ignore_ament_install'
[0.407s] Level 1:colcon.colcon_core.package_identification:_identify(src/interactiveMarkerNode) by extensions ['colcon_pkg']
[0.407s] Level 1:colcon.colcon_core.package_identification:_identify(src/interactiveMarkerNode) by extension 'colcon_pkg'
[0.407s] Level 1:colcon.colcon_core.package_identification:_identify(src/interactiveMarkerNode) by extensions ['colcon_meta']
[0.407s] Level 1:colcon.colcon_core.package_identification:_identify(src/interactiveMarkerNode) by extension 'colcon_meta'
[0.407s] Level 1:colcon.colcon_core.package_identification:_identify(src/interactiveMarkerNode) by extensions ['ros']
[0.407s] Level 1:colcon.colcon_core.package_identification:_identify(src/interactiveMarkerNode) by extension 'ros'
[0.408s] DEBUG:colcon.colcon_core.package_identification:Package 'src/interactiveMarkerNode' with type 'ros.ament_python' and name 'interactiveMarkerNode'
[0.408s] Level 1:colcon.colcon_core.package_identification:_identify(src/reemc_description) by extensions ['ignore', 'ignore_ament_install']
[0.408s] Level 1:colcon.colcon_core.package_identification:_identify(src/reemc_description) by extension 'ignore'
[0.408s] Level 1:colcon.colcon_core.package_identification:_identify(src/reemc_description) by extension 'ignore_ament_install'
[0.408s] Level 1:colcon.colcon_core.package_identification:_identify(src/reemc_description) by extensions ['colcon_pkg']
[0.408s] Level 1:colcon.colcon_core.package_identification:_identify(src/reemc_description) by extension 'colcon_pkg'
[0.408s] Level 1:colcon.colcon_core.package_identification:_identify(src/reemc_description) by extensions ['colcon_meta']
[0.408s] Level 1:colcon.colcon_core.package_identification:_identify(src/reemc_description) by extension 'colcon_meta'
[0.408s] Level 1:colcon.colcon_core.package_identification:_identify(src/reemc_description) by extensions ['ros']
[0.408s] Level 1:colcon.colcon_core.package_identification:_identify(src/reemc_description) by extension 'ros'
[0.409s] DEBUG:colcon.colcon_core.package_identification:Package 'src/reemc_description' with type 'ros.ament_cmake' and name 'reemc_description'
[0.409s] Level 1:colcon.colcon_core.package_identification:_identify(src/ros_visuals) by extensions ['ignore', 'ignore_ament_install']
[0.409s] Level 1:colcon.colcon_core.package_identification:_identify(src/ros_visuals) by extension 'ignore'
[0.409s] Level 1:colcon.colcon_core.package_identification:_identify(src/ros_visuals) by extension 'ignore_ament_install'
[0.409s] Level 1:colcon.colcon_core.package_identification:_identify(src/ros_visuals) by extensions ['colcon_pkg']
[0.409s] Level 1:colcon.colcon_core.package_identification:_identify(src/ros_visuals) by extension 'colcon_pkg'
[0.409s] Level 1:colcon.colcon_core.package_identification:_identify(src/ros_visuals) by extensions ['colcon_meta']
[0.409s] Level 1:colcon.colcon_core.package_identification:_identify(src/ros_visuals) by extension 'colcon_meta'
[0.409s] Level 1:colcon.colcon_core.package_identification:_identify(src/ros_visuals) by extensions ['ros']
[0.409s] Level 1:colcon.colcon_core.package_identification:_identify(src/ros_visuals) by extension 'ros'
[0.410s] DEBUG:colcon.colcon_core.package_identification:Package 'src/ros_visuals' with type 'ros.ament_python' and name 'ros_visuals'
[0.410s] Level 1:colcon.colcon_core.package_identification:_identify(src/simulator) by extensions ['ignore', 'ignore_ament_install']
[0.410s] Level 1:colcon.colcon_core.package_identification:_identify(src/simulator) by extension 'ignore'
[0.410s] Level 1:colcon.colcon_core.package_identification:_identify(src/simulator) by extension 'ignore_ament_install'
[0.410s] Level 1:colcon.colcon_core.package_identification:_identify(src/simulator) by extensions ['colcon_pkg']
[0.410s] Level 1:colcon.colcon_core.package_identification:_identify(src/simulator) by extension 'colcon_pkg'
[0.410s] Level 1:colcon.colcon_core.package_identification:_identify(src/simulator) by extensions ['colcon_meta']
[0.410s] Level 1:colcon.colcon_core.package_identification:_identify(src/simulator) by extension 'colcon_meta'
[0.410s] Level 1:colcon.colcon_core.package_identification:_identify(src/simulator) by extensions ['ros']
[0.410s] Level 1:colcon.colcon_core.package_identification:_identify(src/simulator) by extension 'ros'
[0.411s] DEBUG:colcon.colcon_core.package_identification:Package 'src/simulator' with type 'ros.ament_cmake' and name 'simulator'
[0.411s] Level 1:colcon.colcon_core.package_identification:_identify(src/talos_description) by extensions ['ignore', 'ignore_ament_install']
[0.411s] Level 1:colcon.colcon_core.package_identification:_identify(src/talos_description) by extension 'ignore'
[0.411s] Level 1:colcon.colcon_core.package_identification:_identify(src/talos_description) by extension 'ignore_ament_install'
[0.411s] Level 1:colcon.colcon_core.package_identification:_identify(src/talos_description) by extensions ['colcon_pkg']
[0.411s] Level 1:colcon.colcon_core.package_identification:_identify(src/talos_description) by extension 'colcon_pkg'
[0.411s] Level 1:colcon.colcon_core.package_identification:_identify(src/talos_description) by extensions ['colcon_meta']
[0.411s] Level 1:colcon.colcon_core.package_identification:_identify(src/talos_description) by extension 'colcon_meta'
[0.411s] Level 1:colcon.colcon_core.package_identification:_identify(src/talos_description) by extensions ['ros']
[0.411s] Level 1:colcon.colcon_core.package_identification:_identify(src/talos_description) by extension 'ros'
[0.411s] DEBUG:colcon.colcon_core.package_identification:Package 'src/talos_description' with type 'ros.ament_cmake' and name 'talos_description'
[0.411s] Level 1:colcon.colcon_core.package_discovery:discover_packages(recursive) using defaults
[0.412s] Level 1:colcon.colcon_core.package_discovery:discover_packages(ignore) discover
[0.412s] Level 1:colcon.colcon_core.package_discovery:discover_packages(ignore) using defaults
[0.412s] Level 1:colcon.colcon_core.package_discovery:discover_packages(path) discover
[0.412s] Level 1:colcon.colcon_core.package_discovery:discover_packages(path) using defaults
[0.448s] Level 5:colcon.colcon_core.verb:set package 'interactiveMarkerNode' build argument 'cmake_args' from command line to 'None'
[0.448s] Level 5:colcon.colcon_core.verb:set package 'interactiveMarkerNode' build argument 'cmake_target' from command line to 'None'
[0.448s] Level 5:colcon.colcon_core.verb:set package 'interactiveMarkerNode' build argument 'cmake_target_skip_unavailable' from command line to 'False'
[0.448s] Level 5:colcon.colcon_core.verb:set package 'interactiveMarkerNode' build argument 'cmake_clean_cache' from command line to 'False'
[0.448s] Level 5:colcon.colcon_core.verb:set package 'interactiveMarkerNode' build argument 'cmake_clean_first' from command line to 'False'
[0.448s] Level 5:colcon.colcon_core.verb:set package 'interactiveMarkerNode' build argument 'cmake_force_configure' from command line to 'False'
[0.448s] Level 5:colcon.colcon_core.verb:set package 'interactiveMarkerNode' build argument 'ament_cmake_args' from command line to 'None'
[0.448s] Level 5:colcon.colcon_core.verb:set package 'interactiveMarkerNode' build argument 'catkin_cmake_args' from command line to 'None'
[0.448s] Level 5:colcon.colcon_core.verb:set package 'interactiveMarkerNode' build argument 'catkin_skip_building_tests' from command line to 'False'
[0.448s] DEBUG:colcon.colcon_core.verb:Building package 'interactiveMarkerNode' with the following arguments: {'ament_cmake_args': None, 'build_base': '/home/devel/ros_ws_t7/build/interactiveMarkerNode', 'catkin_cmake_args': None, 'catkin_skip_building_tests': False, 'cmake_args': None, 'cmake_clean_cache': False, 'cmake_clean_first': False, 'cmake_force_configure': False, 'cmake_target': None, 'cmake_target_skip_unavailable': False, 'install_base': '/home/devel/ros_ws_t7/install/interactiveMarkerNode', 'merge_install': False, 'path': '/home/devel/ros_ws_t7/src/interactiveMarkerNode', 'symlink_install': False, 'test_result_base': None}
[0.449s] Level 5:colcon.colcon_core.verb:set package 'reemc_description' build argument 'cmake_args' from command line to 'None'
[0.449s] Level 5:colcon.colcon_core.verb:set package 'reemc_description' build argument 'cmake_target' from command line to 'None'
[0.449s] Level 5:colcon.colcon_core.verb:set package 'reemc_description' build argument 'cmake_target_skip_unavailable' from command line to 'False'
[0.449s] Level 5:colcon.colcon_core.verb:set package 'reemc_description' build argument 'cmake_clean_cache' from command line to 'False'
[0.449s] Level 5:colcon.colcon_core.verb:set package 'reemc_description' build argument 'cmake_clean_first' from command line to 'False'
[0.449s] Level 5:colcon.colcon_core.verb:set package 'reemc_description' build argument 'cmake_force_configure' from command line to 'False'
[0.449s] Level 5:colcon.colcon_core.verb:set package 'reemc_description' build argument 'ament_cmake_args' from command line to 'None'
[0.449s] Level 5:colcon.colcon_core.verb:set package 'reemc_description' build argument 'catkin_cmake_args' from command line to 'None'
[0.449s] Level 5:colcon.colcon_core.verb:set package 'reemc_description' build argument 'catkin_skip_building_tests' from command line to 'False'
[0.449s] DEBUG:colcon.colcon_core.verb:Building package 'reemc_description' with the following arguments: {'ament_cmake_args': None, 'build_base': '/home/devel/ros_ws_t7/build/reemc_description', 'catkin_cmake_args': None, 'catkin_skip_building_tests': False, 'cmake_args': None, 'cmake_clean_cache': False, 'cmake_clean_first': False, 'cmake_force_configure': False, 'cmake_target': None, 'cmake_target_skip_unavailable': False, 'install_base': '/home/devel/ros_ws_t7/install/reemc_description', 'merge_install': False, 'path': '/home/devel/ros_ws_t7/src/reemc_description', 'symlink_install': False, 'test_result_base': None}
[0.449s] Level 5:colcon.colcon_core.verb:set package 'ros_visuals' build argument 'cmake_args' from command line to 'None'
[0.449s] Level 5:colcon.colcon_core.verb:set package 'ros_visuals' build argument 'cmake_target' from command line to 'None'
[0.449s] Level 5:colcon.colcon_core.verb:set package 'ros_visuals' build argument 'cmake_target_skip_unavailable' from command line to 'False'
[0.449s] Level 5:colcon.colcon_core.verb:set package 'ros_visuals' build argument 'cmake_clean_cache' from command line to 'False'
[0.449s] Level 5:colcon.colcon_core.verb:set package 'ros_visuals' build argument 'cmake_clean_first' from command line to 'False'
[0.449s] Level 5:colcon.colcon_core.verb:set package 'ros_visuals' build argument 'cmake_force_configure' from command line to 'False'
[0.449s] Level 5:colcon.colcon_core.verb:set package 'ros_visuals' build argument 'ament_cmake_args' from command line to 'None'
[0.449s] Level 5:colcon.colcon_core.verb:set package 'ros_visuals' build argument 'catkin_cmake_args' from command line to 'None'
[0.449s] Level 5:colcon.colcon_core.verb:set package 'ros_visuals' build argument 'catkin_skip_building_tests' from command line to 'False'
[0.449s] DEBUG:colcon.colcon_core.verb:Building package 'ros_visuals' with the following arguments: {'ament_cmake_args': None, 'build_base': '/home/devel/ros_ws_t7/build/ros_visuals', 'catkin_cmake_args': None, 'catkin_skip_building_tests': False, 'cmake_args': None, 'cmake_clean_cache': False, 'cmake_clean_first': False, 'cmake_force_configure': False, 'cmake_target': None, 'cmake_target_skip_unavailable': False, 'install_base': '/home/devel/ros_ws_t7/install/ros_visuals', 'merge_install': False, 'path': '/home/devel/ros_ws_t7/src/ros_visuals', 'symlink_install': False, 'test_result_base': None}
[0.450s] Level 5:colcon.colcon_core.verb:set package 'simulator' build argument 'cmake_args' from command line to 'None'
[0.450s] Level 5:colcon.colcon_core.verb:set package 'simulator' build argument 'cmake_target' from command line to 'None'
[0.450s] Level 5:colcon.colcon_core.verb:set package 'simulator' build argument 'cmake_target_skip_unavailable' from command line to 'False'
[0.450s] Level 5:colcon.colcon_core.verb:set package 'simulator' build argument 'cmake_clean_cache' from command line to 'False'
[0.450s] Level 5:colcon.colcon_core.verb:set package 'simulator' build argument 'cmake_clean_first' from command line to 'False'
[0.450s] Level 5:colcon.colcon_core.verb:set package 'simulator' build argument 'cmake_force_configure' from command line to 'False'
[0.450s] Level 5:colcon.colcon_core.verb:set package 'simulator' build argument 'ament_cmake_args' from command line to 'None'
[0.450s] Level 5:colcon.colcon_core.verb:set package 'simulator' build argument 'catkin_cmake_args' from command line to 'None'
[0.450s] Level 5:colcon.colcon_core.verb:set package 'simulator' build argument 'catkin_skip_building_tests' from command line to 'False'
[0.450s] DEBUG:colcon.colcon_core.verb:Building package 'simulator' with the following arguments: {'ament_cmake_args': None, 'build_base': '/home/devel/ros_ws_t7/build/simulator', 'catkin_cmake_args': None, 'catkin_skip_building_tests': False, 'cmake_args': None, 'cmake_clean_cache': False, 'cmake_clean_first': False, 'cmake_force_configure': False, 'cmake_target': None, 'cmake_target_skip_unavailable': False, 'install_base': '/home/devel/ros_ws_t7/install/simulator', 'merge_install': False, 'path': '/home/devel/ros_ws_t7/src/simulator', 'symlink_install': False, 'test_result_base': None}
[0.450s] Level 5:colcon.colcon_core.verb:set package 'talos_description' build argument 'cmake_args' from command line to 'None'
[0.450s] Level 5:colcon.colcon_core.verb:set package 'talos_description' build argument 'cmake_target' from command line to 'None'
[0.450s] Level 5:colcon.colcon_core.verb:set package 'talos_description' build argument 'cmake_target_skip_unavailable' from command line to 'False'
[0.450s] Level 5:colcon.colcon_core.verb:set package 'talos_description' build argument 'cmake_clean_cache' from command line to 'False'
[0.450s] Level 5:colcon.colcon_core.verb:set package 'talos_description' build argument 'cmake_clean_first' from command line to 'False'
[0.450s] Level 5:colcon.colcon_core.verb:set package 'talos_description' build argument 'cmake_force_configure' from command line to 'False'
[0.450s] Level 5:colcon.colcon_core.verb:set package 'talos_description' build argument 'ament_cmake_args' from command line to 'None'
[0.450s] Level 5:colcon.colcon_core.verb:set package 'talos_description' build argument 'catkin_cmake_args' from command line to 'None'
[0.450s] Level 5:colcon.colcon_core.verb:set package 'talos_description' build argument 'catkin_skip_building_tests' from command line to 'False'
[0.450s] DEBUG:colcon.colcon_core.verb:Building package 'talos_description' with the following arguments: {'ament_cmake_args': None, 'build_base': '/home/devel/ros_ws_t7/build/talos_description', 'catkin_cmake_args': None, 'catkin_skip_building_tests': False, 'cmake_args': None, 'cmake_clean_cache': False, 'cmake_clean_first': False, 'cmake_force_configure': False, 'cmake_target': None, 'cmake_target_skip_unavailable': False, 'install_base': '/home/devel/ros_ws_t7/install/talos_description', 'merge_install': False, 'path': '/home/devel/ros_ws_t7/src/talos_description', 'symlink_install': False, 'test_result_base': None}
[0.450s] Level 5:colcon.colcon_core.verb:set package 'bullet_sims' build argument 'cmake_args' from command line to 'None'
[0.450s] Level 5:colcon.colcon_core.verb:set package 'bullet_sims' build argument 'cmake_target' from command line to 'None'
[0.450s] Level 5:colcon.colcon_core.verb:set package 'bullet_sims' build argument 'cmake_target_skip_unavailable' from command line to 'False'
[0.451s] Level 5:colcon.colcon_core.verb:set package 'bullet_sims' build argument 'cmake_clean_cache' from command line to 'False'
[0.451s] Level 5:colcon.colcon_core.verb:set package 'bullet_sims' build argument 'cmake_clean_first' from command line to 'False'
[0.451s] Level 5:colcon.colcon_core.verb:set package 'bullet_sims' build argument 'cmake_force_configure' from command line to 'False'
[0.451s] Level 5:colcon.colcon_core.verb:set package 'bullet_sims' build argument 'ament_cmake_args' from command line to 'None'
[0.451s] Level 5:colcon.colcon_core.verb:set package 'bullet_sims' build argument 'catkin_cmake_args' from command line to 'None'
[0.451s] Level 5:colcon.colcon_core.verb:set package 'bullet_sims' build argument 'catkin_skip_building_tests' from command line to 'False'
[0.451s] DEBUG:colcon.colcon_core.verb:Building package 'bullet_sims' with the following arguments: {'ament_cmake_args': None, 'build_base': '/home/devel/ros_ws_t7/build/bullet_sims', 'catkin_cmake_args': None, 'catkin_skip_building_tests': False, 'cmake_args': None, 'cmake_clean_cache': False, 'cmake_clean_first': False, 'cmake_force_configure': False, 'cmake_target': None, 'cmake_target_skip_unavailable': False, 'install_base': '/home/devel/ros_ws_t7/install/bullet_sims', 'merge_install': False, 'path': '/home/devel/ros_ws_t7/src/bullet_sims', 'symlink_install': False, 'test_result_base': None}
[0.451s] INFO:colcon.colcon_core.executor:Executing jobs using 'parallel' executor
[0.452s] DEBUG:colcon.colcon_parallel_executor.executor.parallel:run_until_complete
[0.452s] INFO:colcon.colcon_ros.task.ament_cmake.build:Building ROS package in '/home/devel/ros_ws_t7/src/reemc_description' with build type 'ament_cmake'
[0.452s] INFO:colcon.colcon_cmake.task.cmake.build:Building CMake package in '/home/devel/ros_ws_t7/src/reemc_description'
[0.457s] INFO:colcon.colcon_core.plugin_system:Skipping extension 'colcon_core.shell.bat': Not used on non-Windows systems
[0.457s] INFO:colcon.colcon_core.shell:Skip shell extension 'powershell' for command environment: Not usable outside of PowerShell
[0.457s] DEBUG:colcon.colcon_core.shell:Skip shell extension 'dsv' for command environment
[0.466s] INFO:colcon.colcon_ros.task.ament_cmake.build:Building ROS package in '/home/devel/ros_ws_t7/src/simulator' with build type 'ament_cmake'
[0.467s] INFO:colcon.colcon_cmake.task.cmake.build:Building CMake package in '/home/devel/ros_ws_t7/src/simulator'
[0.467s] INFO:colcon.colcon_core.shell:Skip shell extension 'powershell' for command environment: Not usable outside of PowerShell
[0.467s] DEBUG:colcon.colcon_core.shell:Skip shell extension 'dsv' for command environment
[0.474s] INFO:colcon.colcon_ros.task.ament_cmake.build:Building ROS package in '/home/devel/ros_ws_t7/src/talos_description' with build type 'ament_cmake'
[0.474s] INFO:colcon.colcon_cmake.task.cmake.build:Building CMake package in '/home/devel/ros_ws_t7/src/talos_description'
[0.475s] INFO:colcon.colcon_core.shell:Skip shell extension 'powershell' for command environment: Not usable outside of PowerShell
[0.475s] DEBUG:colcon.colcon_core.shell:Skip shell extension 'dsv' for command environment
[0.482s] INFO:colcon.colcon_ros.task.ament_python.build:Building ROS package in '/home/devel/ros_ws_t7/src/interactiveMarkerNode' with build type 'ament_python'
[0.483s] Level 1:colcon.colcon_core.shell:create_environment_hook('interactiveMarkerNode', 'ament_prefix_path')
[0.483s] INFO:colcon.colcon_core.shell:Creating environment hook '/home/devel/ros_ws_t7/install/interactiveMarkerNode/share/interactiveMarkerNode/hook/ament_prefix_path.ps1'
[0.485s] INFO:colcon.colcon_core.shell:Creating environment descriptor '/home/devel/ros_ws_t7/install/interactiveMarkerNode/share/interactiveMarkerNode/hook/ament_prefix_path.dsv'
[0.485s] INFO:colcon.colcon_core.shell:Creating environment hook '/home/devel/ros_ws_t7/install/interactiveMarkerNode/share/interactiveMarkerNode/hook/ament_prefix_path.sh'
[0.487s] INFO:colcon.colcon_core.shell:Skip shell extension 'powershell' for command environment: Not usable outside of PowerShell
[0.487s] DEBUG:colcon.colcon_core.shell:Skip shell extension 'dsv' for command environment
[0.495s] INFO:colcon.colcon_ros.task.ament_python.build:Building ROS package in '/home/devel/ros_ws_t7/src/ros_visuals' with build type 'ament_python'
[0.496s] Level 1:colcon.colcon_core.shell:create_environment_hook('ros_visuals', 'ament_prefix_path')
[0.496s] INFO:colcon.colcon_core.shell:Creating environment hook '/home/devel/ros_ws_t7/install/ros_visuals/share/ros_visuals/hook/ament_prefix_path.ps1'
[0.497s] INFO:colcon.colcon_core.shell:Creating environment descriptor '/home/devel/ros_ws_t7/install/ros_visuals/share/ros_visuals/hook/ament_prefix_path.dsv'
[0.498s] INFO:colcon.colcon_core.shell:Creating environment hook '/home/devel/ros_ws_t7/install/ros_visuals/share/ros_visuals/hook/ament_prefix_path.sh'
[0.498s] INFO:colcon.colcon_core.shell:Skip shell extension 'powershell' for command environment: Not usable outside of PowerShell
[0.498s] DEBUG:colcon.colcon_core.shell:Skip shell extension 'dsv' for command environment
[0.513s] DEBUG:colcon.colcon_core.event_handler.log_command:Invoking command in '/home/devel/ros_ws_t7/build/reemc_description': CMAKE_PREFIX_PATH=${CMAKE_PREFIX_PATH}:/home/devel/ros_ws_t7/install/bullet_sims:/home/devel/ros_ws_t7/install/ros_visuals:/home/devel/ros_ws_t7/install/interactiveMarkerNode:/home/devel/ros_ws_t5/install/bullet_sims:/home/devel/ros_ws_t5/install/ros_visuals:/home/devel/ros_ws_t5/install/interactiveMarkerNode:/home/devel/ros_ws_t4/install/bullet_sims:/home/devel/ros_ws_t4/install/talos_description:/home/devel/ros_ws_t4/install/simulator:/home/devel/ros_ws_t4/install/ros_visuals:/home/devel/ros_ws_t4/install/reemc_description:/home/devel/ros_ws_t4/install/interactiveMarkerNode:/opt/ros/rolling VIRTUAL_ENV_PROMPT=(env) /usr/bin/cmake --build /home/devel/ros_ws_t7/build/reemc_description -- -j16 -l16
[0.523s] DEBUG:colcon.colcon_core.event_handler.log_command:Invoking command in '/home/devel/ros_ws_t7/build/simulator': CMAKE_PREFIX_PATH=${CMAKE_PREFIX_PATH}:/home/devel/ros_ws_t7/install/bullet_sims:/home/devel/ros_ws_t7/install/ros_visuals:/home/devel/ros_ws_t7/install/interactiveMarkerNode:/home/devel/ros_ws_t5/install/bullet_sims:/home/devel/ros_ws_t5/install/ros_visuals:/home/devel/ros_ws_t5/install/interactiveMarkerNode:/home/devel/ros_ws_t4/install/bullet_sims:/home/devel/ros_ws_t4/install/talos_description:/home/devel/ros_ws_t4/install/simulator:/home/devel/ros_ws_t4/install/ros_visuals:/home/devel/ros_ws_t4/install/reemc_description:/home/devel/ros_ws_t4/install/interactiveMarkerNode:/opt/ros/rolling VIRTUAL_ENV_PROMPT=(env) /usr/bin/cmake --build /home/devel/ros_ws_t7/build/simulator -- -j16 -l16
[0.527s] DEBUG:colcon.colcon_core.event_handler.log_command:Invoking command in '/home/devel/ros_ws_t7/build/talos_description': CMAKE_PREFIX_PATH=${CMAKE_PREFIX_PATH}:/home/devel/ros_ws_t7/install/bullet_sims:/home/devel/ros_ws_t7/install/ros_visuals:/home/devel/ros_ws_t7/install/interactiveMarkerNode:/home/devel/ros_ws_t5/install/bullet_sims:/home/devel/ros_ws_t5/install/ros_visuals:/home/devel/ros_ws_t5/install/interactiveMarkerNode:/home/devel/ros_ws_t4/install/bullet_sims:/home/devel/ros_ws_t4/install/talos_description:/home/devel/ros_ws_t4/install/simulator:/home/devel/ros_ws_t4/install/ros_visuals:/home/devel/ros_ws_t4/install/reemc_description:/home/devel/ros_ws_t4/install/interactiveMarkerNode:/opt/ros/rolling VIRTUAL_ENV_PROMPT=(env) /usr/bin/cmake --build /home/devel/ros_ws_t7/build/talos_description -- -j16 -l16
[0.777s] INFO:colcon.colcon_core.task.python.build:Building Python package in '/home/devel/ros_ws_t7/src/interactiveMarkerNode'
[0.777s] INFO:colcon.colcon_core.shell:Skip shell extension 'powershell' for command environment: Not usable outside of PowerShell
[0.777s] DEBUG:colcon.colcon_core.shell:Skip shell extension 'dsv' for command environment
[0.786s] DEBUG:colcon.colcon_core.event_handler.log_command:Invoked command in '/home/devel/ros_ws_t7/build/reemc_description' returned '0': CMAKE_PREFIX_PATH=${CMAKE_PREFIX_PATH}:/home/devel/ros_ws_t7/install/bullet_sims:/home/devel/ros_ws_t7/install/ros_visuals:/home/devel/ros_ws_t7/install/interactiveMarkerNode:/home/devel/ros_ws_t5/install/bullet_sims:/home/devel/ros_ws_t5/install/ros_visuals:/home/devel/ros_ws_t5/install/interactiveMarkerNode:/home/devel/ros_ws_t4/install/bullet_sims:/home/devel/ros_ws_t4/install/talos_description:/home/devel/ros_ws_t4/install/simulator:/home/devel/ros_ws_t4/install/ros_visuals:/home/devel/ros_ws_t4/install/reemc_description:/home/devel/ros_ws_t4/install/interactiveMarkerNode:/opt/ros/rolling VIRTUAL_ENV_PROMPT=(env) /usr/bin/cmake --build /home/devel/ros_ws_t7/build/reemc_description -- -j16 -l16
[0.797s] DEBUG:colcon.colcon_core.event_handler.log_command:Invoking command in '/home/devel/ros_ws_t7/build/reemc_description': CMAKE_PREFIX_PATH=${CMAKE_PREFIX_PATH}:/home/devel/ros_ws_t7/install/bullet_sims:/home/devel/ros_ws_t7/install/ros_visuals:/home/devel/ros_ws_t7/install/interactiveMarkerNode:/home/devel/ros_ws_t5/install/bullet_sims:/home/devel/ros_ws_t5/install/ros_visuals:/home/devel/ros_ws_t5/install/interactiveMarkerNode:/home/devel/ros_ws_t4/install/bullet_sims:/home/devel/ros_ws_t4/install/talos_description:/home/devel/ros_ws_t4/install/simulator:/home/devel/ros_ws_t4/install/ros_visuals:/home/devel/ros_ws_t4/install/reemc_description:/home/devel/ros_ws_t4/install/interactiveMarkerNode:/opt/ros/rolling VIRTUAL_ENV_PROMPT=(env) /usr/bin/cmake --install /home/devel/ros_ws_t7/build/reemc_description
[1.062s] INFO:colcon.colcon_core.task.python.build:Building Python package in '/home/devel/ros_ws_t7/src/ros_visuals'
[1.062s] INFO:colcon.colcon_core.shell:Skip shell extension 'powershell' for command environment: Not usable outside of PowerShell
[1.062s] DEBUG:colcon.colcon_core.shell:Skip shell extension 'dsv' for command environment
[1.068s] DEBUG:colcon.colcon_core.event_handler.log_command:Invoked command in '/home/devel/ros_ws_t7/build/talos_description' returned '0': CMAKE_PREFIX_PATH=${CMAKE_PREFIX_PATH}:/home/devel/ros_ws_t7/install/bullet_sims:/home/devel/ros_ws_t7/install/ros_visuals:/home/devel/ros_ws_t7/install/interactiveMarkerNode:/home/devel/ros_ws_t5/install/bullet_sims:/home/devel/ros_ws_t5/install/ros_visuals:/home/devel/ros_ws_t5/install/interactiveMarkerNode:/home/devel/ros_ws_t4/install/bullet_sims:/home/devel/ros_ws_t4/install/talos_description:/home/devel/ros_ws_t4/install/simulator:/home/devel/ros_ws_t4/install/ros_visuals:/home/devel/ros_ws_t4/install/reemc_description:/home/devel/ros_ws_t4/install/interactiveMarkerNode:/opt/ros/rolling VIRTUAL_ENV_PROMPT=(env) /usr/bin/cmake --build /home/devel/ros_ws_t7/build/talos_description -- -j16 -l16
[1.070s] DEBUG:colcon.colcon_core.event_handler.log_command:Invoking command in '/home/devel/ros_ws_t7/build/talos_description': CMAKE_PREFIX_PATH=${CMAKE_PREFIX_PATH}:/home/devel/ros_ws_t7/install/bullet_sims:/home/devel/ros_ws_t7/install/ros_visuals:/home/devel/ros_ws_t7/install/interactiveMarkerNode:/home/devel/ros_ws_t5/install/bullet_sims:/home/devel/ros_ws_t5/install/ros_visuals:/home/devel/ros_ws_t5/install/interactiveMarkerNode:/home/devel/ros_ws_t4/install/bullet_sims:/home/devel/ros_ws_t4/install/talos_description:/home/devel/ros_ws_t4/install/simulator:/home/devel/ros_ws_t4/install/ros_visuals:/home/devel/ros_ws_t4/install/reemc_description:/home/devel/ros_ws_t4/install/interactiveMarkerNode:/opt/ros/rolling VIRTUAL_ENV_PROMPT=(env) /usr/bin/cmake --install /home/devel/ros_ws_t7/build/talos_description
[1.091s] Level 1:colcon.colcon_core.environment:create_environment_scripts_only(reemc_description)
[1.092s] DEBUG:colcon.colcon_core.event_handler.log_command:Invoked command in '/home/devel/ros_ws_t7/build/reemc_description' returned '0': CMAKE_PREFIX_PATH=${CMAKE_PREFIX_PATH}:/home/devel/ros_ws_t7/install/bullet_sims:/home/devel/ros_ws_t7/install/ros_visuals:/home/devel/ros_ws_t7/install/interactiveMarkerNode:/home/devel/ros_ws_t5/install/bullet_sims:/home/devel/ros_ws_t5/install/ros_visuals:/home/devel/ros_ws_t5/install/interactiveMarkerNode:/home/devel/ros_ws_t4/install/bullet_sims:/home/devel/ros_ws_t4/install/talos_description:/home/devel/ros_ws_t4/install/simulator:/home/devel/ros_ws_t4/install/ros_visuals:/home/devel/ros_ws_t4/install/reemc_description:/home/devel/ros_ws_t4/install/interactiveMarkerNode:/opt/ros/rolling VIRTUAL_ENV_PROMPT=(env) /usr/bin/cmake --install /home/devel/ros_ws_t7/build/reemc_description
[1.096s] Level 1:colcon.colcon_core.environment:checking '/home/devel/ros_ws_t7/install/reemc_description' for CMake module files
[1.097s] Level 1:colcon.colcon_core.environment:checking '/home/devel/ros_ws_t7/install/reemc_description' for CMake config files
[1.097s] Level 1:colcon.colcon_core.shell:create_environment_hook('reemc_description', 'cmake_prefix_path')
[1.097s] INFO:colcon.colcon_core.shell:Creating environment hook '/home/devel/ros_ws_t7/install/reemc_description/share/reemc_description/hook/cmake_prefix_path.ps1'
[1.098s] INFO:colcon.colcon_core.shell:Creating environment descriptor '/home/devel/ros_ws_t7/install/reemc_description/share/reemc_description/hook/cmake_prefix_path.dsv'
[1.098s] INFO:colcon.colcon_core.shell:Creating environment hook '/home/devel/ros_ws_t7/install/reemc_description/share/reemc_description/hook/cmake_prefix_path.sh'
[1.099s] Level 1:colcon.colcon_core.environment:checking '/home/devel/ros_ws_t7/install/reemc_description/bin'
[1.099s] Level 1:colcon.colcon_core.environment:checking '/home/devel/ros_ws_t7/install/reemc_description/lib/pkgconfig/reemc_description.pc'
[1.099s] Level 1:colcon.colcon_core.environment:checking '/home/devel/ros_ws_t7/install/reemc_description/lib/python3.12/site-packages'
[1.099s] Level 1:colcon.colcon_core.environment:checking '/home/devel/ros_ws_t7/install/reemc_description/bin'
[1.099s] INFO:colcon.colcon_core.shell:Creating package script '/home/devel/ros_ws_t7/install/reemc_description/share/reemc_description/package.ps1'
[1.100s] INFO:colcon.colcon_core.shell:Creating package descriptor '/home/devel/ros_ws_t7/install/reemc_description/share/reemc_description/package.dsv'
[1.101s] INFO:colcon.colcon_core.shell:Creating package script '/home/devel/ros_ws_t7/install/reemc_description/share/reemc_description/package.sh'
[1.101s] INFO:colcon.colcon_core.shell:Creating package script '/home/devel/ros_ws_t7/install/reemc_description/share/reemc_description/package.bash'
[1.102s] INFO:colcon.colcon_core.shell:Creating package script '/home/devel/ros_ws_t7/install/reemc_description/share/reemc_description/package.zsh'
[1.103s] Level 1:colcon.colcon_core.environment:create_file_with_runtime_dependencies(/home/devel/ros_ws_t7/install/reemc_description/share/colcon-core/packages/reemc_description)
[1.103s] Level 1:colcon.colcon_core.environment:create_environment_scripts_only(reemc_description)
[1.103s] Level 1:colcon.colcon_core.environment:checking '/home/devel/ros_ws_t7/install/reemc_description' for CMake module files
[1.104s] Level 1:colcon.colcon_core.environment:checking '/home/devel/ros_ws_t7/install/reemc_description' for CMake config files
[1.104s] Level 1:colcon.colcon_core.shell:create_environment_hook('reemc_description', 'cmake_prefix_path')
[1.104s] INFO:colcon.colcon_core.shell:Creating environment hook '/home/devel/ros_ws_t7/install/reemc_description/share/reemc_description/hook/cmake_prefix_path.ps1'
[1.105s] INFO:colcon.colcon_core.shell:Creating environment descriptor '/home/devel/ros_ws_t7/install/reemc_description/share/reemc_description/hook/cmake_prefix_path.dsv'
[1.105s] INFO:colcon.colcon_core.shell:Creating environment hook '/home/devel/ros_ws_t7/install/reemc_description/share/reemc_description/hook/cmake_prefix_path.sh'
[1.105s] Level 1:colcon.colcon_core.environment:checking '/home/devel/ros_ws_t7/install/reemc_description/bin'
[1.106s] Level 1:colcon.colcon_core.environment:checking '/home/devel/ros_ws_t7/install/reemc_description/lib/pkgconfig/reemc_description.pc'
[1.106s] Level 1:colcon.colcon_core.environment:checking '/home/devel/ros_ws_t7/install/reemc_description/lib/python3.12/site-packages'
[1.106s] Level 1:colcon.colcon_core.environment:checking '/home/devel/ros_ws_t7/install/reemc_description/bin'
[1.106s] INFO:colcon.colcon_core.shell:Creating package script '/home/devel/ros_ws_t7/install/reemc_description/share/reemc_description/package.ps1'
[1.107s] INFO:colcon.colcon_core.shell:Creating package descriptor '/home/devel/ros_ws_t7/install/reemc_description/share/reemc_description/package.dsv'
[1.107s] INFO:colcon.colcon_core.shell:Creating package script '/home/devel/ros_ws_t7/install/reemc_description/share/reemc_description/package.sh'
[1.108s] INFO:colcon.colcon_core.shell:Creating package script '/home/devel/ros_ws_t7/install/reemc_description/share/reemc_description/package.bash'
[1.108s] INFO:colcon.colcon_core.shell:Creating package script '/home/devel/ros_ws_t7/install/reemc_description/share/reemc_description/package.zsh'
[1.108s] Level 1:colcon.colcon_core.environment:create_file_with_runtime_dependencies(/home/devel/ros_ws_t7/install/reemc_description/share/colcon-core/packages/reemc_description)
[1.109s] DEBUG:colcon.colcon_core.event_handler.log_command:Invoked command in '/home/devel/ros_ws_t7/build/simulator' returned '0': CMAKE_PREFIX_PATH=${CMAKE_PREFIX_PATH}:/home/devel/ros_ws_t7/install/bullet_sims:/home/devel/ros_ws_t7/install/ros_visuals:/home/devel/ros_ws_t7/install/interactiveMarkerNode:/home/devel/ros_ws_t5/install/bullet_sims:/home/devel/ros_ws_t5/install/ros_visuals:/home/devel/ros_ws_t5/install/interactiveMarkerNode:/home/devel/ros_ws_t4/install/bullet_sims:/home/devel/ros_ws_t4/install/talos_description:/home/devel/ros_ws_t4/install/simulator:/home/devel/ros_ws_t4/install/ros_visuals:/home/devel/ros_ws_t4/install/reemc_description:/home/devel/ros_ws_t4/install/interactiveMarkerNode:/opt/ros/rolling VIRTUAL_ENV_PROMPT=(env) /usr/bin/cmake --build /home/devel/ros_ws_t7/build/simulator -- -j16 -l16
[1.110s] DEBUG:colcon.colcon_core.event_handler.log_command:Invoking command in '/home/devel/ros_ws_t7/build/simulator': CMAKE_PREFIX_PATH=${CMAKE_PREFIX_PATH}:/home/devel/ros_ws_t7/install/bullet_sims:/home/devel/ros_ws_t7/install/ros_visuals:/home/devel/ros_ws_t7/install/interactiveMarkerNode:/home/devel/ros_ws_t5/install/bullet_sims:/home/devel/ros_ws_t5/install/ros_visuals:/home/devel/ros_ws_t5/install/interactiveMarkerNode:/home/devel/ros_ws_t4/install/bullet_sims:/home/devel/ros_ws_t4/install/talos_description:/home/devel/ros_ws_t4/install/simulator:/home/devel/ros_ws_t4/install/ros_visuals:/home/devel/ros_ws_t4/install/reemc_description:/home/devel/ros_ws_t4/install/interactiveMarkerNode:/opt/ros/rolling VIRTUAL_ENV_PROMPT=(env) /usr/bin/cmake --install /home/devel/ros_ws_t7/build/simulator
[1.113s] Level 1:colcon.colcon_core.environment:create_environment_scripts_only(talos_description)
[1.113s] Level 1:colcon.colcon_core.environment:checking '/home/devel/ros_ws_t7/install/talos_description' for CMake module files
[1.114s] DEBUG:colcon.colcon_core.event_handler.log_command:Invoked command in '/home/devel/ros_ws_t7/build/talos_description' returned '0': CMAKE_PREFIX_PATH=${CMAKE_PREFIX_PATH}:/home/devel/ros_ws_t7/install/bullet_sims:/home/devel/ros_ws_t7/install/ros_visuals:/home/devel/ros_ws_t7/install/interactiveMarkerNode:/home/devel/ros_ws_t5/install/bullet_sims:/home/devel/ros_ws_t5/install/ros_visuals:/home/devel/ros_ws_t5/install/interactiveMarkerNode:/home/devel/ros_ws_t4/install/bullet_sims:/home/devel/ros_ws_t4/install/talos_description:/home/devel/ros_ws_t4/install/simulator:/home/devel/ros_ws_t4/install/ros_visuals:/home/devel/ros_ws_t4/install/reemc_description:/home/devel/ros_ws_t4/install/interactiveMarkerNode:/opt/ros/rolling VIRTUAL_ENV_PROMPT=(env) /usr/bin/cmake --install /home/devel/ros_ws_t7/build/talos_description
[1.114s] Level 1:colcon.colcon_core.environment:checking '/home/devel/ros_ws_t7/install/talos_description' for CMake config files
[1.114s] Level 1:colcon.colcon_core.shell:create_environment_hook('talos_description', 'cmake_prefix_path')
[1.115s] INFO:colcon.colcon_core.shell:Creating environment hook '/home/devel/ros_ws_t7/install/talos_description/share/talos_description/hook/cmake_prefix_path.ps1'
[1.115s] INFO:colcon.colcon_core.shell:Creating environment descriptor '/home/devel/ros_ws_t7/install/talos_description/share/talos_description/hook/cmake_prefix_path.dsv'
[1.115s] INFO:colcon.colcon_core.shell:Creating environment hook '/home/devel/ros_ws_t7/install/talos_description/share/talos_description/hook/cmake_prefix_path.sh'
[1.116s] Level 1:colcon.colcon_core.environment:checking '/home/devel/ros_ws_t7/install/talos_description/bin'
[1.116s] Level 1:colcon.colcon_core.environment:checking '/home/devel/ros_ws_t7/install/talos_description/lib/pkgconfig/talos_description.pc'
[1.116s] Level 1:colcon.colcon_core.environment:checking '/home/devel/ros_ws_t7/install/talos_description/lib/python3.12/site-packages'
[1.117s] Level 1:colcon.colcon_core.environment:checking '/home/devel/ros_ws_t7/install/talos_description/bin'
[1.117s] INFO:colcon.colcon_core.shell:Creating package script '/home/devel/ros_ws_t7/install/talos_description/share/talos_description/package.ps1'
[1.117s] INFO:colcon.colcon_core.shell:Creating package descriptor '/home/devel/ros_ws_t7/install/talos_description/share/talos_description/package.dsv'
[1.118s] INFO:colcon.colcon_core.shell:Creating package script '/home/devel/ros_ws_t7/install/talos_description/share/talos_description/package.sh'
[1.118s] INFO:colcon.colcon_core.shell:Creating package script '/home/devel/ros_ws_t7/install/talos_description/share/talos_description/package.bash'
[1.119s] INFO:colcon.colcon_core.shell:Creating package script '/home/devel/ros_ws_t7/install/talos_description/share/talos_description/package.zsh'
[1.119s] Level 1:colcon.colcon_core.environment:create_file_with_runtime_dependencies(/home/devel/ros_ws_t7/install/talos_description/share/colcon-core/packages/talos_description)
[1.119s] Level 1:colcon.colcon_core.environment:create_environment_scripts_only(talos_description)
[1.120s] Level 1:colcon.colcon_core.environment:checking '/home/devel/ros_ws_t7/install/talos_description' for CMake module files
[1.120s] Level 1:colcon.colcon_core.environment:checking '/home/devel/ros_ws_t7/install/talos_description' for CMake config files
[1.120s] Level 1:colcon.colcon_core.shell:create_environment_hook('talos_description', 'cmake_prefix_path')
[1.121s] INFO:colcon.colcon_core.shell:Creating environment hook '/home/devel/ros_ws_t7/install/talos_description/share/talos_description/hook/cmake_prefix_path.ps1'
[1.121s] INFO:colcon.colcon_core.shell:Creating environment descriptor '/home/devel/ros_ws_t7/install/talos_description/share/talos_description/hook/cmake_prefix_path.dsv'
[1.121s] INFO:colcon.colcon_core.shell:Creating environment hook '/home/devel/ros_ws_t7/install/talos_description/share/talos_description/hook/cmake_prefix_path.sh'
[1.122s] Level 1:colcon.colcon_core.environment:checking '/home/devel/ros_ws_t7/install/talos_description/bin'
[1.122s] Level 1:colcon.colcon_core.environment:checking '/home/devel/ros_ws_t7/install/talos_description/lib/pkgconfig/talos_description.pc'
[1.122s] Level 1:colcon.colcon_core.environment:checking '/home/devel/ros_ws_t7/install/talos_description/lib/python3.12/site-packages'
[1.123s] Level 1:colcon.colcon_core.environment:checking '/home/devel/ros_ws_t7/install/talos_description/bin'
[1.123s] INFO:colcon.colcon_core.shell:Creating package script '/home/devel/ros_ws_t7/install/talos_description/share/talos_description/package.ps1'
[1.124s] INFO:colcon.colcon_core.shell:Creating package descriptor '/home/devel/ros_ws_t7/install/talos_description/share/talos_description/package.dsv'
[1.124s] INFO:colcon.colcon_core.shell:Creating package script '/home/devel/ros_ws_t7/install/talos_description/share/talos_description/package.sh'
[1.125s] INFO:colcon.colcon_core.shell:Creating package script '/home/devel/ros_ws_t7/install/talos_description/share/talos_description/package.bash'
[1.126s] INFO:colcon.colcon_core.shell:Creating package script '/home/devel/ros_ws_t7/install/talos_description/share/talos_description/package.zsh'
[1.128s] Level 1:colcon.colcon_core.environment:create_file_with_runtime_dependencies(/home/devel/ros_ws_t7/install/talos_description/share/colcon-core/packages/talos_description)
[1.189s] Level 1:colcon.colcon_core.environment:create_environment_scripts_only(simulator)
[1.189s] Level 1:colcon.colcon_core.environment:checking '/home/devel/ros_ws_t7/install/simulator' for CMake module files
[1.190s] DEBUG:colcon.colcon_core.event_handler.log_command:Invoked command in '/home/devel/ros_ws_t7/build/simulator' returned '0': CMAKE_PREFIX_PATH=${CMAKE_PREFIX_PATH}:/home/devel/ros_ws_t7/install/bullet_sims:/home/devel/ros_ws_t7/install/ros_visuals:/home/devel/ros_ws_t7/install/interactiveMarkerNode:/home/devel/ros_ws_t5/install/bullet_sims:/home/devel/ros_ws_t5/install/ros_visuals:/home/devel/ros_ws_t5/install/interactiveMarkerNode:/home/devel/ros_ws_t4/install/bullet_sims:/home/devel/ros_ws_t4/install/talos_description:/home/devel/ros_ws_t4/install/simulator:/home/devel/ros_ws_t4/install/ros_visuals:/home/devel/ros_ws_t4/install/reemc_description:/home/devel/ros_ws_t4/install/interactiveMarkerNode:/opt/ros/rolling VIRTUAL_ENV_PROMPT=(env) /usr/bin/cmake --install /home/devel/ros_ws_t7/build/simulator
[1.191s] Level 1:colcon.colcon_core.environment:checking '/home/devel/ros_ws_t7/install/simulator' for CMake config files
[1.191s] Level 1:colcon.colcon_core.shell:create_environment_hook('simulator', 'cmake_prefix_path')
[1.191s] INFO:colcon.colcon_core.shell:Creating environment hook '/home/devel/ros_ws_t7/install/simulator/share/simulator/hook/cmake_prefix_path.ps1'
[1.192s] INFO:colcon.colcon_core.shell:Creating environment descriptor '/home/devel/ros_ws_t7/install/simulator/share/simulator/hook/cmake_prefix_path.dsv'
[1.192s] INFO:colcon.colcon_core.shell:Creating environment hook '/home/devel/ros_ws_t7/install/simulator/share/simulator/hook/cmake_prefix_path.sh'
[1.193s] Level 1:colcon.colcon_core.environment:checking '/home/devel/ros_ws_t7/install/simulator/lib'
[1.193s] Level 1:colcon.colcon_core.environment:checking '/home/devel/ros_ws_t7/install/simulator/bin'
[1.193s] Level 1:colcon.colcon_core.environment:checking '/home/devel/ros_ws_t7/install/simulator/lib/pkgconfig/simulator.pc'
[1.194s] Level 1:colcon.colcon_core.environment:checking '/home/devel/ros_ws_t7/install/simulator/lib/python3.12/site-packages'
[1.194s] Level 1:colcon.colcon_core.shell:create_environment_hook('simulator', 'pythonpath')
[1.194s] INFO:colcon.colcon_core.shell:Creating environment hook '/home/devel/ros_ws_t7/install/simulator/share/simulator/hook/pythonpath.ps1'
[1.194s] INFO:colcon.colcon_core.shell:Creating environment descriptor '/home/devel/ros_ws_t7/install/simulator/share/simulator/hook/pythonpath.dsv'
[1.195s] INFO:colcon.colcon_core.shell:Creating environment hook '/home/devel/ros_ws_t7/install/simulator/share/simulator/hook/pythonpath.sh'
[1.195s] Level 1:colcon.colcon_core.environment:checking '/home/devel/ros_ws_t7/install/simulator/bin'
[1.195s] INFO:colcon.colcon_core.shell:Creating package script '/home/devel/ros_ws_t7/install/simulator/share/simulator/package.ps1'
[1.196s] INFO:colcon.colcon_core.shell:Creating package descriptor '/home/devel/ros_ws_t7/install/simulator/share/simulator/package.dsv'
[1.196s] INFO:colcon.colcon_core.shell:Creating package script '/home/devel/ros_ws_t7/install/simulator/share/simulator/package.sh'
[1.197s] INFO:colcon.colcon_core.shell:Creating package script '/home/devel/ros_ws_t7/install/simulator/share/simulator/package.bash'
[1.197s] INFO:colcon.colcon_core.shell:Creating package script '/home/devel/ros_ws_t7/install/simulator/share/simulator/package.zsh'
[1.197s] Level 1:colcon.colcon_core.environment:create_file_with_runtime_dependencies(/home/devel/ros_ws_t7/install/simulator/share/colcon-core/packages/simulator)
[1.198s] Level 1:colcon.colcon_core.environment:create_environment_scripts_only(simulator)
[1.198s] Level 1:colcon.colcon_core.environment:checking '/home/devel/ros_ws_t7/install/simulator' for CMake module files
[1.198s] Level 1:colcon.colcon_core.environment:checking '/home/devel/ros_ws_t7/install/simulator' for CMake config files
[1.199s] Level 1:colcon.colcon_core.shell:create_environment_hook('simulator', 'cmake_prefix_path')
[1.199s] INFO:colcon.colcon_core.shell:Creating environment hook '/home/devel/ros_ws_t7/install/simulator/share/simulator/hook/cmake_prefix_path.ps1'
[1.199s] INFO:colcon.colcon_core.shell:Creating environment descriptor '/home/devel/ros_ws_t7/install/simulator/share/simulator/hook/cmake_prefix_path.dsv'
[1.199s] INFO:colcon.colcon_core.shell:Creating environment hook '/home/devel/ros_ws_t7/install/simulator/share/simulator/hook/cmake_prefix_path.sh'
[1.200s] Level 1:colcon.colcon_core.environment:checking '/home/devel/ros_ws_t7/install/simulator/lib'
[1.200s] Level 1:colcon.colcon_core.environment:checking '/home/devel/ros_ws_t7/install/simulator/bin'
[1.200s] Level 1:colcon.colcon_core.environment:checking '/home/devel/ros_ws_t7/install/simulator/lib/pkgconfig/simulator.pc'
[1.200s] Level 1:colcon.colcon_core.environment:checking '/home/devel/ros_ws_t7/install/simulator/lib/python3.12/site-packages'
[1.200s] Level 1:colcon.colcon_core.shell:create_environment_hook('simulator', 'pythonpath')
[1.201s] INFO:colcon.colcon_core.shell:Creating environment hook '/home/devel/ros_ws_t7/install/simulator/share/simulator/hook/pythonpath.ps1'
[1.201s] INFO:colcon.colcon_core.shell:Creating environment descriptor '/home/devel/ros_ws_t7/install/simulator/share/simulator/hook/pythonpath.dsv'
[1.201s] INFO:colcon.colcon_core.shell:Creating environment hook '/home/devel/ros_ws_t7/install/simulator/share/simulator/hook/pythonpath.sh'
[1.202s] Level 1:colcon.colcon_core.environment:checking '/home/devel/ros_ws_t7/install/simulator/bin'
[1.202s] INFO:colcon.colcon_core.shell:Creating package script '/home/devel/ros_ws_t7/install/simulator/share/simulator/package.ps1'
[1.203s] INFO:colcon.colcon_core.shell:Creating package descriptor '/home/devel/ros_ws_t7/install/simulator/share/simulator/package.dsv'
[1.203s] INFO:colcon.colcon_core.shell:Creating package script '/home/devel/ros_ws_t7/install/simulator/share/simulator/package.sh'
[1.204s] INFO:colcon.colcon_core.shell:Creating package script '/home/devel/ros_ws_t7/install/simulator/share/simulator/package.bash'
[1.204s] INFO:colcon.colcon_core.shell:Creating package script '/home/devel/ros_ws_t7/install/simulator/share/simulator/package.zsh'
[1.204s] Level 1:colcon.colcon_core.environment:create_file_with_runtime_dependencies(/home/devel/ros_ws_t7/install/simulator/share/colcon-core/packages/simulator)
[1.205s] INFO:colcon.colcon_ros.task.ament_python.build:Building ROS package in '/home/devel/ros_ws_t7/src/bullet_sims' with build type 'ament_python'
[1.205s] Level 1:colcon.colcon_core.shell:create_environment_hook('bullet_sims', 'ament_prefix_path')
[1.205s] INFO:colcon.colcon_core.shell:Creating environment hook '/home/devel/ros_ws_t7/install/bullet_sims/share/bullet_sims/hook/ament_prefix_path.ps1'
[1.206s] INFO:colcon.colcon_core.shell:Creating environment descriptor '/home/devel/ros_ws_t7/install/bullet_sims/share/bullet_sims/hook/ament_prefix_path.dsv'
[1.207s] INFO:colcon.colcon_core.shell:Creating environment hook '/home/devel/ros_ws_t7/install/bullet_sims/share/bullet_sims/hook/ament_prefix_path.sh'
[1.207s] INFO:colcon.colcon_core.shell:Skip shell extension 'powershell' for command environment: Not usable outside of PowerShell
[1.207s] DEBUG:colcon.colcon_core.shell:Skip shell extension 'dsv' for command environment
[1.489s] WARNING:colcon.colcon_ros.task.ament_python.build:Package 'bullet_sims' doesn't explicitly install a marker in the package index (colcon-ros currently does it implicitly but that fallback will be removed in the future)
[1.489s] INFO:colcon.colcon_core.task.python.build:Building Python package in '/home/devel/ros_ws_t7/src/bullet_sims'
[1.490s] INFO:colcon.colcon_core.shell:Skip shell extension 'powershell' for command environment: Not usable outside of PowerShell
[1.490s] DEBUG:colcon.colcon_core.shell:Skip shell extension 'dsv' for command environment
[1.806s] DEBUG:colcon.colcon_core.event_handler.log_command:Invoking command in '/home/devel/ros_ws_t7/src/ros_visuals': PYTHONPATH=/home/devel/ros_ws_t7/build/ros_visuals/prefix_override:/usr/lib/python3/dist-packages/colcon_core/task/python/colcon_distutils_commands:/home/devel/ros_ws_t7/install/ros_visuals/lib/python3.12/site-packages:${PYTHONPATH} VIRTUAL_ENV_PROMPT=(env) /usr/bin/python3 -W ignore:setup.py install is deprecated -W ignore:easy_install command is deprecated setup.py egg_info --egg-base ../../build/ros_visuals build --build-base /home/devel/ros_ws_t7/build/ros_visuals/build install --record /home/devel/ros_ws_t7/build/ros_visuals/install.log --single-version-externally-managed install_data
[1.809s] DEBUG:colcon.colcon_core.event_handler.log_command:Invoking command in '/home/devel/ros_ws_t7/src/interactiveMarkerNode': PYTHONPATH=/home/devel/ros_ws_t7/build/interactiveMarkerNode/prefix_override:/usr/lib/python3/dist-packages/colcon_core/task/python/colcon_distutils_commands:/home/devel/ros_ws_t7/install/interactiveMarkerNode/lib/python3.12/site-packages:${PYTHONPATH} VIRTUAL_ENV_PROMPT=(env) /usr/bin/python3 -W ignore:setup.py install is deprecated -W ignore:easy_install command is deprecated setup.py egg_info --egg-base ../../build/interactiveMarkerNode build --build-base /home/devel/ros_ws_t7/build/interactiveMarkerNode/build install --record /home/devel/ros_ws_t7/build/interactiveMarkerNode/install.log --install-scripts $base/lib/interactiveMarkerNode --single-version-externally-managed install_data
[2.042s] DEBUG:colcon.colcon_core.event_handler.log_command:Invoking command in '/home/devel/ros_ws_t7/src/bullet_sims': PYTHONPATH=/home/devel/ros_ws_t7/build/bullet_sims/prefix_override:/usr/lib/python3/dist-packages/colcon_core/task/python/colcon_distutils_commands:/home/devel/ros_ws_t7/install/bullet_sims/lib/python3.12/site-packages:/home/devel/ros_ws_t7/install/simulator/lib/python3.12/site-packages:/home/devel/ros_ws_t7/install/bullet_sims/lib/python3.12/site-packages:/home/devel/ros_ws_t7/install/ros_visuals/lib/python3.12/site-packages:/home/devel/ros_ws_t7/install/interactiveMarkerNode/lib/python3.12/site-packages:/home/devel/ros_ws_t5/install/bullet_sims/lib/python3.12/site-packages:/home/devel/ros_ws_t5/install/simulator/lib/python3.12/site-packages:/home/devel/ros_ws_t5/install/ros_visuals/lib/python3.12/site-packages:/home/devel/ros_ws_t5/install/interactiveMarkerNode/lib/python3.12/site-packages:/home/devel/ros_ws_t4/install/bullet_sims/lib/python3.12/site-packages:/home/devel/ros_ws_t4/install/simulator/lib/python3.12/site-packages:/home/devel/ros_ws_t4/install/ros_visuals/lib/python3.12/site-packages:/home/devel/ros_ws_t4/install/interactiveMarkerNode/lib/python3.12/site-packages:/opt/openrobots/lib/python3.12/site-packages:/opt/openrobots/lib/python3.12/site-packages:/opt/ros/rolling/lib/python3.12/site-packages VIRTUAL_ENV_PROMPT=(env) /usr/bin/python3 -W ignore:setup.py install is deprecated -W ignore:easy_install command is deprecated setup.py egg_info --egg-base ../../build/bullet_sims build --build-base /home/devel/ros_ws_t7/build/bullet_sims/build install --record /home/devel/ros_ws_t7/build/bullet_sims/install.log --single-version-externally-managed install_data
[2.642s] Level 1:colcon.colcon_core.environment:checking '/home/devel/ros_ws_t7/install/ros_visuals' for CMake module files
[2.642s] DEBUG:colcon.colcon_core.event_handler.log_command:Invoked command in '/home/devel/ros_ws_t7/src/ros_visuals' returned '0': PYTHONPATH=/home/devel/ros_ws_t7/build/ros_visuals/prefix_override:/usr/lib/python3/dist-packages/colcon_core/task/python/colcon_distutils_commands:/home/devel/ros_ws_t7/install/ros_visuals/lib/python3.12/site-packages:${PYTHONPATH} VIRTUAL_ENV_PROMPT=(env) /usr/bin/python3 -W ignore:setup.py install is deprecated -W ignore:easy_install command is deprecated setup.py egg_info --egg-base ../../build/ros_visuals build --build-base /home/devel/ros_ws_t7/build/ros_visuals/build install --record /home/devel/ros_ws_t7/build/ros_visuals/install.log --single-version-externally-managed install_data
[2.644s] Level 1:colcon.colcon_core.environment:checking '/home/devel/ros_ws_t7/install/ros_visuals' for CMake config files
[2.645s] Level 1:colcon.colcon_core.environment:checking '/home/devel/ros_ws_t7/install/ros_visuals/lib'
[2.645s] Level 1:colcon.colcon_core.environment:checking '/home/devel/ros_ws_t7/install/ros_visuals/bin'
[2.645s] Level 1:colcon.colcon_core.environment:checking '/home/devel/ros_ws_t7/install/ros_visuals/lib/pkgconfig/ros_visuals.pc'
[2.645s] Level 1:colcon.colcon_core.environment:checking '/home/devel/ros_ws_t7/install/ros_visuals/lib/python3.12/site-packages'
[2.645s] Level 1:colcon.colcon_core.shell:create_environment_hook('ros_visuals', 'pythonpath')
[2.646s] INFO:colcon.colcon_core.shell:Creating environment hook '/home/devel/ros_ws_t7/install/ros_visuals/share/ros_visuals/hook/pythonpath.ps1'
[2.646s] INFO:colcon.colcon_core.shell:Creating environment descriptor '/home/devel/ros_ws_t7/install/ros_visuals/share/ros_visuals/hook/pythonpath.dsv'
[2.647s] INFO:colcon.colcon_core.shell:Creating environment hook '/home/devel/ros_ws_t7/install/ros_visuals/share/ros_visuals/hook/pythonpath.sh'
[2.648s] Level 1:colcon.colcon_core.environment:checking '/home/devel/ros_ws_t7/install/ros_visuals/bin'
[2.648s] Level 1:colcon.colcon_core.environment:create_environment_scripts_only(ros_visuals)
[2.648s] INFO:colcon.colcon_core.shell:Creating package script '/home/devel/ros_ws_t7/install/ros_visuals/share/ros_visuals/package.ps1'
[2.649s] INFO:colcon.colcon_core.shell:Creating package descriptor '/home/devel/ros_ws_t7/install/ros_visuals/share/ros_visuals/package.dsv'
[2.650s] INFO:colcon.colcon_core.shell:Creating package script '/home/devel/ros_ws_t7/install/ros_visuals/share/ros_visuals/package.sh'
[2.651s] INFO:colcon.colcon_core.shell:Creating package script '/home/devel/ros_ws_t7/install/ros_visuals/share/ros_visuals/package.bash'
[2.651s] INFO:colcon.colcon_core.shell:Creating package script '/home/devel/ros_ws_t7/install/ros_visuals/share/ros_visuals/package.zsh'
[2.652s] Level 1:colcon.colcon_core.environment:create_file_with_runtime_dependencies(/home/devel/ros_ws_t7/install/ros_visuals/share/colcon-core/packages/ros_visuals)
[2.654s] Level 1:colcon.colcon_core.environment:checking '/home/devel/ros_ws_t7/install/interactiveMarkerNode' for CMake module files
[2.654s] DEBUG:colcon.colcon_core.event_handler.log_command:Invoked command in '/home/devel/ros_ws_t7/src/interactiveMarkerNode' returned '0': PYTHONPATH=/home/devel/ros_ws_t7/build/interactiveMarkerNode/prefix_override:/usr/lib/python3/dist-packages/colcon_core/task/python/colcon_distutils_commands:/home/devel/ros_ws_t7/install/interactiveMarkerNode/lib/python3.12/site-packages:${PYTHONPATH} VIRTUAL_ENV_PROMPT=(env) /usr/bin/python3 -W ignore:setup.py install is deprecated -W ignore:easy_install command is deprecated setup.py egg_info --egg-base ../../build/interactiveMarkerNode build --build-base /home/devel/ros_ws_t7/build/interactiveMarkerNode/build install --record /home/devel/ros_ws_t7/build/interactiveMarkerNode/install.log --install-scripts $base/lib/interactiveMarkerNode --single-version-externally-managed install_data
[2.655s] Level 1:colcon.colcon_core.environment:checking '/home/devel/ros_ws_t7/install/interactiveMarkerNode' for CMake config files
[2.655s] Level 1:colcon.colcon_core.environment:checking '/home/devel/ros_ws_t7/install/interactiveMarkerNode/lib'
[2.655s] Level 1:colcon.colcon_core.environment:checking '/home/devel/ros_ws_t7/install/interactiveMarkerNode/bin'
[2.655s] Level 1:colcon.colcon_core.environment:checking '/home/devel/ros_ws_t7/install/interactiveMarkerNode/lib/pkgconfig/interactiveMarkerNode.pc'
[2.656s] Level 1:colcon.colcon_core.environment:checking '/home/devel/ros_ws_t7/install/interactiveMarkerNode/lib/python3.12/site-packages'
[2.656s] Level 1:colcon.colcon_core.shell:create_environment_hook('interactiveMarkerNode', 'pythonpath')
[2.656s] INFO:colcon.colcon_core.shell:Creating environment hook '/home/devel/ros_ws_t7/install/interactiveMarkerNode/share/interactiveMarkerNode/hook/pythonpath.ps1'
[2.656s] INFO:colcon.colcon_core.shell:Creating environment descriptor '/home/devel/ros_ws_t7/install/interactiveMarkerNode/share/interactiveMarkerNode/hook/pythonpath.dsv'
[2.657s] INFO:colcon.colcon_core.shell:Creating environment hook '/home/devel/ros_ws_t7/install/interactiveMarkerNode/share/interactiveMarkerNode/hook/pythonpath.sh'
[2.657s] Level 1:colcon.colcon_core.environment:checking '/home/devel/ros_ws_t7/install/interactiveMarkerNode/bin'
[2.657s] Level 1:colcon.colcon_core.environment:create_environment_scripts_only(interactiveMarkerNode)
[2.658s] INFO:colcon.colcon_core.shell:Creating package script '/home/devel/ros_ws_t7/install/interactiveMarkerNode/share/interactiveMarkerNode/package.ps1'
[2.658s] INFO:colcon.colcon_core.shell:Creating package descriptor '/home/devel/ros_ws_t7/install/interactiveMarkerNode/share/interactiveMarkerNode/package.dsv'
[2.658s] INFO:colcon.colcon_core.shell:Creating package script '/home/devel/ros_ws_t7/install/interactiveMarkerNode/share/interactiveMarkerNode/package.sh'
[2.659s] INFO:colcon.colcon_core.shell:Creating package script '/home/devel/ros_ws_t7/install/interactiveMarkerNode/share/interactiveMarkerNode/package.bash'
[2.659s] INFO:colcon.colcon_core.shell:Creating package script '/home/devel/ros_ws_t7/install/interactiveMarkerNode/share/interactiveMarkerNode/package.zsh'
[2.659s] Level 1:colcon.colcon_core.environment:create_file_with_runtime_dependencies(/home/devel/ros_ws_t7/install/interactiveMarkerNode/share/colcon-core/packages/interactiveMarkerNode)
[2.765s] Level 1:colcon.colcon_core.environment:checking '/home/devel/ros_ws_t7/install/bullet_sims' for CMake module files
[2.766s] DEBUG:colcon.colcon_core.event_handler.log_command:Invoked command in '/home/devel/ros_ws_t7/src/bullet_sims' returned '0': PYTHONPATH=/home/devel/ros_ws_t7/build/bullet_sims/prefix_override:/usr/lib/python3/dist-packages/colcon_core/task/python/colcon_distutils_commands:/home/devel/ros_ws_t7/install/bullet_sims/lib/python3.12/site-packages:/home/devel/ros_ws_t7/install/simulator/lib/python3.12/site-packages:/home/devel/ros_ws_t7/install/bullet_sims/lib/python3.12/site-packages:/home/devel/ros_ws_t7/install/ros_visuals/lib/python3.12/site-packages:/home/devel/ros_ws_t7/install/interactiveMarkerNode/lib/python3.12/site-packages:/home/devel/ros_ws_t5/install/bullet_sims/lib/python3.12/site-packages:/home/devel/ros_ws_t5/install/simulator/lib/python3.12/site-packages:/home/devel/ros_ws_t5/install/ros_visuals/lib/python3.12/site-packages:/home/devel/ros_ws_t5/install/interactiveMarkerNode/lib/python3.12/site-packages:/home/devel/ros_ws_t4/install/bullet_sims/lib/python3.12/site-packages:/home/devel/ros_ws_t4/install/simulator/lib/python3.12/site-packages:/home/devel/ros_ws_t4/install/ros_visuals/lib/python3.12/site-packages:/home/devel/ros_ws_t4/install/interactiveMarkerNode/lib/python3.12/site-packages:/opt/openrobots/lib/python3.12/site-packages:/opt/openrobots/lib/python3.12/site-packages:/opt/ros/rolling/lib/python3.12/site-packages VIRTUAL_ENV_PROMPT=(env) /usr/bin/python3 -W ignore:setup.py install is deprecated -W ignore:easy_install command is deprecated setup.py egg_info --egg-base ../../build/bullet_sims build --build-base /home/devel/ros_ws_t7/build/bullet_sims/build install --record /home/devel/ros_ws_t7/build/bullet_sims/install.log --single-version-externally-managed install_data
[2.767s] Level 1:colcon.colcon_core.environment:checking '/home/devel/ros_ws_t7/install/bullet_sims' for CMake config files
[2.767s] Level 1:colcon.colcon_core.environment:checking '/home/devel/ros_ws_t7/install/bullet_sims/lib'
[2.767s] Level 1:colcon.colcon_core.environment:checking '/home/devel/ros_ws_t7/install/bullet_sims/bin'
[2.767s] Level 1:colcon.colcon_core.environment:checking '/home/devel/ros_ws_t7/install/bullet_sims/lib/pkgconfig/bullet_sims.pc'
[2.768s] Level 1:colcon.colcon_core.environment:checking '/home/devel/ros_ws_t7/install/bullet_sims/lib/python3.12/site-packages'
[2.768s] Level 1:colcon.colcon_core.shell:create_environment_hook('bullet_sims', 'pythonpath')
[2.768s] INFO:colcon.colcon_core.shell:Creating environment hook '/home/devel/ros_ws_t7/install/bullet_sims/share/bullet_sims/hook/pythonpath.ps1'
[2.769s] INFO:colcon.colcon_core.shell:Creating environment descriptor '/home/devel/ros_ws_t7/install/bullet_sims/share/bullet_sims/hook/pythonpath.dsv'
[2.769s] INFO:colcon.colcon_core.shell:Creating environment hook '/home/devel/ros_ws_t7/install/bullet_sims/share/bullet_sims/hook/pythonpath.sh'
[2.770s] Level 1:colcon.colcon_core.environment:checking '/home/devel/ros_ws_t7/install/bullet_sims/bin'
[2.770s] Level 1:colcon.colcon_core.environment:create_environment_scripts_only(bullet_sims)
[2.770s] INFO:colcon.colcon_core.shell:Creating package script '/home/devel/ros_ws_t7/install/bullet_sims/share/bullet_sims/package.ps1'
[2.770s] INFO:colcon.colcon_core.shell:Creating package descriptor '/home/devel/ros_ws_t7/install/bullet_sims/share/bullet_sims/package.dsv'
[2.771s] INFO:colcon.colcon_core.shell:Creating package script '/home/devel/ros_ws_t7/install/bullet_sims/share/bullet_sims/package.sh'
[2.772s] INFO:colcon.colcon_core.shell:Creating package script '/home/devel/ros_ws_t7/install/bullet_sims/share/bullet_sims/package.bash'
[2.772s] INFO:colcon.colcon_core.shell:Creating package script '/home/devel/ros_ws_t7/install/bullet_sims/share/bullet_sims/package.zsh'
[2.772s] Level 1:colcon.colcon_core.environment:create_file_with_runtime_dependencies(/home/devel/ros_ws_t7/install/bullet_sims/share/colcon-core/packages/bullet_sims)
[2.773s] DEBUG:colcon.colcon_parallel_executor.executor.parallel:closing loop
[2.773s] DEBUG:colcon.colcon_parallel_executor.executor.parallel:loop closed
[2.773s] DEBUG:colcon.colcon_parallel_executor.executor.parallel:run_until_complete finished with '0'
[2.773s] DEBUG:colcon.colcon_core.event_reactor:joining thread
[2.790s] INFO:colcon.colcon_core.plugin_system:Skipping extension 'colcon_notification.desktop_notification.notify_send': Could not find 'notify-send'
[2.790s] INFO:colcon.colcon_core.plugin_system:Skipping extension 'colcon_notification.desktop_notification.terminal_notifier': Not used on non-Darwin systems
[2.790s] INFO:colcon.colcon_core.plugin_system:Skipping extension 'colcon_notification.desktop_notification.win32': Not used on non-Windows systems
[2.790s] INFO:colcon.colcon_notification.desktop_notification:Sending desktop notification using 'notify2'
[2.790s] DEBUG:colcon.colcon_notification.desktop_notification.notify2:Failed to initialize notify2: org.freedesktop.DBus.Error.InvalidFileContent: D-Bus library appears to be incorrectly set up: see the manual page for dbus-uuidgen to correct this issue. (Failed to open "/var/lib/dbus/machine-id": No such file or directory; UUID file '/etc/machine-id' should contain a hex string of length 32, not length 0, with no other text)
[2.790s] DEBUG:colcon.colcon_core.event_reactor:joined thread
[2.791s] INFO:colcon.colcon_core.shell:Creating prefix script '/home/devel/ros_ws_t7/install/local_setup.ps1'
[2.792s] INFO:colcon.colcon_core.shell:Creating prefix util module '/home/devel/ros_ws_t7/install/_local_setup_util_ps1.py'
[2.794s] INFO:colcon.colcon_core.shell:Creating prefix chain script '/home/devel/ros_ws_t7/install/setup.ps1'
[2.797s] INFO:colcon.colcon_core.shell:Creating prefix script '/home/devel/ros_ws_t7/install/local_setup.sh'
[2.797s] INFO:colcon.colcon_core.shell:Creating prefix util module '/home/devel/ros_ws_t7/install/_local_setup_util_sh.py'
[2.798s] INFO:colcon.colcon_core.shell:Creating prefix chain script '/home/devel/ros_ws_t7/install/setup.sh'
[2.800s] INFO:colcon.colcon_core.shell:Creating prefix script '/home/devel/ros_ws_t7/install/local_setup.bash'
[2.801s] INFO:colcon.colcon_core.shell:Creating prefix chain script '/home/devel/ros_ws_t7/install/setup.bash'
[2.803s] INFO:colcon.colcon_core.shell:Creating prefix script '/home/devel/ros_ws_t7/install/local_setup.zsh'
[2.804s] INFO:colcon.colcon_core.shell:Creating prefix chain script '/home/devel/ros_ws_t7/install/setup.zsh'
