[0.382s] Invoking command in '/workspaces/workspaces/Christiano_Roboto/ainex_project/src/whole_body_control': AMENT_PREFIX_PATH=/workspaces/workspaces/Christiano_Roboto/ainex_project/install/simulator:/workspaces/workspaces/Christiano_Roboto/ainex_project/install/whole_body_control:/workspaces/workspaces/Christiano_Roboto/ainex_project/install/ainex_description:/opt/ros/rolling PYTHONPATH=/workspaces/workspaces/Christiano_Roboto/ainex_project/build/whole_body_control/prefix_override:/usr/lib/python3/dist-packages/colcon_core/task/python/colcon_distutils_commands:/workspaces/workspaces/Christiano_Roboto/ainex_project/install/whole_body_control/lib/python3.12/site-packages:/workspaces/workspaces/Christiano_Roboto/ainex_project/install/simulator/lib/python3.12/site-packages:/workspaces/workspaces/Christiano_Roboto/ainex_project/install/whole_body_control/lib/python3.12/site-packages:/opt/openrobots/lib/python3.12/site-packages:/opt/openrobots/lib/python3.12/site-packages:/opt/ros/rolling/lib/python3.12/site-packages /usr/bin/python3 -W ignore:setup.py install is deprecated -W ignore:easy_install command is deprecated setup.py egg_info --egg-base ../../build/whole_body_control build --build-base /workspaces/workspaces/Christiano_Roboto/ainex_project/build/whole_body_control/build install --record /workspaces/workspaces/Christiano_Roboto/ainex_project/build/whole_body_control/install.log --single-version-externally-managed install_data
[0.512s] running egg_info
[0.512s] creating ../../build/whole_body_control/whole_body_control.egg-info
[0.520s] writing ../../build/whole_body_control/whole_body_control.egg-info/PKG-INFO
[0.521s] writing dependency_links to ../../build/whole_body_control/whole_body_control.egg-info/dependency_links.txt
[0.521s] writing entry points to ../../build/whole_body_control/whole_body_control.egg-info/entry_points.txt
[0.521s] writing requirements to ../../build/whole_body_control/whole_body_control.egg-info/requires.txt
[0.521s] writing top-level names to ../../build/whole_body_control/whole_body_control.egg-info/top_level.txt
[0.521s] writing manifest file '../../build/whole_body_control/whole_body_control.egg-info/SOURCES.txt'
[0.838s] reading manifest file '../../build/whole_body_control/whole_body_control.egg-info/SOURCES.txt'
[0.839s] writing manifest file '../../build/whole_body_control/whole_body_control.egg-info/SOURCES.txt'
[0.839s] running build
[0.839s] running build_py
[0.839s] creating /workspaces/workspaces/Christiano_Roboto/ainex_project/build/whole_body_control/build
[0.839s] creating /workspaces/workspaces/Christiano_Roboto/ainex_project/build/whole_body_control/build/lib
[0.840s] creating /workspaces/workspaces/Christiano_Roboto/ainex_project/build/whole_body_control/build/lib/whole_body_control
[0.840s] copying whole_body_control/t52.py -> /workspaces/workspaces/Christiano_Roboto/ainex_project/build/whole_body_control/build/lib/whole_body_control
[0.840s] copying whole_body_control/t4_standing.py -> /workspaces/workspaces/Christiano_Roboto/ainex_project/build/whole_body_control/build/lib/whole_body_control
[0.840s] copying whole_body_control/tsid_wrapper.py -> /workspaces/workspaces/Christiano_Roboto/ainex_project/build/whole_body_control/build/lib/whole_body_control
[0.840s] copying whole_body_control/config.py -> /workspaces/workspaces/Christiano_Roboto/ainex_project/build/whole_body_control/build/lib/whole_body_control
[0.840s] copying whole_body_control/02_one_leg_stand.py -> /workspaces/workspaces/Christiano_Roboto/ainex_project/build/whole_body_control/build/lib/whole_body_control
[0.840s] copying whole_body_control/t51.py -> /workspaces/workspaces/Christiano_Roboto/ainex_project/build/whole_body_control/build/lib/whole_body_control
[0.840s] copying whole_body_control/01_standing.py -> /workspaces/workspaces/Christiano_Roboto/ainex_project/build/whole_body_control/build/lib/whole_body_control
[0.840s] copying whole_body_control/__init__.py -> /workspaces/workspaces/Christiano_Roboto/ainex_project/build/whole_body_control/build/lib/whole_body_control
[0.840s] copying whole_body_control/03_squating.py -> /workspaces/workspaces/Christiano_Roboto/ainex_project/build/whole_body_control/build/lib/whole_body_control
[0.841s] running install
[0.844s] running install_lib
[0.853s] creating /workspaces/workspaces/Christiano_Roboto/ainex_project/install/whole_body_control/lib/python3.12/site-packages/whole_body_control
[0.853s] copying /workspaces/workspaces/Christiano_Roboto/ainex_project/build/whole_body_control/build/lib/whole_body_control/t52.py -> /workspaces/workspaces/Christiano_Roboto/ainex_project/install/whole_body_control/lib/python3.12/site-packages/whole_body_control
[0.853s] copying /workspaces/workspaces/Christiano_Roboto/ainex_project/build/whole_body_control/build/lib/whole_body_control/t4_standing.py -> /workspaces/workspaces/Christiano_Roboto/ainex_project/install/whole_body_control/lib/python3.12/site-packages/whole_body_control
[0.853s] copying /workspaces/workspaces/Christiano_Roboto/ainex_project/build/whole_body_control/build/lib/whole_body_control/tsid_wrapper.py -> /workspaces/workspaces/Christiano_Roboto/ainex_project/install/whole_body_control/lib/python3.12/site-packages/whole_body_control
[0.854s] copying /workspaces/workspaces/Christiano_Roboto/ainex_project/build/whole_body_control/build/lib/whole_body_control/config.py -> /workspaces/workspaces/Christiano_Roboto/ainex_project/install/whole_body_control/lib/python3.12/site-packages/whole_body_control
[0.854s] copying /workspaces/workspaces/Christiano_Roboto/ainex_project/build/whole_body_control/build/lib/whole_body_control/02_one_leg_stand.py -> /workspaces/workspaces/Christiano_Roboto/ainex_project/install/whole_body_control/lib/python3.12/site-packages/whole_body_control
[0.854s] copying /workspaces/workspaces/Christiano_Roboto/ainex_project/build/whole_body_control/build/lib/whole_body_control/t51.py -> /workspaces/workspaces/Christiano_Roboto/ainex_project/install/whole_body_control/lib/python3.12/site-packages/whole_body_control
[0.854s] copying /workspaces/workspaces/Christiano_Roboto/ainex_project/build/whole_body_control/build/lib/whole_body_control/01_standing.py -> /workspaces/workspaces/Christiano_Roboto/ainex_project/install/whole_body_control/lib/python3.12/site-packages/whole_body_control
[0.854s] copying /workspaces/workspaces/Christiano_Roboto/ainex_project/build/whole_body_control/build/lib/whole_body_control/__init__.py -> /workspaces/workspaces/Christiano_Roboto/ainex_project/install/whole_body_control/lib/python3.12/site-packages/whole_body_control
[0.854s] copying /workspaces/workspaces/Christiano_Roboto/ainex_project/build/whole_body_control/build/lib/whole_body_control/03_squating.py -> /workspaces/workspaces/Christiano_Roboto/ainex_project/install/whole_body_control/lib/python3.12/site-packages/whole_body_control
[0.854s] byte-compiling /workspaces/workspaces/Christiano_Roboto/ainex_project/install/whole_body_control/lib/python3.12/site-packages/whole_body_control/t52.py to t52.cpython-312.pyc
[0.856s] byte-compiling /workspaces/workspaces/Christiano_Roboto/ainex_project/install/whole_body_control/lib/python3.12/site-packages/whole_body_control/t4_standing.py to t4_standing.cpython-312.pyc
[0.857s] byte-compiling /workspaces/workspaces/Christiano_Roboto/ainex_project/install/whole_body_control/lib/python3.12/site-packages/whole_body_control/tsid_wrapper.py to tsid_wrapper.cpython-312.pyc
[0.859s] byte-compiling /workspaces/workspaces/Christiano_Roboto/ainex_project/install/whole_body_control/lib/python3.12/site-packages/whole_body_control/config.py to config.cpython-312.pyc
[0.860s] byte-compiling /workspaces/workspaces/Christiano_Roboto/ainex_project/install/whole_body_control/lib/python3.12/site-packages/whole_body_control/02_one_leg_stand.py to 02_one_leg_stand.cpython-312.pyc
[0.860s] byte-compiling /workspaces/workspaces/Christiano_Roboto/ainex_project/install/whole_body_control/lib/python3.12/site-packages/whole_body_control/t51.py to t51.cpython-312.pyc
[0.862s] byte-compiling /workspaces/workspaces/Christiano_Roboto/ainex_project/install/whole_body_control/lib/python3.12/site-packages/whole_body_control/01_standing.py to 01_standing.cpython-312.pyc
[0.863s] byte-compiling /workspaces/workspaces/Christiano_Roboto/ainex_project/install/whole_body_control/lib/python3.12/site-packages/whole_body_control/__init__.py to __init__.cpython-312.pyc
[0.863s] byte-compiling /workspaces/workspaces/Christiano_Roboto/ainex_project/install/whole_body_control/lib/python3.12/site-packages/whole_body_control/03_squating.py to 03_squating.cpython-312.pyc
[0.864s] running install_data
[0.864s] creating /workspaces/workspaces/Christiano_Roboto/ainex_project/install/whole_body_control/share/ament_index
[0.864s] creating /workspaces/workspaces/Christiano_Roboto/ainex_project/install/whole_body_control/share/ament_index/resource_index
[0.864s] creating /workspaces/workspaces/Christiano_Roboto/ainex_project/install/whole_body_control/share/ament_index/resource_index/packages
[0.864s] copying resource/whole_body_control -> /workspaces/workspaces/Christiano_Roboto/ainex_project/install/whole_body_control/share/ament_index/resource_index/packages
[0.864s] copying package.xml -> /workspaces/workspaces/Christiano_Roboto/ainex_project/install/whole_body_control/share/whole_body_control
[0.864s] creating /workspaces/workspaces/Christiano_Roboto/ainex_project/install/whole_body_control/share/whole_body_control/launch
[0.864s] copying launch/launch.py -> /workspaces/workspaces/Christiano_Roboto/ainex_project/install/whole_body_control/share/whole_body_control/launch
[0.864s] running install_egg_info
[0.873s] Copying ../../build/whole_body_control/whole_body_control.egg-info to /workspaces/workspaces/Christiano_Roboto/ainex_project/install/whole_body_control/lib/python3.12/site-packages/whole_body_control-0.0.0-py3.12.egg-info
[0.874s] running install_scripts
[0.933s] Installing 02_one_leg_stand script to /workspaces/workspaces/Christiano_Roboto/ainex_project/install/whole_body_control/lib/whole_body_control
[0.934s] Installing 03_squating script to /workspaces/workspaces/Christiano_Roboto/ainex_project/install/whole_body_control/lib/whole_body_control
[0.934s] Installing t4_standing script to /workspaces/workspaces/Christiano_Roboto/ainex_project/install/whole_body_control/lib/whole_body_control
[0.934s] Installing t51 script to /workspaces/workspaces/Christiano_Roboto/ainex_project/install/whole_body_control/lib/whole_body_control
[0.934s] Installing t52 script to /workspaces/workspaces/Christiano_Roboto/ainex_project/install/whole_body_control/lib/whole_body_control
[0.934s] writing list of installed files to '/workspaces/workspaces/Christiano_Roboto/ainex_project/build/whole_body_control/install.log'
[0.951s] Invoked command in '/workspaces/workspaces/Christiano_Roboto/ainex_project/src/whole_body_control' returned '0': AMENT_PREFIX_PATH=/workspaces/workspaces/Christiano_Roboto/ainex_project/install/simulator:/workspaces/workspaces/Christiano_Roboto/ainex_project/install/whole_body_control:/workspaces/workspaces/Christiano_Roboto/ainex_project/install/ainex_description:/opt/ros/rolling PYTHONPATH=/workspaces/workspaces/Christiano_Roboto/ainex_project/build/whole_body_control/prefix_override:/usr/lib/python3/dist-packages/colcon_core/task/python/colcon_distutils_commands:/workspaces/workspaces/Christiano_Roboto/ainex_project/install/whole_body_control/lib/python3.12/site-packages:/workspaces/workspaces/Christiano_Roboto/ainex_project/install/simulator/lib/python3.12/site-packages:/workspaces/workspaces/Christiano_Roboto/ainex_project/install/whole_body_control/lib/python3.12/site-packages:/opt/openrobots/lib/python3.12/site-packages:/opt/openrobots/lib/python3.12/site-packages:/opt/ros/rolling/lib/python3.12/site-packages /usr/bin/python3 -W ignore:setup.py install is deprecated -W ignore:easy_install command is deprecated setup.py egg_info --egg-base ../../build/whole_body_control build --build-base /workspaces/workspaces/Christiano_Roboto/ainex_project/build/whole_body_control/build install --record /workspaces/workspaces/Christiano_Roboto/ainex_project/build/whole_body_control/install.log --single-version-externally-managed install_data
