[0.014s] Invoking command in '/home/devel/ros_ws_t7/build/simulator': CMAKE_PREFIX_PATH=${CMAKE_PREFIX_PATH}:/opt/ros/rolling VIRTUAL_ENV_PROMPT=(env) /usr/bin/cmake --build /home/devel/ros_ws_t7/build/simulator -- -j16 -l16
[0.149s] Built target ament_cmake_python_copy_simulator
[0.190s] running egg_info
[0.195s] writing simulator.egg-info/PKG-INFO
[0.195s] writing dependency_links to simulator.egg-info/dependency_links.txt
[0.196s] writing top-level names to simulator.egg-info/top_level.txt
[0.214s] reading manifest file 'simulator.egg-info/SOURCES.txt'
[0.215s] writing manifest file 'simulator.egg-info/SOURCES.txt'
[0.235s] Built target ament_cmake_python_build_simulator_egg
[0.301s] Invoked command in '/home/devel/ros_ws_t7/build/simulator' returned '0': CMAKE_PREFIX_PATH=${CMAKE_PREFIX_PATH}:/opt/ros/rolling VIRTUAL_ENV_PROMPT=(env) /usr/bin/cmake --build /home/devel/ros_ws_t7/build/simulator -- -j16 -l16
[0.302s] Invoking command in '/home/devel/ros_ws_t7/build/simulator': CMAKE_PREFIX_PATH=${CMAKE_PREFIX_PATH}:/opt/ros/rolling VIRTUAL_ENV_PROMPT=(env) /usr/bin/cmake --install /home/devel/ros_ws_t7/build/simulator
[0.310s] -- Install configuration: ""
[0.311s] -- Up-to-date: /home/devel/ros_ws_t7/install/simulator/share/simulator/environment/pythonpath.sh
[0.311s] -- Up-to-date: /home/devel/ros_ws_t7/install/simulator/share/simulator/environment/pythonpath.dsv
[0.311s] -- Up-to-date: /home/devel/ros_ws_t7/install/simulator/lib/python3.12/site-packages/simulator-0.0.0-py3.12.egg-info
[0.311s] -- Installing: /home/devel/ros_ws_t7/install/simulator/lib/python3.12/site-packages/simulator-0.0.0-py3.12.egg-info/PKG-INFO
[0.311s] -- Installing: /home/devel/ros_ws_t7/install/simulator/lib/python3.12/site-packages/simulator-0.0.0-py3.12.egg-info/SOURCES.txt
[0.311s] -- Installing: /home/devel/ros_ws_t7/install/simulator/lib/python3.12/site-packages/simulator-0.0.0-py3.12.egg-info/dependency_links.txt
[0.311s] -- Installing: /home/devel/ros_ws_t7/install/simulator/lib/python3.12/site-packages/simulator-0.0.0-py3.12.egg-info/top_level.txt
[0.311s] -- Up-to-date: /home/devel/ros_ws_t7/install/simulator/lib/python3.12/site-packages/simulator
[0.311s] -- Up-to-date: /home/devel/ros_ws_t7/install/simulator/lib/python3.12/site-packages/simulator/objects.py
[0.311s] -- Up-to-date: /home/devel/ros_ws_t7/install/simulator/lib/python3.12/site-packages/simulator/body.py
[0.311s] -- Up-to-date: /home/devel/ros_ws_t7/install/simulator/lib/python3.12/site-packages/simulator/__init__.py
[0.312s] -- Up-to-date: /home/devel/ros_ws_t7/install/simulator/lib/python3.12/site-packages/simulator/robot.py
[0.312s] -- Up-to-date: /home/devel/ros_ws_t7/install/simulator/lib/python3.12/site-packages/simulator/utilities.py
[0.312s] -- Up-to-date: /home/devel/ros_ws_t7/install/simulator/lib/python3.12/site-packages/simulator/pybullet_wrapper.py
[0.338s] Listing '/home/devel/ros_ws_t7/install/simulator/lib/python3.12/site-packages/simulator'...
[0.341s] -- Up-to-date: /home/devel/ros_ws_t7/install/simulator/share/ament_index/resource_index/package_run_dependencies/simulator
[0.341s] -- Up-to-date: /home/devel/ros_ws_t7/install/simulator/share/ament_index/resource_index/parent_prefix_path/simulator
[0.341s] -- Up-to-date: /home/devel/ros_ws_t7/install/simulator/share/simulator/environment/ament_prefix_path.sh
[0.341s] -- Up-to-date: /home/devel/ros_ws_t7/install/simulator/share/simulator/environment/ament_prefix_path.dsv
[0.342s] -- Up-to-date: /home/devel/ros_ws_t7/install/simulator/share/simulator/environment/path.sh
[0.342s] -- Up-to-date: /home/devel/ros_ws_t7/install/simulator/share/simulator/environment/path.dsv
[0.342s] -- Up-to-date: /home/devel/ros_ws_t7/install/simulator/share/simulator/local_setup.bash
[0.342s] -- Up-to-date: /home/devel/ros_ws_t7/install/simulator/share/simulator/local_setup.sh
[0.342s] -- Up-to-date: /home/devel/ros_ws_t7/install/simulator/share/simulator/local_setup.zsh
[0.342s] -- Up-to-date: /home/devel/ros_ws_t7/install/simulator/share/simulator/local_setup.dsv
[0.342s] -- Installing: /home/devel/ros_ws_t7/install/simulator/share/simulator/package.dsv
[0.342s] -- Up-to-date: /home/devel/ros_ws_t7/install/simulator/share/ament_index/resource_index/packages/simulator
[0.342s] -- Up-to-date: /home/devel/ros_ws_t7/install/simulator/share/simulator/cmake/simulatorConfig.cmake
[0.342s] -- Up-to-date: /home/devel/ros_ws_t7/install/simulator/share/simulator/cmake/simulatorConfig-version.cmake
[0.342s] -- Up-to-date: /home/devel/ros_ws_t7/install/simulator/share/simulator/package.xml
[0.343s] Invoked command in '/home/devel/ros_ws_t7/build/simulator' returned '0': CMAKE_PREFIX_PATH=${CMAKE_PREFIX_PATH}:/opt/ros/rolling VIRTUAL_ENV_PROMPT=(env) /usr/bin/cmake --install /home/devel/ros_ws_t7/build/simulator
