[0.674s] Invoking command in '/home/devel/ros_ws_t7/src/interactiveMarkerNode': PYTHONPATH=/home/devel/ros_ws_t7/build/interactiveMarkerNode/prefix_override:/usr/lib/python3/dist-packages/colcon_core/task/python/colcon_distutils_commands:/home/devel/ros_ws_t7/install/interactiveMarkerNode/lib/python3.12/site-packages:${PYTHONPATH} VIRTUAL_ENV_PROMPT=(env) /usr/bin/python3 -W ignore:setup.py install is deprecated -W ignore:easy_install command is deprecated setup.py egg_info --egg-base ../../build/interactiveMarkerNode build --build-base /home/devel/ros_ws_t7/build/interactiveMarkerNode/build install --record /home/devel/ros_ws_t7/build/interactiveMarkerNode/install.log --install-scripts $base/lib/interactiveMarkerNode --single-version-externally-managed install_data
[0.756s] /usr/lib/python3/dist-packages/setuptools/dist.py:744: SetuptoolsDeprecationWarning: Invalid dash-separated options
[0.756s] !!
[0.756s] 
[0.756s]         ********************************************************************************
[0.756s]         Usage of dash-separated 'script-dir' will not be supported in future
[0.756s]         versions. Please use the underscore name 'script_dir' instead.
[0.756s] 
[0.756s]         This deprecation is overdue, please update your project and remove deprecated
[0.756s]         calls to avoid build errors in the future.
[0.756s] 
[0.756s]         See https://setuptools.pypa.io/en/latest/userguide/declarative_config.html for details.
[0.757s]         ********************************************************************************
[0.757s] 
[0.757s] !!
[0.757s]   opt = self.warn_dash_deprecation(opt, section)
[0.828s] running egg_info
[0.836s] writing ../../build/interactiveMarkerNode/interactiveMarkerNode.egg-info/PKG-INFO
[0.837s] writing dependency_links to ../../build/interactiveMarkerNode/interactiveMarkerNode.egg-info/dependency_links.txt
[0.837s] writing entry points to ../../build/interactiveMarkerNode/interactiveMarkerNode.egg-info/entry_points.txt
[0.837s] writing requirements to ../../build/interactiveMarkerNode/interactiveMarkerNode.egg-info/requires.txt
[0.837s] writing top-level names to ../../build/interactiveMarkerNode/interactiveMarkerNode.egg-info/top_level.txt
[0.875s] ERROR setuptools_scm._file_finders.git listing git files failed - pretending there aren't any
[0.961s] reading manifest file '../../build/interactiveMarkerNode/interactiveMarkerNode.egg-info/SOURCES.txt'
[0.962s] writing manifest file '../../build/interactiveMarkerNode/interactiveMarkerNode.egg-info/SOURCES.txt'
[0.962s] running build
[0.962s] running build_py
[0.962s] running install
[0.965s] running install_lib
[0.975s] running install_data
[0.975s] running install_egg_info
[0.984s] removing '/home/devel/ros_ws_t7/install/interactiveMarkerNode/lib/python3.12/site-packages/interactiveMarkerNode-0.1.0-py3.12.egg-info' (and everything under it)
[0.984s] Copying ../../build/interactiveMarkerNode/interactiveMarkerNode.egg-info to /home/devel/ros_ws_t7/install/interactiveMarkerNode/lib/python3.12/site-packages/interactiveMarkerNode-0.1.0-py3.12.egg-info
[0.985s] running install_scripts
[1.050s] Installing interactiveMarkerNode script to /home/devel/ros_ws_t7/install/interactiveMarkerNode/lib/interactiveMarkerNode
[1.050s] writing list of installed files to '/home/devel/ros_ws_t7/build/interactiveMarkerNode/install.log'
[1.067s] Invoked command in '/home/devel/ros_ws_t7/src/interactiveMarkerNode' returned '0': PYTHONPATH=/home/devel/ros_ws_t7/build/interactiveMarkerNode/prefix_override:/usr/lib/python3/dist-packages/colcon_core/task/python/colcon_distutils_commands:/home/devel/ros_ws_t7/install/interactiveMarkerNode/lib/python3.12/site-packages:${PYTHONPATH} VIRTUAL_ENV_PROMPT=(env) /usr/bin/python3 -W ignore:setup.py install is deprecated -W ignore:easy_install command is deprecated setup.py egg_info --egg-base ../../build/interactiveMarkerNode build --build-base /home/devel/ros_ws_t7/build/interactiveMarkerNode/build install --record /home/devel/ros_ws_t7/build/interactiveMarkerNode/install.log --install-scripts $base/lib/interactiveMarkerNode --single-version-externally-managed install_data
