[0.019s] Invoking command in '/home/devel/ros_ws_t7/build/reemc_description': CMAKE_PREFIX_PATH=${CMAKE_PREFIX_PATH}:/home/devel/ros_ws_t5/install/bullet_sims:/home/devel/ros_ws_t5/install/ros_visuals:/home/devel/ros_ws_t5/install/interactiveMarkerNode:/home/devel/ros_ws_t7/install/bullet_sims:/home/devel/ros_ws_t7/install/ros_visuals:/home/devel/ros_ws_t7/install/interactiveMarkerNode:/opt/ros/rolling PS1=\[\e]0;\u@\h: \w\a\]${debian_chroot:+($debian_chroot)}\[\033[01;32m\]\u@\h\[\033[00m\]:\[\033[01;34m\]\w\[\033[00m\]\$ /usr/bin/cmake /home/devel/ros_ws_t7/src/reemc_description -DCMAKE_INSTALL_PREFIX=/home/devel/ros_ws_t7/install/reemc_description
[0.152s] -- Found ament_cmake: 2.7.2 (/opt/ros/rolling/share/ament_cmake/cmake)
[0.158s] -- Found ament_lint_auto: 0.19.1 (/opt/ros/rolling/share/ament_lint_auto/cmake)
[0.170s] Traceback (most recent call last):
[0.170s]   File "/opt/ros/rolling/share/ament_cmake_core/cmake/core/package_xml_2_cmake.py", line 22, in <module>
[0.170s]     from catkin_pkg.package import parse_package_string
[0.170s] ModuleNotFoundError: No module named 'catkin_pkg'
[0.172s] [31mCMake Error at /opt/ros/rolling/share/ament_cmake_core/cmake/core/ament_package_xml.cmake:95 (message):
[0.172s]   execute_process(/home/devel/env/bin/python3
[0.172s]   /opt/ros/rolling/share/ament_cmake_core/cmake/core/package_xml_2_cmake.py
[0.172s]   /home/devel/ros_ws_t7/src/reemc_description/package.xml
[0.172s]   /home/devel/ros_ws_t7/build/reemc_description/ament_cmake_core/package.cmake)
[0.172s]   returned error code 1
[0.172s] Call Stack (most recent call first):
[0.172s]   /opt/ros/rolling/share/ament_cmake_core/cmake/core/ament_package_xml.cmake:49 (_ament_package_xml)
[0.172s]   /opt/ros/rolling/share/ament_cmake_core/cmake/core/ament_package.cmake:63 (ament_package_xml)
[0.173s]   CMakeLists.txt:18 (ament_package)
[0.173s] 
[0.173s] [0m
[0.173s] -- Configuring incomplete, errors occurred!
[0.283s] Invoked command in '/home/devel/ros_ws_t7/build/reemc_description' returned '1': CMAKE_PREFIX_PATH=${CMAKE_PREFIX_PATH}:/home/devel/ros_ws_t5/install/bullet_sims:/home/devel/ros_ws_t5/install/ros_visuals:/home/devel/ros_ws_t5/install/interactiveMarkerNode:/home/devel/ros_ws_t7/install/bullet_sims:/home/devel/ros_ws_t7/install/ros_visuals:/home/devel/ros_ws_t7/install/interactiveMarkerNode:/opt/ros/rolling PS1=\[\e]0;\u@\h: \w\a\]${debian_chroot:+($debian_chroot)}\[\033[01;32m\]\u@\h\[\033[00m\]:\[\033[01;34m\]\w\[\033[00m\]\$ /usr/bin/cmake /home/devel/ros_ws_t7/src/reemc_description -DCMAKE_INSTALL_PREFIX=/home/devel/ros_ws_t7/install/reemc_description
