[0.463s] Invoking command in '/home/devel/ros_ws_t7/src/bullet_sims': PYTHONPATH=/home/devel/ros_ws_t7/build/bullet_sims/prefix_override:/usr/lib/python3/dist-packages/colcon_core/task/python/colcon_distutils_commands:/home/devel/ros_ws_t7/install/bullet_sims/lib/python3.12/site-packages:/home/devel/ros_ws_t7/install/simulator/lib/python3.12/site-packages:/home/devel/ros_ws_t7/install/bullet_sims/lib/python3.12/site-packages:/home/devel/ros_ws_t7/install/ros_visuals/lib/python3.12/site-packages:/home/devel/ros_ws_t7/install/interactiveMarkerNode/lib/python3.12/site-packages:/home/devel/ros_ws_t5/install/bullet_sims/lib/python3.12/site-packages:/home/devel/ros_ws_t5/install/simulator/lib/python3.12/site-packages:/home/devel/ros_ws_t5/install/ros_visuals/lib/python3.12/site-packages:/home/devel/ros_ws_t5/install/interactiveMarkerNode/lib/python3.12/site-packages:/home/devel/ros_ws_t4/install/bullet_sims/lib/python3.12/site-packages:/home/devel/ros_ws_t4/install/simulator/lib/python3.12/site-packages:/home/devel/ros_ws_t4/install/ros_visuals/lib/python3.12/site-packages:/home/devel/ros_ws_t4/install/interactiveMarkerNode/lib/python3.12/site-packages:/opt/openrobots/lib/python3.12/site-packages:/opt/openrobots/lib/python3.12/site-packages:/opt/ros/rolling/lib/python3.12/site-packages VIRTUAL_ENV_PROMPT=(env) /usr/bin/python3 -W ignore:setup.py install is deprecated -W ignore:easy_install command is deprecated setup.py egg_info --egg-base ../../build/bullet_sims build --build-base /home/devel/ros_ws_t7/build/bullet_sims/build install --record /home/devel/ros_ws_t7/build/bullet_sims/install.log --single-version-externally-managed install_data
[0.618s] running egg_info
[0.627s] writing ../../build/bullet_sims/bullet_sims.egg-info/PKG-INFO
[0.627s] writing dependency_links to ../../build/bullet_sims/bullet_sims.egg-info/dependency_links.txt
[0.627s] writing entry points to ../../build/bullet_sims/bullet_sims.egg-info/entry_points.txt
[0.627s] writing requirements to ../../build/bullet_sims/bullet_sims.egg-info/requires.txt
[0.627s] writing top-level names to ../../build/bullet_sims/bullet_sims.egg-info/top_level.txt
[0.667s] ERROR setuptools_scm._file_finders.git listing git files failed - pretending there aren't any
[0.758s] reading manifest file '../../build/bullet_sims/bullet_sims.egg-info/SOURCES.txt'
[0.758s] writing manifest file '../../build/bullet_sims/bullet_sims.egg-info/SOURCES.txt'
[0.759s] running build
[0.759s] running build_py
[0.759s] copying bullet_sims/tsid_wrapper.py -> /home/devel/ros_ws_t7/build/bullet_sims/build/lib/bullet_sims
[0.759s] copying bullet_sims/test.py -> /home/devel/ros_ws_t7/build/bullet_sims/build/lib/bullet_sims
[0.759s] running install
[0.763s] running install_lib
[0.773s] copying /home/devel/ros_ws_t7/build/bullet_sims/build/lib/bullet_sims/tsid_wrapper.py -> /home/devel/ros_ws_t7/install/bullet_sims/lib/python3.12/site-packages/bullet_sims
[0.773s] copying /home/devel/ros_ws_t7/build/bullet_sims/build/lib/bullet_sims/test.py -> /home/devel/ros_ws_t7/install/bullet_sims/lib/python3.12/site-packages/bullet_sims
[0.774s] byte-compiling /home/devel/ros_ws_t7/install/bullet_sims/lib/python3.12/site-packages/bullet_sims/tsid_wrapper.py to tsid_wrapper.cpython-312.pyc
[0.778s] byte-compiling /home/devel/ros_ws_t7/install/bullet_sims/lib/python3.12/site-packages/bullet_sims/test.py to test.cpython-312.pyc
[0.779s] running install_data
[0.779s] running install_egg_info
[0.788s] removing '/home/devel/ros_ws_t7/install/bullet_sims/lib/python3.12/site-packages/bullet_sims-0.0.1-py3.12.egg-info' (and everything under it)
[0.788s] Copying ../../build/bullet_sims/bullet_sims.egg-info to /home/devel/ros_ws_t7/install/bullet_sims/lib/python3.12/site-packages/bullet_sims-0.0.1-py3.12.egg-info
[0.789s] running install_scripts
[0.852s] Installing foot_trajectory script to /home/devel/ros_ws_t7/install/bullet_sims/lib/bullet_sims
[0.852s] Installing footstep_planner script to /home/devel/ros_ws_t7/install/bullet_sims/lib/bullet_sims
[0.852s] Installing talos script to /home/devel/ros_ws_t7/install/bullet_sims/lib/bullet_sims
[0.852s] Installing test script to /home/devel/ros_ws_t7/install/bullet_sims/lib/bullet_sims
[0.852s] writing list of installed files to '/home/devel/ros_ws_t7/build/bullet_sims/install.log'
[0.871s] Invoked command in '/home/devel/ros_ws_t7/src/bullet_sims' returned '0': PYTHONPATH=/home/devel/ros_ws_t7/build/bullet_sims/prefix_override:/usr/lib/python3/dist-packages/colcon_core/task/python/colcon_distutils_commands:/home/devel/ros_ws_t7/install/bullet_sims/lib/python3.12/site-packages:/home/devel/ros_ws_t7/install/simulator/lib/python3.12/site-packages:/home/devel/ros_ws_t7/install/bullet_sims/lib/python3.12/site-packages:/home/devel/ros_ws_t7/install/ros_visuals/lib/python3.12/site-packages:/home/devel/ros_ws_t7/install/interactiveMarkerNode/lib/python3.12/site-packages:/home/devel/ros_ws_t5/install/bullet_sims/lib/python3.12/site-packages:/home/devel/ros_ws_t5/install/simulator/lib/python3.12/site-packages:/home/devel/ros_ws_t5/install/ros_visuals/lib/python3.12/site-packages:/home/devel/ros_ws_t5/install/interactiveMarkerNode/lib/python3.12/site-packages:/home/devel/ros_ws_t4/install/bullet_sims/lib/python3.12/site-packages:/home/devel/ros_ws_t4/install/simulator/lib/python3.12/site-packages:/home/devel/ros_ws_t4/install/ros_visuals/lib/python3.12/site-packages:/home/devel/ros_ws_t4/install/interactiveMarkerNode/lib/python3.12/site-packages:/opt/openrobots/lib/python3.12/site-packages:/opt/openrobots/lib/python3.12/site-packages:/opt/ros/rolling/lib/python3.12/site-packages VIRTUAL_ENV_PROMPT=(env) /usr/bin/python3 -W ignore:setup.py install is deprecated -W ignore:easy_install command is deprecated setup.py egg_info --egg-base ../../build/bullet_sims build --build-base /home/devel/ros_ws_t7/build/bullet_sims/build install --record /home/devel/ros_ws_t7/build/bullet_sims/install.log --single-version-externally-managed install_data
